ERROR - 2022-12-22 08:26:48 --> Unknown column 'Title' in 'field list'
ERROR - 2022-12-22 08:34:53 --> You have an error in your SQL syntax; check the manual that corresponds to your MariaDB server version for the right syntax to use near '`Office]` = 0, `permissions` = 'dev,banned_list,housing_director,admins,admin...' at line 1
ERROR - 2022-12-22 08:38:47 --> You have an error in your SQL syntax; check the manual that corresponds to your MariaDB server version for the right syntax to use near '`Office}` = 0, `permissions` = 'dev,banned_list,housing_director,admins,admin...' at line 1
ERROR - 2022-12-22 08:38:59 --> Unknown column '{Central`Office}' in 'field list'
ERROR - 2022-12-22 08:39:17 --> You have an error in your SQL syntax; check the manual that corresponds to your MariaDB server version for the right syntax to use near '= 0, `permissions` = 'dev,banned_list,housing_director,admins,adminSection,gr...' at line 1
ERROR - 2022-12-22 09:27:05 --> Unknown column 'Title' in 'field list'
ERROR - 2022-12-22 09:27:11 --> You have an error in your SQL syntax; check the manual that corresponds to your MariaDB server version for the right syntax to use near '= 0, `permissions` = 'dev,banned_list,housing_director,admins,adminSection,gr...' at line 1
ERROR - 2022-12-22 09:28:09 --> You have an error in your SQL syntax; check the manual that corresponds to your MariaDB server version for the right syntax to use near '`Office` = 0, `permissions` = 'dev,banned_list,housing_director,admins,adminS...' at line 1
ERROR - 2022-12-22 09:28:26 --> Unknown column 'Central`~`Office' in 'field list'
ERROR - 2022-12-22 09:28:45 --> Unknown column 'Central`Office' in 'field list'
ERROR - 2022-12-22 09:29:11 --> Unknown column 'Central~Office' in 'field list'
ERROR - 2022-12-22 09:31:30 --> Unknown column 'Central~Office' in 'field list'
ERROR - 2022-12-22 09:32:34 --> Unknown column 'Title' in 'field list'
ERROR - 2022-12-22 09:33:17 --> Unknown column 'Title' in 'field list'
ERROR - 2022-12-22 09:44:29 --> Unknown column 'Central~Office' in 'field list'
ERROR - 2022-12-22 09:44:37 --> Unknown column 'Title' in 'field list'
ERROR - 2022-12-22 09:44:38 --> Unknown column 'Central~Office' in 'field list'
ERROR - 2022-12-22 09:46:55 --> You have an error in your SQL syntax; check the manual that corresponds to your MariaDB server version for the right syntax to use near '(1)Office = 0, `permissions` = 'dev,banned_list,housing_director,admins,admin...' at line 1
ERROR - 2022-12-22 09:47:04 --> You have an error in your SQL syntax; check the manual that corresponds to your MariaDB server version for the right syntax to use near '[SPACE(1)]Office = 0, `permissions` = 'dev,banned_list,housing_director,admin...' at line 1
ERROR - 2022-12-22 09:47:26 --> You have an error in your SQL syntax; check the manual that corresponds to your MariaDB server version for the right syntax to use near '= 0, `permissions` = 'dev,banned_list,housing_director,admins,adminSection,gr...' at line 1
ERROR - 2022-12-22 09:47:37 --> You have an error in your SQL syntax; check the manual that corresponds to your MariaDB server version for the right syntax to use near '[SPACE(1)]Office = 0, `permissions` = 'dev,banned_list,housing_director,admin...' at line 1
ERROR - 2022-12-22 09:47:46 --> You have an error in your SQL syntax; check the manual that corresponds to your MariaDB server version for the right syntax to use near '[SPACE(1)] Office = 0, `permissions` = 'dev,banned_list,housing_director,admi...' at line 1
ERROR - 2022-12-22 09:47:49 --> You have an error in your SQL syntax; check the manual that corresponds to your MariaDB server version for the right syntax to use near '[SPACE(1)] Office = 0, `permissions` = 'dev,banned_list,housing_director,admi...' at line 1
ERROR - 2022-12-22 09:48:02 --> You have an error in your SQL syntax; check the manual that corresponds to your MariaDB server version for the right syntax to use near '`Office` = 0, `permissions` = 'dev,banned_list,housing_director,admins,adminS...' at line 1
ERROR - 2022-12-22 09:48:14 --> You have an error in your SQL syntax; check the manual that corresponds to your MariaDB server version for the right syntax to use near '`Office` = 0, `permissions` = 'dev,banned_list,housing_director,admins,adminS...' at line 1
ERROR - 2022-12-22 09:48:22 --> Unknown column 'Central[]Office' in 'field list'
ERROR - 2022-12-22 09:48:53 --> You have an error in your SQL syntax; check the manual that corresponds to your MariaDB server version for the right syntax to use near '`Office` = 0, `permissions` = 'dev,banned_list,housing_director,admins,adminS...' at line 1
ERROR - 2022-12-22 09:49:00 --> Unknown column 'CentralOffice' in 'field list'
CRITICAL - 2022-12-22 09:49:15 --> Call to undefined function App\Models\SPACE()
in APPPATH\Models\Update_model.php on line 340.
 1 APPPATH\Controllers\Home.php(183): App\Models\Update_Model->updateUser([...])
 2 SYSTEMPATH\CodeIgniter.php(896): App\Controllers\Home->submitUpdate()
 3 SYSTEMPATH\CodeIgniter.php(466): CodeIgniter\CodeIgniter->runController(Object(App\Controllers\Home))
 4 SYSTEMPATH\CodeIgniter.php(349): CodeIgniter\CodeIgniter->handleRequest(null, Object(Config\Cache), false)
 5 FCPATH\index.php(55): CodeIgniter\CodeIgniter->run()
ERROR - 2022-12-22 09:51:28 --> Unknown column 'Central%sOffice' in 'field list'
ERROR - 2022-12-22 09:53:02 --> You have an error in your SQL syntax; check the manual that corresponds to your MariaDB server version for the right syntax to use near '`Office` = 0, `permissions` = 'dev,banned_list,housing_director,admins,adminS...' at line 1
ERROR - 2022-12-22 09:53:15 --> You have an error in your SQL syntax; check the manual that corresponds to your MariaDB server version for the right syntax to use near '`Office` = 0, `permissions` = 'dev,banned_list,housing_director,admins,adminS...' at line 1
ERROR - 2022-12-22 09:53:22 --> You have an error in your SQL syntax; check the manual that corresponds to your MariaDB server version for the right syntax to use near '`Office` = 0, `permissions` = 'dev,banned_list,housing_director,admins,adminS...' at line 1
ERROR - 2022-12-22 09:53:38 --> You have an error in your SQL syntax; check the manual that corresponds to your MariaDB server version for the right syntax to use near '`Office` = 0, `permissions` = 'dev,banned_list,housing_director,admins,adminS...' at line 1
ERROR - 2022-12-22 09:53:43 --> You have an error in your SQL syntax; check the manual that corresponds to your MariaDB server version for the right syntax to use near '`Office` = 0, `permissions` = 'dev,banned_list,housing_director,admins,adminS...' at line 1
ERROR - 2022-12-22 09:54:03 --> You have an error in your SQL syntax; check the manual that corresponds to your MariaDB server version for the right syntax to use near '`Office` = 0, `permissions` = 'dev,banned_list,housing_director,admins,adminS...' at line 1
ERROR - 2022-12-22 09:54:16 --> Unknown column 'Central\Office' in 'field list'
ERROR - 2022-12-22 09:54:23 --> Unknown column 'Central\Office' in 'field list'
ERROR - 2022-12-22 09:54:43 --> You have an error in your SQL syntax; check the manual that corresponds to your MariaDB server version for the right syntax to use near ''\'Office = 0, `permissions` = 'dev,banned_list,housing_director,admins,admin...' at line 1
ERROR - 2022-12-22 09:54:52 --> You have an error in your SQL syntax; check the manual that corresponds to your MariaDB server version for the right syntax to use near ''Office = 0, `permissions` = 'dev,banned_list,housing_director,admins,adminSe...' at line 1
ERROR - 2022-12-22 09:55:01 --> You have an error in your SQL syntax; check the manual that corresponds to your MariaDB server version for the right syntax to use near '''Office = 0, `permissions` = 'dev,banned_list,housing_director,admins,adminS...' at line 1
ERROR - 2022-12-22 09:55:12 --> You have an error in your SQL syntax; check the manual that corresponds to your MariaDB server version for the right syntax to use near '`Office` = 0, `permissions` = 'dev,banned_list,housing_director,admins,adminS...' at line 1
ERROR - 2022-12-22 09:55:28 --> You have an error in your SQL syntax; check the manual that corresponds to your MariaDB server version for the right syntax to use near '`Central' at line 1
ERROR - 2022-12-22 09:55:35 --> You have an error in your SQL syntax; check the manual that corresponds to your MariaDB server version for the right syntax to use near '`Central ' at line 1
ERROR - 2022-12-22 09:55:49 --> You have an error in your SQL syntax; check the manual that corresponds to your MariaDB server version for the right syntax to use near '`' at line 1
ERROR - 2022-12-22 09:55:59 --> You have an error in your SQL syntax; check the manual that corresponds to your MariaDB server version for the right syntax to use near '`Central' at line 1
ERROR - 2022-12-22 09:56:08 --> You have an error in your SQL syntax; check the manual that corresponds to your MariaDB server version for the right syntax to use near ''' at line 1
ERROR - 2022-12-22 09:56:23 --> Unknown column 'Central\x00Office' in 'field list'
ERROR - 2022-12-22 09:56:31 --> You have an error in your SQL syntax; check the manual that corresponds to your MariaDB server version for the right syntax to use near '`Office` = 0, `permissions` = 'dev,banned_list,housing_director,admins,adminS...' at line 1
ERROR - 2022-12-22 09:56:38 --> Unknown column 'Central~Office' in 'field list'
ERROR - 2022-12-22 09:56:46 --> Unknown column 'Central`Office' in 'field list'
ERROR - 2022-12-22 09:56:58 --> You have an error in your SQL syntax; check the manual that corresponds to your MariaDB server version for the right syntax to use near '`Office` = 0, `permissions` = 'dev,banned_list,housing_director,admins,adminS...' at line 1
ERROR - 2022-12-22 09:57:09 --> You have an error in your SQL syntax; check the manual that corresponds to your MariaDB server version for the right syntax to use near '"Office = 0, `permissions` = 'dev,banned_list,housing_director,admins,adminSe...' at line 1
ERROR - 2022-12-22 09:57:29 --> You have an error in your SQL syntax; check the manual that corresponds to your MariaDB server version for the right syntax to use near '= 0, `permissions` = 'dev,banned_list,housing_director,admins,adminSection,gr...' at line 1
ERROR - 2022-12-22 09:58:07 --> Unknown column 'Central\Office' in 'field list'
ERROR - 2022-12-22 09:58:16 --> Unknown column 'Central__Office' in 'field list'
ERROR - 2022-12-22 09:58:25 --> You have an error in your SQL syntax; check the manual that corresponds to your MariaDB server version for the right syntax to use near '`Office` = 0, `permissions` = 'dev,banned_list,housing_director,admins,admin...' at line 1
ERROR - 2022-12-22 09:58:39 --> You have an error in your SQL syntax; check the manual that corresponds to your MariaDB server version for the right syntax to use near '`\x1aOffice` = 0, `permissions` = 'dev,banned_list,housing_director,admins,ad...' at line 1
ERROR - 2022-12-22 09:58:48 --> You have an error in your SQL syntax; check the manual that corresponds to your MariaDB server version for the right syntax to use near '`Office` = 0, `permissions` = 'dev,banned_list,housing_director,admins,admin...' at line 1
ERROR - 2022-12-22 10:00:33 --> You have an error in your SQL syntax; check the manual that corresponds to your MariaDB server version for the right syntax to use near '`Office` = 0, `permissions` = 'dev,banned_list,housing_director,admins,adminS...' at line 1
ERROR - 2022-12-22 10:01:14 --> You have an error in your SQL syntax; check the manual that corresponds to your MariaDB server version for the right syntax to use near '`Office` = 0, `permissions` = 'dev,banned_list,housing_director,admins,adminS...' at line 1
ERROR - 2022-12-22 10:01:37 --> You have an error in your SQL syntax; check the manual that corresponds to your MariaDB server version for the right syntax to use near '`Central' at line 1
ERROR - 2022-12-22 10:01:46 --> You have an error in your SQL syntax; check the manual that corresponds to your MariaDB server version for the right syntax to use near '`Central ' at line 1
ERROR - 2022-12-22 10:02:13 --> You have an error in your SQL syntax; check the manual that corresponds to your MariaDB server version for the right syntax to use near '`Office` = 0, `permissions` = 'dev,banned_list,housing_director,admins,adminS...' at line 1
ERROR - 2022-12-22 10:02:24 --> Unknown column 'CentralOffice' in 'field list'
ERROR - 2022-12-22 10:02:35 --> Unknown column 'Central_\_Office' in 'field list'
ERROR - 2022-12-22 10:04:48 --> You have an error in your SQL syntax; check the manual that corresponds to your MariaDB server version for the right syntax to use near '{'Central Office'} = 0, `permissions` = 'dev,banned_list,housing_director,adm...' at line 1
ERROR - 2022-12-22 10:05:29 --> You have an error in your SQL syntax; check the manual that corresponds to your MariaDB server version for the right syntax to use near '= 0, `permissions` = 'dev,banned_list,housing_director,admins,adminSection,gr...' at line 1
ERROR - 2022-12-22 10:06:03 --> You have an error in your SQL syntax; check the manual that corresponds to your MariaDB server version for the right syntax to use near '`Office"}` = 0, `permissions` = 'dev,banned_list,housing_director,admins,admi...' at line 1
ERROR - 2022-12-22 10:06:14 --> You have an error in your SQL syntax; check the manual that corresponds to your MariaDB server version for the right syntax to use near '`Office}` = 0, `permissions` = 'dev,banned_list,housing_director,admins,admin...' at line 1
ERROR - 2022-12-22 10:06:24 --> You have an error in your SQL syntax; check the manual that corresponds to your MariaDB server version for the right syntax to use near '`Office}` = 0, `permissions` = 'dev,banned_list,housing_director,admins,admin...' at line 1
ERROR - 2022-12-22 10:06:55 --> You have an error in your SQL syntax; check the manual that corresponds to your MariaDB server version for the right syntax to use near '{'Central Office'} = 0, `permissions` = 'dev,banned_list,housing_director,adm...' at line 1
ERROR - 2022-12-22 10:09:05 --> You have an error in your SQL syntax; check the manual that corresponds to your MariaDB server version for the right syntax to use near '= 0, `permissions` = 'dev,banned_list,housing_director,admins,adminSection,gr...' at line 1
ERROR - 2022-12-22 10:09:15 --> You have an error in your SQL syntax; check the manual that corresponds to your MariaDB server version for the right syntax to use near '`Office` = 0, `permissions` = 'dev,banned_list,housing_director,admins,adminS...' at line 1
ERROR - 2022-12-22 10:11:33 --> Unknown column 'Central_Office' in 'field list'
ERROR - 2022-12-22 10:14:16 --> You have an error in your SQL syntax; check the manual that corresponds to your MariaDB server version for the right syntax to use near '`Office` = 0, `permissions` = 'dev,banned_list,housing_director,admins,adminS...' at line 1
ERROR - 2022-12-22 10:21:23 --> You have an error in your SQL syntax; check the manual that corresponds to your MariaDB server version for the right syntax to use near '`Office` = 0, `permissions` = 'dev,banned_list,housing_director,admins,adminS...' at line 1
ERROR - 2022-12-22 10:24:57 --> You have an error in your SQL syntax; check the manual that corresponds to your MariaDB server version for the right syntax to use near 'UPDATE `auth` SET `hallid` = '7', `job` = '61', `auth_level` = '0', `form_acc...' at line 1
ERROR - 2022-12-22 10:25:54 --> You have an error in your SQL syntax; check the manual that corresponds to your MariaDB server version for the right syntax to use near 'UPDATE `auth` SET `hallid` = '7', `job` = '61', `auth_level` = '0', `form_acc...' at line 1
ERROR - 2022-12-22 10:26:09 --> You have an error in your SQL syntax; check the manual that corresponds to your MariaDB server version for the right syntax to use near 'UPDATE `auth` SET `hallid` = '7', `job` = '61', `auth_level` = '0', `form_acc...' at line 1
ERROR - 2022-12-22 10:28:43 --> Unknown column 'Title' in 'field list'
ERROR - 2022-12-22 10:41:14 --> You have an error in your SQL syntax; check the manual that corresponds to your MariaDB server version for the right syntax to use near 'UPDATE `auth` SET `hallid` = '7', `job` = '61', `auth_level` = '0', `form_acc...' at line 1
ERROR - 2022-12-22 10:41:28 --> Unknown column 'Title' in 'field list'
ERROR - 2022-12-22 10:41:40 --> You have an error in your SQL syntax; check the manual that corresponds to your MariaDB server version for the right syntax to use near 'UPDATE `auth` SET `hallid` = '7', `job` = '61', `auth_level` = '0', `form_acc...' at line 1
ERROR - 2022-12-22 10:41:58 --> Unknown column 'Title' in 'field list'
ERROR - 2022-12-22 10:42:47 --> You have an error in your SQL syntax; check the manual that corresponds to your MariaDB server version for the right syntax to use near 'UPDATE `auth` SET `hallid` = '7', `job` = '61', `auth_level` = '0', `form_acc...' at line 1
ERROR - 2022-12-22 10:42:59 --> Unknown column 'Title' in 'field list'
ERROR - 2022-12-22 10:43:05 --> You have an error in your SQL syntax; check the manual that corresponds to your MariaDB server version for the right syntax to use near 'UPDATE `auth` SET `hallid` = '7', `job` = '61', `auth_level` = '0', `form_acc...' at line 1
ERROR - 2022-12-22 10:43:18 --> Unknown column 'Title' in 'field list'
ERROR - 2022-12-22 10:44:00 --> You have an error in your SQL syntax; check the manual that corresponds to your MariaDB server version for the right syntax to use near 'UPDATE `auth` SET `hallid` = '7', `job` = '61', `auth_level` = '0', `form_acc...' at line 1
ERROR - 2022-12-22 10:44:12 --> Unknown column 'Title' in 'field list'
ERROR - 2022-12-22 10:44:19 --> You have an error in your SQL syntax; check the manual that corresponds to your MariaDB server version for the right syntax to use near 'UPDATE `auth` SET `hallid` = '7', `job` = '61', `auth_level` = '0', `form_acc...' at line 1
ERROR - 2022-12-22 10:44:21 --> Unknown column 'Title' in 'field list'
ERROR - 2022-12-22 10:44:25 --> You have an error in your SQL syntax; check the manual that corresponds to your MariaDB server version for the right syntax to use near 'UPDATE `auth` SET `hallid` = '7', `job` = '61', `auth_level` = '0', `form_acc...' at line 1
ERROR - 2022-12-22 10:44:28 --> Unknown column 'Title' in 'field list'
ERROR - 2022-12-22 10:45:00 --> You have an error in your SQL syntax; check the manual that corresponds to your MariaDB server version for the right syntax to use near 'UPDATE `auth` SET `hallid` = '7', `job` = '61', `auth_level` = '0', `form_acc...' at line 1
ERROR - 2022-12-22 10:45:03 --> Unknown column 'Title' in 'field list'
ERROR - 2022-12-22 10:56:12 --> You have an error in your SQL syntax; check the manual that corresponds to your MariaDB server version for the right syntax to use near 'UPDATE `auth` SET `hallid` = 7, job` = 61, auth_level` = 0, form_access` = 1,...' at line 1
ERROR - 2022-12-22 10:56:17 --> Unknown column 'Title' in 'field list'
ERROR - 2022-12-22 10:56:22 --> You have an error in your SQL syntax; check the manual that corresponds to your MariaDB server version for the right syntax to use near 'UPDATE `auth` SET `hallid` = 7, job` = 61, auth_level` = 0, form_access` = 1,...' at line 1
ERROR - 2022-12-22 10:56:27 --> Unknown column 'Title' in 'field list'
