CRITICAL - 2022-12-28 08:10:11 --> You must set the database table to be used with your query.
in SYSTEMPATH\Database\BaseConnection.php on line 874.
 1 SYSTEMPATH\Model.php(586): CodeIgniter\Database\BaseConnection->table(null)
 2 SYSTEMPATH\Model.php(763): CodeIgniter\Model->builder()
 3 APPPATH\Models\Hire_model.php(39): CodeIgniter\Model->__call('query', [...])
 4 APPPATH\Models\Hire_model.php(16): App\Models\Hire_Model->jobSwitch([...])
 5 APPPATH\Controllers\Home.php(224): App\Models\Hire_Model->manuallyHireUsers([...])
 6 SYSTEMPATH\CodeIgniter.php(896): App\Controllers\Home->manualHireEmployees()
 7 SYSTEMPATH\CodeIgniter.php(466): CodeIgniter\CodeIgniter->runController(Object(App\Controllers\Home))
 8 SYSTEMPATH\CodeIgniter.php(349): CodeIgniter\CodeIgniter->handleRequest(null, Object(Config\Cache), false)
 9 FCPATH\index.php(55): CodeIgniter\CodeIgniter->run()
CRITICAL - 2022-12-28 08:16:27 --> You must set the database table to be used with your query.
in SYSTEMPATH\Database\BaseConnection.php on line 874.
 1 SYSTEMPATH\Model.php(586): CodeIgniter\Database\BaseConnection->table(null)
 2 SYSTEMPATH\Model.php(763): CodeIgniter\Model->builder()
 3 APPPATH\Models\Hire_model.php(39): CodeIgniter\Model->__call('query', [...])
 4 APPPATH\Models\Hire_model.php(16): App\Models\Hire_Model->jobSwitch([...])
 5 APPPATH\Controllers\Home.php(224): App\Models\Hire_Model->manuallyHireUsers([...])
 6 SYSTEMPATH\CodeIgniter.php(896): App\Controllers\Home->manualHireEmployees()
 7 SYSTEMPATH\CodeIgniter.php(466): CodeIgniter\CodeIgniter->runController(Object(App\Controllers\Home))
 8 SYSTEMPATH\CodeIgniter.php(349): CodeIgniter\CodeIgniter->handleRequest(null, Object(Config\Cache), false)
 9 FCPATH\index.php(55): CodeIgniter\CodeIgniter->run()
CRITICAL - 2022-12-28 08:26:37 --> You must set the database table to be used with your query.
in SYSTEMPATH\Database\BaseConnection.php on line 874.
 1 SYSTEMPATH\Model.php(586): CodeIgniter\Database\BaseConnection->table(null)
 2 SYSTEMPATH\Model.php(763): CodeIgniter\Model->builder()
 3 APPPATH\Models\Hire_model.php(44): CodeIgniter\Model->__call('query', [...])
 4 APPPATH\Models\Hire_model.php(16): App\Models\Hire_Model->jobSwitch([...])
 5 APPPATH\Controllers\Home.php(224): App\Models\Hire_Model->manuallyHireUsers([...])
 6 SYSTEMPATH\CodeIgniter.php(896): App\Controllers\Home->manualHireEmployees()
 7 SYSTEMPATH\CodeIgniter.php(466): CodeIgniter\CodeIgniter->runController(Object(App\Controllers\Home))
 8 SYSTEMPATH\CodeIgniter.php(349): CodeIgniter\CodeIgniter->handleRequest(null, Object(Config\Cache), false)
 9 FCPATH\index.php(55): CodeIgniter\CodeIgniter->run()
CRITICAL - 2022-12-28 08:26:48 --> Call to undefined method CodeIgniter\Database\MySQLi\Result::countAllResults()
in APPPATH\Models\Hire_model.php on line 47.
 1 APPPATH\Models\Hire_model.php(16): App\Models\Hire_Model->jobSwitch([...])
 2 APPPATH\Controllers\Home.php(224): App\Models\Hire_Model->manuallyHireUsers([...])
 3 SYSTEMPATH\CodeIgniter.php(896): App\Controllers\Home->manualHireEmployees()
 4 SYSTEMPATH\CodeIgniter.php(466): CodeIgniter\CodeIgniter->runController(Object(App\Controllers\Home))
 5 SYSTEMPATH\CodeIgniter.php(349): CodeIgniter\CodeIgniter->handleRequest(null, Object(Config\Cache), false)
 6 FCPATH\index.php(55): CodeIgniter\CodeIgniter->run()
CRITICAL - 2022-12-28 08:29:40 --> Undefined property: App\Controllers\Home::$load
in APPPATH\Controllers\Home.php on line 227.
 1 APPPATH\Controllers\Home.php(227): CodeIgniter\Debug\Exceptions->errorHandler(2, 'Undefined property: App\\Controllers\\Home::$load', 'APPPATH\\Controllers\\Home.php', 227)
 2 SYSTEMPATH\CodeIgniter.php(896): App\Controllers\Home->manualHireEmployees()
 3 SYSTEMPATH\CodeIgniter.php(466): CodeIgniter\CodeIgniter->runController(Object(App\Controllers\Home))
 4 SYSTEMPATH\CodeIgniter.php(349): CodeIgniter\CodeIgniter->handleRequest(null, Object(Config\Cache), false)
 5 FCPATH\index.php(55): CodeIgniter\CodeIgniter->run()
CRITICAL - 2022-12-28 08:30:46 --> Undefined property: App\Controllers\Home::$load
in APPPATH\Controllers\Home.php on line 226.
 1 APPPATH\Controllers\Home.php(226): CodeIgniter\Debug\Exceptions->errorHandler(2, 'Undefined property: App\\Controllers\\Home::$load', 'APPPATH\\Controllers\\Home.php', 226)
 2 SYSTEMPATH\CodeIgniter.php(896): App\Controllers\Home->manualHireEmployees()
 3 SYSTEMPATH\CodeIgniter.php(466): CodeIgniter\CodeIgniter->runController(Object(App\Controllers\Home))
 4 SYSTEMPATH\CodeIgniter.php(349): CodeIgniter\CodeIgniter->handleRequest(null, Object(Config\Cache), false)
 5 FCPATH\index.php(55): CodeIgniter\CodeIgniter->run()
ERROR - 2022-12-28 09:17:09 --> Unknown column 'haspass' in 'field list'
ERROR - 2022-12-28 09:53:50 --> Unknown column 'haspass' in 'field list'
CRITICAL - 2022-12-28 09:54:25 --> Undefined property: App\Controllers\Home::$load
in APPPATH\Controllers\Home.php on line 231.
 1 APPPATH\Controllers\Home.php(231): CodeIgniter\Debug\Exceptions->errorHandler(2, 'Undefined property: App\\Controllers\\Home::$load', 'APPPATH\\Controllers\\Home.php', 231)
 2 SYSTEMPATH\CodeIgniter.php(896): App\Controllers\Home->manualHireEmployees()
 3 SYSTEMPATH\CodeIgniter.php(466): CodeIgniter\CodeIgniter->runController(Object(App\Controllers\Home))
 4 SYSTEMPATH\CodeIgniter.php(349): CodeIgniter\CodeIgniter->handleRequest(null, Object(Config\Cache), false)
 5 FCPATH\index.php(55): CodeIgniter\CodeIgniter->run()
ERROR - 2022-12-28 10:05:39 --> Unknown column 'haspass' in 'field list'
ERROR - 2022-12-28 10:15:25 --> Unknown column 'haspass' in 'field list'
CRITICAL - 2022-12-28 10:19:27 --> Undefined property: App\Controllers\Home::$load
in APPPATH\Controllers\Home.php on line 237.
 1 APPPATH\Controllers\Home.php(237): CodeIgniter\Debug\Exceptions->errorHandler(2, 'Undefined property: App\\Controllers\\Home::$load', 'APPPATH\\Controllers\\Home.php', 237)
 2 SYSTEMPATH\CodeIgniter.php(896): App\Controllers\Home->manualHireEmployees()
 3 SYSTEMPATH\CodeIgniter.php(466): CodeIgniter\CodeIgniter->runController(Object(App\Controllers\Home))
 4 SYSTEMPATH\CodeIgniter.php(349): CodeIgniter\CodeIgniter->handleRequest(null, Object(Config\Cache), false)
 5 FCPATH\index.php(55): CodeIgniter\CodeIgniter->run()
CRITICAL - 2022-12-28 10:22:19 --> explode(): Passing null to parameter #2 ($string) of type string is deprecated
in APPPATH\Models\Hire_model.php on line 66.
 1 [internal function]: CodeIgniter\Debug\Exceptions->errorHandler(8192, 'explode(): Passing null to parameter #2 ($string) of type string is deprecated', 'APPPATH\\Models\\Hire_model.php', 66)
 2 APPPATH\Models\Hire_model.php(66): explode(',', null)
 3 APPPATH\Models\Hire_model.php(16): App\Models\Hire_Model->jobSwitch([...])
 4 APPPATH\Controllers\Home.php(224): App\Models\Hire_Model->manuallyHireUsers([...])
 5 SYSTEMPATH\CodeIgniter.php(896): App\Controllers\Home->manualHireEmployees()
 6 SYSTEMPATH\CodeIgniter.php(466): CodeIgniter\CodeIgniter->runController(Object(App\Controllers\Home))
 7 SYSTEMPATH\CodeIgniter.php(349): CodeIgniter\CodeIgniter->handleRequest(null, Object(Config\Cache), false)
 8 FCPATH\index.php(55): CodeIgniter\CodeIgniter->run()
CRITICAL - 2022-12-28 10:26:34 --> foreach() argument must be of type array|object, string given
in APPPATH\Models\Hire_model.php on line 81.
 1 APPPATH\Models\Hire_model.php(81): CodeIgniter\Debug\Exceptions->errorHandler(2, 'foreach() argument must be of type array|object, string given', 'APPPATH\\Models\\Hire_model.php', 81)
 2 APPPATH\Models\Hire_model.php(16): App\Models\Hire_Model->jobSwitch([...])
 3 APPPATH\Controllers\Home.php(224): App\Models\Hire_Model->manuallyHireUsers([...])
 4 SYSTEMPATH\CodeIgniter.php(896): App\Controllers\Home->manualHireEmployees()
 5 SYSTEMPATH\CodeIgniter.php(466): CodeIgniter\CodeIgniter->runController(Object(App\Controllers\Home))
 6 SYSTEMPATH\CodeIgniter.php(349): CodeIgniter\CodeIgniter->handleRequest(null, Object(Config\Cache), false)
 7 FCPATH\index.php(55): CodeIgniter\CodeIgniter->run()
CRITICAL - 2022-12-28 10:36:06 --> Class "Notifications_model" not found
in APPPATH\Controllers\Home.php on line 239.
 1 SYSTEMPATH\CodeIgniter.php(896): App\Controllers\Home->deactivateEmployees()
 2 SYSTEMPATH\CodeIgniter.php(466): CodeIgniter\CodeIgniter->runController(Object(App\Controllers\Home))
 3 SYSTEMPATH\CodeIgniter.php(349): CodeIgniter\CodeIgniter->handleRequest(null, Object(Config\Cache), false)
 4 FCPATH\index.php(55): CodeIgniter\CodeIgniter->run()
CRITICAL - 2022-12-28 10:36:29 --> Class "Notifications_model" not found
in APPPATH\Controllers\Home.php on line 240.
 1 SYSTEMPATH\CodeIgniter.php(896): App\Controllers\Home->deactivateEmployees()
 2 SYSTEMPATH\CodeIgniter.php(466): CodeIgniter\CodeIgniter->runController(Object(App\Controllers\Home))
 3 SYSTEMPATH\CodeIgniter.php(349): CodeIgniter\CodeIgniter->handleRequest(null, Object(Config\Cache), false)
 4 FCPATH\index.php(55): CodeIgniter\CodeIgniter->run()
CRITICAL - 2022-12-28 10:36:47 --> Call to undefined function link_tag()
in APPPATH\Views\templates\header.php on line 11.
 1 SYSTEMPATH\View\View.php(213): include()
 2 SYSTEMPATH\View\View.php(216): CodeIgniter\View\View->CodeIgniter\View\{closure}()
 3 SYSTEMPATH\Common.php(1135): CodeIgniter\View\View->render('templates/header', [], true)
 4 APPPATH\Controllers\Home.php(248): view('templates/header', [...])
 5 SYSTEMPATH\CodeIgniter.php(896): App\Controllers\Home->deactivateEmployees()
 6 SYSTEMPATH\CodeIgniter.php(466): CodeIgniter\CodeIgniter->runController(Object(App\Controllers\Home))
 7 SYSTEMPATH\CodeIgniter.php(349): CodeIgniter\CodeIgniter->handleRequest(null, Object(Config\Cache), false)
 8 FCPATH\index.php(55): CodeIgniter\CodeIgniter->run()
CRITICAL - 2022-12-28 10:41:38 --> Call to undefined function link_tag()
in APPPATH\Views\templates\header.php on line 11.
 1 SYSTEMPATH\View\View.php(213): include()
 2 SYSTEMPATH\View\View.php(216): CodeIgniter\View\View->CodeIgniter\View\{closure}()
 3 SYSTEMPATH\Common.php(1135): CodeIgniter\View\View->render('templates/header', [], true)
 4 APPPATH\Controllers\Home.php(242): view('templates/header', [...])
 5 SYSTEMPATH\CodeIgniter.php(896): App\Controllers\Home->deactivateEmployees()
 6 SYSTEMPATH\CodeIgniter.php(466): CodeIgniter\CodeIgniter->runController(Object(App\Controllers\Home))
 7 SYSTEMPATH\CodeIgniter.php(349): CodeIgniter\CodeIgniter->handleRequest(null, Object(Config\Cache), false)
 8 FCPATH\index.php(55): CodeIgniter\CodeIgniter->run()
CRITICAL - 2022-12-28 10:41:41 --> Call to undefined function link_tag()
in APPPATH\Views\templates\header.php on line 11.
 1 SYSTEMPATH\View\View.php(213): include()
 2 SYSTEMPATH\View\View.php(216): CodeIgniter\View\View->CodeIgniter\View\{closure}()
 3 SYSTEMPATH\Common.php(1135): CodeIgniter\View\View->render('templates/header', [], true)
 4 APPPATH\Controllers\Home.php(242): view('templates/header', [...])
 5 SYSTEMPATH\CodeIgniter.php(896): App\Controllers\Home->deactivateEmployees()
 6 SYSTEMPATH\CodeIgniter.php(466): CodeIgniter\CodeIgniter->runController(Object(App\Controllers\Home))
 7 SYSTEMPATH\CodeIgniter.php(349): CodeIgniter\CodeIgniter->handleRequest(null, Object(Config\Cache), false)
 8 FCPATH\index.php(55): CodeIgniter\CodeIgniter->run()
CRITICAL - 2022-12-28 10:42:04 --> Call to undefined function link_tag()
in APPPATH\Views\templates\header.php on line 11.
 1 SYSTEMPATH\View\View.php(213): include()
 2 SYSTEMPATH\View\View.php(216): CodeIgniter\View\View->CodeIgniter\View\{closure}()
 3 SYSTEMPATH\Common.php(1135): CodeIgniter\View\View->render('templates/header', [], true)
 4 APPPATH\Controllers\Home.php(242): view('templates/header', [...])
 5 SYSTEMPATH\CodeIgniter.php(896): App\Controllers\Home->deactivateEmployees()
 6 SYSTEMPATH\CodeIgniter.php(466): CodeIgniter\CodeIgniter->runController(Object(App\Controllers\Home))
 7 SYSTEMPATH\CodeIgniter.php(349): CodeIgniter\CodeIgniter->handleRequest(null, Object(Config\Cache), false)
 8 FCPATH\index.php(55): CodeIgniter\CodeIgniter->run()
CRITICAL - 2022-12-28 10:50:06 --> Call to undefined function link_tag()
in APPPATH\Views\templates\header.php on line 11.
 1 SYSTEMPATH\View\View.php(213): include()
 2 SYSTEMPATH\View\View.php(216): CodeIgniter\View\View->CodeIgniter\View\{closure}()
 3 SYSTEMPATH\Common.php(1135): CodeIgniter\View\View->render('templates/header', [], true)
 4 APPPATH\Controllers\Home.php(242): view('templates/header', [...])
 5 SYSTEMPATH\CodeIgniter.php(896): App\Controllers\Home->deactivateEmployees()
 6 SYSTEMPATH\CodeIgniter.php(466): CodeIgniter\CodeIgniter->runController(Object(App\Controllers\Home))
 7 SYSTEMPATH\CodeIgniter.php(349): CodeIgniter\CodeIgniter->handleRequest(null, Object(Config\Cache), false)
 8 FCPATH\index.php(55): CodeIgniter\CodeIgniter->run()
CRITICAL - 2022-12-28 10:53:13 --> Call to undefined function link_tag()
in APPPATH\Views\templates\header.php on line 11.
 1 SYSTEMPATH\View\View.php(213): include()
 2 SYSTEMPATH\View\View.php(216): CodeIgniter\View\View->CodeIgniter\View\{closure}()
 3 SYSTEMPATH\Common.php(1135): CodeIgniter\View\View->render('templates/header', [], true)
 4 APPPATH\Controllers\Home.php(242): view('templates/header', [...])
 5 SYSTEMPATH\CodeIgniter.php(896): App\Controllers\Home->deactivateEmployees()
 6 SYSTEMPATH\CodeIgniter.php(466): CodeIgniter\CodeIgniter->runController(Object(App\Controllers\Home))
 7 SYSTEMPATH\CodeIgniter.php(349): CodeIgniter\CodeIgniter->handleRequest(null, Object(Config\Cache), false)
 8 FCPATH\index.php(55): CodeIgniter\CodeIgniter->run()
CRITICAL - 2022-12-28 13:17:45 --> syntax error, unexpected identifier "is_int", expecting "("
in APPPATH\Controllers\Home.php on line 260.
 1 SYSTEMPATH\Autoloader\Autoloader.php(261): CodeIgniter\Autoloader\Autoloader->includeFile('APPPATH\\Controllers\\Home.php')
 2 SYSTEMPATH\Autoloader\Autoloader.php(239): CodeIgniter\Autoloader\Autoloader->loadInNamespace('App\\Controllers\\Home')
 3 [internal function]: CodeIgniter\Autoloader\Autoloader->loadClass('App\\Controllers\\Home')
 4 SYSTEMPATH\CodeIgniter.php(846): class_exists('\\App\\Controllers\\Home', true)
 5 SYSTEMPATH\CodeIgniter.php(453): CodeIgniter\CodeIgniter->startController()
 6 SYSTEMPATH\CodeIgniter.php(349): CodeIgniter\CodeIgniter->handleRequest(null, Object(Config\Cache), false)
 7 FCPATH\index.php(55): CodeIgniter\CodeIgniter->run()
CRITICAL - 2022-12-28 14:08:31 --> Undefined array key "active"
in APPPATH\Views\deactivating\deactivating_manual_confirmation.php on line 30.
 1 APPPATH\Views\deactivating\deactivating_manual_confirmation.php(30): CodeIgniter\Debug\Exceptions->errorHandler(2, 'Undefined array key "active"', 'APPPATH\\Views\\deactivating\\deactivating_manual_confirmation.php', 30)
 2 SYSTEMPATH\View\View.php(213): include('APPPATH\\Views\\deactivating\\deactivating_manual_confirmation.php')
 3 SYSTEMPATH\View\View.php(216): CodeIgniter\View\View->CodeIgniter\View\{closure}()
 4 SYSTEMPATH\Common.php(1135): CodeIgniter\View\View->render('deactivating/deactivating_manual_confirmation', [], true)
 5 APPPATH\Controllers\Home.php(266): view('deactivating/deactivating_manual_confirmation', [...])
 6 SYSTEMPATH\CodeIgniter.php(896): App\Controllers\Home->confirmDeactivation()
 7 SYSTEMPATH\CodeIgniter.php(466): CodeIgniter\CodeIgniter->runController(Object(App\Controllers\Home))
 8 SYSTEMPATH\CodeIgniter.php(349): CodeIgniter\CodeIgniter->handleRequest(null, Object(Config\Cache), false)
 9 FCPATH\index.php(55): CodeIgniter\CodeIgniter->run()
CRITICAL - 2022-12-28 14:21:30 --> You must set the database table to be used with your query.
in SYSTEMPATH\Database\BaseConnection.php on line 874.
 1 SYSTEMPATH\Model.php(586): CodeIgniter\Database\BaseConnection->table(null)
 2 SYSTEMPATH\Model.php(763): CodeIgniter\Model->builder()
 3 APPPATH\Controllers\Home.php(281): CodeIgniter\Model->__call('manuallyDeactivateUsers', [...])
 4 SYSTEMPATH\CodeIgniter.php(896): App\Controllers\Home->manualDeactivateEmployees()
 5 SYSTEMPATH\CodeIgniter.php(466): CodeIgniter\CodeIgniter->runController(Object(App\Controllers\Home))
 6 SYSTEMPATH\CodeIgniter.php(349): CodeIgniter\CodeIgniter->handleRequest(null, Object(Config\Cache), false)
 7 FCPATH\index.php(55): CodeIgniter\CodeIgniter->run()
ERROR - 2022-12-28 14:27:54 --> Unknown column 'Title' in 'field list'
ERROR - 2022-12-28 15:01:59 --> Unknown column 'Title' in 'field list'
CRITICAL - 2022-12-28 15:04:02 --> You must set the database table to be used with your query.
in SYSTEMPATH\Database\BaseConnection.php on line 874.
 1 SYSTEMPATH\Model.php(586): CodeIgniter\Database\BaseConnection->table(null)
 2 SYSTEMPATH\Model.php(763): CodeIgniter\Model->builder()
 3 APPPATH\Controllers\Home.php(48): CodeIgniter\Model->__call('advancedSearch', [])
 4 SYSTEMPATH\CodeIgniter.php(896): App\Controllers\Home->advancedSearch()
 5 SYSTEMPATH\CodeIgniter.php(466): CodeIgniter\CodeIgniter->runController(Object(App\Controllers\Home))
 6 SYSTEMPATH\CodeIgniter.php(349): CodeIgniter\CodeIgniter->handleRequest(null, Object(Config\Cache), false)
 7 FCPATH\index.php(55): CodeIgniter\CodeIgniter->run()
