CRITICAL - 2023-01-18 11:31:17 --> Call to undefined method App\Controllers\Home::Wrong_page()()
in SYSTEMPATH\CodeIgniter.php on line 896.
 1 SYSTEMPATH\CodeIgniter.php(924): CodeIgniter\CodeIgniter->runController(Object(App\Controllers\Home))
 2 SYSTEMPATH\CodeIgniter.php(363): CodeIgniter\CodeIgniter->display404errors(Object(CodeIgniter\Exceptions\PageNotFoundException))
 3 FCPATH\index.php(55): CodeIgniter\CodeIgniter->run()
CRITICAL - 2023-01-18 11:31:20 --> Call to undefined method App\Controllers\Home::Wrong_page()()
in SYSTEMPATH\CodeIgniter.php on line 896.
 1 SYSTEMPATH\CodeIgniter.php(924): CodeIgniter\CodeIgniter->runController(Object(App\Controllers\Home))
 2 SYSTEMPATH\CodeIgniter.php(363): CodeIgniter\CodeIgniter->display404errors(Object(CodeIgniter\Exceptions\PageNotFoundException))
 3 FCPATH\index.php(55): CodeIgniter\CodeIgniter->run()
CRITICAL - 2023-01-18 11:31:48 --> Call to undefined method App\Controllers\Home::Wrong_page()()
in SYSTEMPATH\CodeIgniter.php on line 896.
 1 SYSTEMPATH\CodeIgniter.php(924): CodeIgniter\CodeIgniter->runController(Object(App\Controllers\Home))
 2 SYSTEMPATH\CodeIgniter.php(363): CodeIgniter\CodeIgniter->display404errors(Object(CodeIgniter\Exceptions\PageNotFoundException))
 3 FCPATH\index.php(55): CodeIgniter\CodeIgniter->run()
CRITICAL - 2023-01-18 11:31:49 --> Call to undefined method App\Controllers\Home::Wrong_page()()
in SYSTEMPATH\CodeIgniter.php on line 896.
 1 SYSTEMPATH\CodeIgniter.php(924): CodeIgniter\CodeIgniter->runController(Object(App\Controllers\Home))
 2 SYSTEMPATH\CodeIgniter.php(363): CodeIgniter\CodeIgniter->display404errors(Object(CodeIgniter\Exceptions\PageNotFoundException))
 3 FCPATH\index.php(55): CodeIgniter\CodeIgniter->run()
CRITICAL - 2023-01-18 11:31:50 --> Call to undefined method App\Controllers\Home::Wrong_page()()
in SYSTEMPATH\CodeIgniter.php on line 896.
 1 SYSTEMPATH\CodeIgniter.php(924): CodeIgniter\CodeIgniter->runController(Object(App\Controllers\Home))
 2 SYSTEMPATH\CodeIgniter.php(363): CodeIgniter\CodeIgniter->display404errors(Object(CodeIgniter\Exceptions\PageNotFoundException))
 3 FCPATH\index.php(55): CodeIgniter\CodeIgniter->run()
CRITICAL - 2023-01-18 11:32:27 --> Class "App\Controllers\Errors" not found
in SYSTEMPATH\CodeIgniter.php on line 858.
 1 SYSTEMPATH\CodeIgniter.php(923): CodeIgniter\CodeIgniter->createController()
 2 SYSTEMPATH\CodeIgniter.php(363): CodeIgniter\CodeIgniter->display404errors(Object(CodeIgniter\Exceptions\PageNotFoundException))
 3 FCPATH\index.php(55): CodeIgniter\CodeIgniter->run()
CRITICAL - 2023-01-18 11:32:27 --> Class "App\Controllers\Errors" not found
in SYSTEMPATH\CodeIgniter.php on line 858.
 1 SYSTEMPATH\CodeIgniter.php(923): CodeIgniter\CodeIgniter->createController()
 2 SYSTEMPATH\CodeIgniter.php(363): CodeIgniter\CodeIgniter->display404errors(Object(CodeIgniter\Exceptions\PageNotFoundException))
 3 FCPATH\index.php(55): CodeIgniter\CodeIgniter->run()
CRITICAL - 2023-01-18 11:32:31 --> Class "App\Controllers\Errors" not found
in SYSTEMPATH\CodeIgniter.php on line 858.
 1 SYSTEMPATH\CodeIgniter.php(923): CodeIgniter\CodeIgniter->createController()
 2 SYSTEMPATH\CodeIgniter.php(363): CodeIgniter\CodeIgniter->display404errors(Object(CodeIgniter\Exceptions\PageNotFoundException))
 3 FCPATH\index.php(55): CodeIgniter\CodeIgniter->run()
CRITICAL - 2023-01-18 11:32:31 --> Class "App\Controllers\Errors" not found
in SYSTEMPATH\CodeIgniter.php on line 858.
 1 SYSTEMPATH\CodeIgniter.php(923): CodeIgniter\CodeIgniter->createController()
 2 SYSTEMPATH\CodeIgniter.php(363): CodeIgniter\CodeIgniter->display404errors(Object(CodeIgniter\Exceptions\PageNotFoundException))
 3 FCPATH\index.php(55): CodeIgniter\CodeIgniter->run()
CRITICAL - 2023-01-18 11:32:31 --> Class "App\Controllers\Errors" not found
in SYSTEMPATH\CodeIgniter.php on line 858.
 1 SYSTEMPATH\CodeIgniter.php(923): CodeIgniter\CodeIgniter->createController()
 2 SYSTEMPATH\CodeIgniter.php(363): CodeIgniter\CodeIgniter->display404errors(Object(CodeIgniter\Exceptions\PageNotFoundException))
 3 FCPATH\index.php(55): CodeIgniter\CodeIgniter->run()
CRITICAL - 2023-01-18 11:32:32 --> Class "App\Controllers\Errors" not found
in SYSTEMPATH\CodeIgniter.php on line 858.
 1 SYSTEMPATH\CodeIgniter.php(923): CodeIgniter\CodeIgniter->createController()
 2 SYSTEMPATH\CodeIgniter.php(363): CodeIgniter\CodeIgniter->display404errors(Object(CodeIgniter\Exceptions\PageNotFoundException))
 3 FCPATH\index.php(55): CodeIgniter\CodeIgniter->run()
CRITICAL - 2023-01-18 11:32:32 --> Class "App\Controllers\Errors" not found
in SYSTEMPATH\CodeIgniter.php on line 858.
 1 SYSTEMPATH\CodeIgniter.php(923): CodeIgniter\CodeIgniter->createController()
 2 SYSTEMPATH\CodeIgniter.php(363): CodeIgniter\CodeIgniter->display404errors(Object(CodeIgniter\Exceptions\PageNotFoundException))
 3 FCPATH\index.php(55): CodeIgniter\CodeIgniter->run()
CRITICAL - 2023-01-18 11:32:32 --> Class "App\Controllers\Errors" not found
in SYSTEMPATH\CodeIgniter.php on line 858.
 1 SYSTEMPATH\CodeIgniter.php(923): CodeIgniter\CodeIgniter->createController()
 2 SYSTEMPATH\CodeIgniter.php(363): CodeIgniter\CodeIgniter->display404errors(Object(CodeIgniter\Exceptions\PageNotFoundException))
 3 FCPATH\index.php(55): CodeIgniter\CodeIgniter->run()
CRITICAL - 2023-01-18 11:35:13 --> Non-static method App\Controllers\Home::Wrong_page() cannot be called statically
in APPPATH\Config\Routes.php on line 28.
 1 SYSTEMPATH\CodeIgniter.php(758): require()
 2 SYSTEMPATH\CodeIgniter.php(415): CodeIgniter\CodeIgniter->tryToRouteIt(Object(CodeIgniter\Router\RouteCollection))
 3 SYSTEMPATH\CodeIgniter.php(349): CodeIgniter\CodeIgniter->handleRequest(null, Object(Config\Cache), false)
 4 FCPATH\index.php(55): CodeIgniter\CodeIgniter->run()
CRITICAL - 2023-01-18 11:35:15 --> Non-static method App\Controllers\Home::Wrong_page() cannot be called statically
in APPPATH\Config\Routes.php on line 28.
 1 SYSTEMPATH\CodeIgniter.php(758): require()
 2 SYSTEMPATH\CodeIgniter.php(415): CodeIgniter\CodeIgniter->tryToRouteIt(Object(CodeIgniter\Router\RouteCollection))
 3 SYSTEMPATH\CodeIgniter.php(349): CodeIgniter\CodeIgniter->handleRequest(null, Object(Config\Cache), false)
 4 FCPATH\index.php(55): CodeIgniter\CodeIgniter->run()
CRITICAL - 2023-01-18 11:35:22 --> Non-static method App\Controllers\Home::Wrong_page() cannot be called statically
in APPPATH\Config\Routes.php on line 28.
 1 SYSTEMPATH\CodeIgniter.php(758): require()
 2 SYSTEMPATH\CodeIgniter.php(415): CodeIgniter\CodeIgniter->tryToRouteIt(Object(CodeIgniter\Router\RouteCollection))
 3 SYSTEMPATH\CodeIgniter.php(349): CodeIgniter\CodeIgniter->handleRequest(null, Object(Config\Cache), false)
 4 FCPATH\index.php(55): CodeIgniter\CodeIgniter->run()
CRITICAL - 2023-01-18 11:35:38 --> Non-static method App\Controllers\Home::Wrong_page() cannot be called statically
in APPPATH\Config\Routes.php on line 28.
 1 SYSTEMPATH\CodeIgniter.php(758): require()
 2 SYSTEMPATH\CodeIgniter.php(415): CodeIgniter\CodeIgniter->tryToRouteIt(Object(CodeIgniter\Router\RouteCollection))
 3 SYSTEMPATH\CodeIgniter.php(349): CodeIgniter\CodeIgniter->handleRequest(null, Object(Config\Cache), false)
 4 FCPATH\index.php(55): CodeIgniter\CodeIgniter->run()
CRITICAL - 2023-01-18 11:35:40 --> Non-static method App\Controllers\Home::Wrong_page() cannot be called statically
in APPPATH\Config\Routes.php on line 28.
 1 SYSTEMPATH\CodeIgniter.php(758): require()
 2 SYSTEMPATH\CodeIgniter.php(415): CodeIgniter\CodeIgniter->tryToRouteIt(Object(CodeIgniter\Router\RouteCollection))
 3 SYSTEMPATH\CodeIgniter.php(349): CodeIgniter\CodeIgniter->handleRequest(null, Object(Config\Cache), false)
 4 FCPATH\index.php(55): CodeIgniter\CodeIgniter->run()
CRITICAL - 2023-01-18 11:35:41 --> Non-static method App\Controllers\Home::Wrong_page() cannot be called statically
in APPPATH\Config\Routes.php on line 28.
 1 SYSTEMPATH\CodeIgniter.php(758): require()
 2 SYSTEMPATH\CodeIgniter.php(415): CodeIgniter\CodeIgniter->tryToRouteIt(Object(CodeIgniter\Router\RouteCollection))
 3 SYSTEMPATH\CodeIgniter.php(349): CodeIgniter\CodeIgniter->handleRequest(null, Object(Config\Cache), false)
 4 FCPATH\index.php(55): CodeIgniter\CodeIgniter->run()
CRITICAL - 2023-01-18 11:36:53 --> Non-static method App\Controllers\Home::Wrong_page() cannot be called statically
in APPPATH\Config\Routes.php on line 28.
 1 SYSTEMPATH\CodeIgniter.php(758): require()
 2 SYSTEMPATH\CodeIgniter.php(415): CodeIgniter\CodeIgniter->tryToRouteIt(Object(CodeIgniter\Router\RouteCollection))
 3 SYSTEMPATH\CodeIgniter.php(349): CodeIgniter\CodeIgniter->handleRequest(null, Object(Config\Cache), false)
 4 FCPATH\index.php(55): CodeIgniter\CodeIgniter->run()
