ERROR - 2022-12-27 09:42:16 --> Unknown column 'Title' in 'field list'
ERROR - 2022-12-27 09:42:18 --> You have an error in your SQL syntax; check the manual that corresponds to your MariaDB server version for the right syntax to use near 'UPDATE `auth` SET `hallid` = 7, job` = 61, auth_level` = 0, form_access` = 1,...' at line 1
ERROR - 2022-12-27 09:42:22 --> Unknown column 'Title' in 'field list'
ERROR - 2022-12-27 09:42:50 --> Unknown column 'Title' in 'field list'
ERROR - 2022-12-27 09:42:51 --> You have an error in your SQL syntax; check the manual that corresponds to your MariaDB server version for the right syntax to use near 'UPDATE `auth` SET `hallid` = 7, job` = 61, auth_level` = 0, form_access` = 1,...' at line 1
ERROR - 2022-12-27 09:42:55 --> Unknown column 'Title' in 'field list'
CRITICAL - 2022-12-27 15:00:59 --> Class "Hire_model" not found
in APPPATH\Controllers\Home.php on line 214.
 1 SYSTEMPATH\CodeIgniter.php(896): App\Controllers\Home->manualHireEmployees()
 2 SYSTEMPATH\CodeIgniter.php(466): CodeIgniter\CodeIgniter->runController(Object(App\Controllers\Home))
 3 SYSTEMPATH\CodeIgniter.php(349): CodeIgniter\CodeIgniter->handleRequest(null, Object(Config\Cache), false)
 4 FCPATH\index.php(55): CodeIgniter\CodeIgniter->run()
CRITICAL - 2022-12-27 15:01:41 --> Class "App\Models\Hire_model" not found
in APPPATH\Controllers\Home.php on line 214.
 1 SYSTEMPATH\CodeIgniter.php(896): App\Controllers\Home->manualHireEmployees()
 2 SYSTEMPATH\CodeIgniter.php(466): CodeIgniter\CodeIgniter->runController(Object(App\Controllers\Home))
 3 SYSTEMPATH\CodeIgniter.php(349): CodeIgniter\CodeIgniter->handleRequest(null, Object(Config\Cache), false)
 4 FCPATH\index.php(55): CodeIgniter\CodeIgniter->run()
CRITICAL - 2022-12-27 15:10:22 --> Array callback must have exactly two elements
in APPPATH\Models\Hire_model.php on line 21.
 1 APPPATH\Controllers\Home.php(215): App\Models\Hire_Model->manuallyHireUsers()
 2 SYSTEMPATH\CodeIgniter.php(896): App\Controllers\Home->manualHireEmployees()
 3 SYSTEMPATH\CodeIgniter.php(466): CodeIgniter\CodeIgniter->runController(Object(App\Controllers\Home))
 4 SYSTEMPATH\CodeIgniter.php(349): CodeIgniter\CodeIgniter->handleRequest(null, Object(Config\Cache), false)
 5 FCPATH\index.php(55): CodeIgniter\CodeIgniter->run()
CRITICAL - 2022-12-27 15:19:10 --> Array callback must have exactly two elements
in APPPATH\Controllers\Home.php on line 212.
 1 SYSTEMPATH\CodeIgniter.php(896): App\Controllers\Home->manualHireEmployees()
 2 SYSTEMPATH\CodeIgniter.php(466): CodeIgniter\CodeIgniter->runController(Object(App\Controllers\Home))
 3 SYSTEMPATH\CodeIgniter.php(349): CodeIgniter\CodeIgniter->handleRequest(null, Object(Config\Cache), false)
 4 FCPATH\index.php(55): CodeIgniter\CodeIgniter->run()
