CRITICAL - 2022-08-01 08:05:21 --> Undefined array key "id"
in APPPATH\Controllers\Home.php on line 68.
 1 APPPATH\Controllers\Home.php(68): CodeIgniter\Debug\Exceptions->errorHandler(2, 'Undefined array key "id"', 'APPPATH\\Controllers\\Home.php', 68)
 2 SYSTEMPATH\CodeIgniter.php(896): App\Controllers\Home->updateSearch()
 3 SYSTEMPATH\CodeIgniter.php(466): CodeIgniter\CodeIgniter->runController(Object(App\Controllers\Home))
 4 SYSTEMPATH\CodeIgniter.php(349): CodeIgniter\CodeIgniter->handleRequest(null, Object(Config\Cache), false)
 5 FCPATH\index.php(55): CodeIgniter\CodeIgniter->run()
ERROR - 2022-08-01 08:05:49 --> Unknown column 'title' in 'field list'
ERROR - 2022-08-01 08:05:49 --> Table 'reslife.resworkorder' doesn't exist
ERROR - 2022-08-01 08:05:49 --> Table 'reslife.resworkorder' doesn't exist
CRITICAL - 2022-08-01 08:05:49 --> Undefined property: stdClass::$first_name
in APPPATH\Views\updating\update_users.php on line 31.
 1 APPPATH\Views\updating\update_users.php(31): CodeIgniter\Debug\Exceptions->errorHandler(2, 'Undefined property: stdClass::$first_name', 'APPPATH\\Views\\updating\\update_users.php', 31)
 2 SYSTEMPATH\View\View.php(213): include('APPPATH\\Views\\updating\\update_users.php')
 3 SYSTEMPATH\View\View.php(216): CodeIgniter\View\View->CodeIgniter\View\{closure}()
 4 SYSTEMPATH\Common.php(1135): CodeIgniter\View\View->render('updating/update_users', [], true)
 5 APPPATH\Controllers\Home.php(82): view('updating/update_users', [...])
 6 SYSTEMPATH\CodeIgniter.php(896): App\Controllers\Home->updateSearch()
 7 SYSTEMPATH\CodeIgniter.php(466): CodeIgniter\CodeIgniter->runController(Object(App\Controllers\Home))
 8 SYSTEMPATH\CodeIgniter.php(349): CodeIgniter\CodeIgniter->handleRequest(null, Object(Config\Cache), false)
 9 FCPATH\index.php(55): CodeIgniter\CodeIgniter->run()
ERROR - 2022-08-01 08:11:43 --> Unknown column 'title' in 'field list'
ERROR - 2022-08-01 08:11:43 --> Table 'reslife.resworkorder' doesn't exist
ERROR - 2022-08-01 08:11:43 --> Table 'reslife.resworkorder' doesn't exist
CRITICAL - 2022-08-01 08:11:43 --> Undefined property: stdClass::$first_name
in APPPATH\Views\updating\update_users.php on line 31.
 1 APPPATH\Views\updating\update_users.php(31): CodeIgniter\Debug\Exceptions->errorHandler(2, 'Undefined property: stdClass::$first_name', 'APPPATH\\Views\\updating\\update_users.php', 31)
 2 SYSTEMPATH\View\View.php(213): include('APPPATH\\Views\\updating\\update_users.php')
 3 SYSTEMPATH\View\View.php(216): CodeIgniter\View\View->CodeIgniter\View\{closure}()
 4 SYSTEMPATH\Common.php(1135): CodeIgniter\View\View->render('updating/update_users', [], true)
 5 APPPATH\Controllers\Home.php(82): view('updating/update_users', [...])
 6 SYSTEMPATH\CodeIgniter.php(896): App\Controllers\Home->updateSearch()
 7 SYSTEMPATH\CodeIgniter.php(466): CodeIgniter\CodeIgniter->runController(Object(App\Controllers\Home))
 8 SYSTEMPATH\CodeIgniter.php(349): CodeIgniter\CodeIgniter->handleRequest(null, Object(Config\Cache), false)
 9 FCPATH\index.php(55): CodeIgniter\CodeIgniter->run()
ERROR - 2022-08-01 08:11:57 --> Unknown column 'title' in 'field list'
ERROR - 2022-08-01 08:11:57 --> Table 'reslife.resworkorder' doesn't exist
ERROR - 2022-08-01 08:11:57 --> Table 'reslife.resworkorder' doesn't exist
CRITICAL - 2022-08-01 08:11:57 --> Undefined property: stdClass::$last_name
in APPPATH\Views\updating\update_users.php on line 34.
 1 APPPATH\Views\updating\update_users.php(34): CodeIgniter\Debug\Exceptions->errorHandler(2, 'Undefined property: stdClass::$last_name', 'APPPATH\\Views\\updating\\update_users.php', 34)
 2 SYSTEMPATH\View\View.php(213): include('APPPATH\\Views\\updating\\update_users.php')
 3 SYSTEMPATH\View\View.php(216): CodeIgniter\View\View->CodeIgniter\View\{closure}()
 4 SYSTEMPATH\Common.php(1135): CodeIgniter\View\View->render('updating/update_users', [], true)
 5 APPPATH\Controllers\Home.php(82): view('updating/update_users', [...])
 6 SYSTEMPATH\CodeIgniter.php(896): App\Controllers\Home->updateSearch()
 7 SYSTEMPATH\CodeIgniter.php(466): CodeIgniter\CodeIgniter->runController(Object(App\Controllers\Home))
 8 SYSTEMPATH\CodeIgniter.php(349): CodeIgniter\CodeIgniter->handleRequest(null, Object(Config\Cache), false)
 9 FCPATH\index.php(55): CodeIgniter\CodeIgniter->run()
ERROR - 2022-08-01 08:14:58 --> Unknown column 'title' in 'field list'
ERROR - 2022-08-01 08:14:58 --> Table 'reslife.resworkorder' doesn't exist
ERROR - 2022-08-01 08:14:58 --> Table 'reslife.resworkorder' doesn't exist
ERROR - 2022-08-01 08:15:28 --> Unknown column 'title' in 'field list'
ERROR - 2022-08-01 08:15:28 --> Table 'reslife.resworkorder' doesn't exist
ERROR - 2022-08-01 08:15:28 --> Table 'reslife.resworkorder' doesn't exist
ERROR - 2022-08-01 08:15:36 --> Unknown column 'title' in 'field list'
ERROR - 2022-08-01 08:15:36 --> Table 'reslife.resworkorder' doesn't exist
ERROR - 2022-08-01 08:15:36 --> Table 'reslife.resworkorder' doesn't exist
ERROR - 2022-08-01 08:15:44 --> Unknown column 'title' in 'field list'
ERROR - 2022-08-01 08:15:44 --> Table 'reslife.resworkorder' doesn't exist
ERROR - 2022-08-01 08:15:44 --> Table 'reslife.resworkorder' doesn't exist
ERROR - 2022-08-01 08:16:54 --> Unknown column 'title' in 'field list'
ERROR - 2022-08-01 08:16:54 --> Table 'reslife.resworkorder' doesn't exist
ERROR - 2022-08-01 08:16:54 --> Table 'reslife.resworkorder' doesn't exist
ERROR - 2022-08-01 08:16:57 --> Unknown column 'title' in 'field list'
ERROR - 2022-08-01 08:16:57 --> Table 'reslife.resworkorder' doesn't exist
ERROR - 2022-08-01 08:16:57 --> Table 'reslife.resworkorder' doesn't exist
ERROR - 2022-08-01 08:17:07 --> Unknown column 'title' in 'field list'
ERROR - 2022-08-01 08:17:07 --> Table 'reslife.resworkorder' doesn't exist
ERROR - 2022-08-01 08:17:07 --> Table 'reslife.resworkorder' doesn't exist
ERROR - 2022-08-01 08:17:56 --> Unknown column 'title' in 'field list'
ERROR - 2022-08-01 08:17:56 --> Table 'reslife.resworkorder' doesn't exist
ERROR - 2022-08-01 08:17:56 --> Table 'reslife.resworkorder' doesn't exist
ERROR - 2022-08-01 08:24:52 --> Unknown column 'title' in 'field list'
ERROR - 2022-08-01 08:24:52 --> Table 'reslife.resworkorder' doesn't exist
ERROR - 2022-08-01 08:24:52 --> Table 'reslife.resworkorder' doesn't exist
CRITICAL - 2022-08-01 08:25:14 --> Undefined variable $validation
in APPPATH\Views\updating\validation_failure.php on line 12.
 1 APPPATH\Views\updating\validation_failure.php(12): CodeIgniter\Debug\Exceptions->errorHandler(2, 'Undefined variable $validation', 'APPPATH\\Views\\updating\\validation_failure.php', 12)
 2 SYSTEMPATH\View\View.php(213): include('APPPATH\\Views\\updating\\validation_failure.php')
 3 SYSTEMPATH\View\View.php(216): CodeIgniter\View\View->CodeIgniter\View\{closure}()
 4 SYSTEMPATH\Common.php(1135): CodeIgniter\View\View->render('updating/validation_failure', [], true)
 5 APPPATH\Controllers\Home.php(95): view('updating/validation_failure', [...])
 6 SYSTEMPATH\CodeIgniter.php(896): App\Controllers\Home->Wrong_page()
 7 SYSTEMPATH\CodeIgniter.php(466): CodeIgniter\CodeIgniter->runController(Object(App\Controllers\Home))
 8 SYSTEMPATH\CodeIgniter.php(349): CodeIgniter\CodeIgniter->handleRequest(null, Object(Config\Cache), false)
 9 FCPATH\index.php(55): CodeIgniter\CodeIgniter->run()
CRITICAL - 2022-08-01 08:25:41 --> Undefined variable $validation
in APPPATH\Views\updating\validation_failure.php on line 12.
 1 APPPATH\Views\updating\validation_failure.php(12): CodeIgniter\Debug\Exceptions->errorHandler(2, 'Undefined variable $validation', 'APPPATH\\Views\\updating\\validation_failure.php', 12)
 2 SYSTEMPATH\View\View.php(213): include('APPPATH\\Views\\updating\\validation_failure.php')
 3 SYSTEMPATH\View\View.php(216): CodeIgniter\View\View->CodeIgniter\View\{closure}()
 4 SYSTEMPATH\Common.php(1135): CodeIgniter\View\View->render('updating/validation_failure', [], true)
 5 APPPATH\Controllers\Home.php(101): view('updating/validation_failure', [...])
 6 SYSTEMPATH\CodeIgniter.php(896): App\Controllers\Home->Wrong_page()
 7 SYSTEMPATH\CodeIgniter.php(466): CodeIgniter\CodeIgniter->runController(Object(App\Controllers\Home))
 8 SYSTEMPATH\CodeIgniter.php(349): CodeIgniter\CodeIgniter->handleRequest(null, Object(Config\Cache), false)
 9 FCPATH\index.php(55): CodeIgniter\CodeIgniter->run()
CRITICAL - 2022-08-01 08:28:12 --> Undefined variable $validation
in APPPATH\Views\updating\validation_failure.php on line 12.
 1 APPPATH\Views\updating\validation_failure.php(12): CodeIgniter\Debug\Exceptions->errorHandler(2, 'Undefined variable $validation', 'APPPATH\\Views\\updating\\validation_failure.php', 12)
 2 SYSTEMPATH\View\View.php(213): include('APPPATH\\Views\\updating\\validation_failure.php')
 3 SYSTEMPATH\View\View.php(216): CodeIgniter\View\View->CodeIgniter\View\{closure}()
 4 SYSTEMPATH\Common.php(1135): CodeIgniter\View\View->render('updating/validation_failure', [], true)
 5 APPPATH\Controllers\Home.php(101): view('updating/validation_failure', [...])
 6 SYSTEMPATH\CodeIgniter.php(896): App\Controllers\Home->Wrong_page()
 7 SYSTEMPATH\CodeIgniter.php(466): CodeIgniter\CodeIgniter->runController(Object(App\Controllers\Home))
 8 SYSTEMPATH\CodeIgniter.php(349): CodeIgniter\CodeIgniter->handleRequest(null, Object(Config\Cache), false)
 9 FCPATH\index.php(55): CodeIgniter\CodeIgniter->run()
ERROR - 2022-08-01 08:29:01 --> Unknown column 'title' in 'field list'
ERROR - 2022-08-01 08:29:01 --> Table 'reslife.resworkorder' doesn't exist
ERROR - 2022-08-01 08:29:01 --> Table 'reslife.resworkorder' doesn't exist
ERROR - 2022-08-01 08:29:06 --> Unknown column 'username' in 'where clause'
ERROR - 2022-08-01 08:29:06 --> Unknown column 'title' in 'field list'
ERROR - 2022-08-01 08:29:06 --> Table 'reslife.resworkorder' doesn't exist
ERROR - 2022-08-01 08:29:06 --> Table 'reslife.resworkorder' doesn't exist
ERROR - 2022-08-01 08:29:24 --> Unknown column 'title' in 'field list'
ERROR - 2022-08-01 08:29:24 --> Table 'reslife.resworkorder' doesn't exist
ERROR - 2022-08-01 08:29:24 --> Table 'reslife.resworkorder' doesn't exist
ERROR - 2022-08-01 08:39:39 --> Unknown column 'title' in 'field list'
ERROR - 2022-08-01 08:39:39 --> Table 'reslife.resworkorder' doesn't exist
ERROR - 2022-08-01 08:39:39 --> Table 'reslife.resworkorder' doesn't exist
CRITICAL - 2022-08-01 08:39:39 --> Array to string conversion
in APPPATH\Controllers\Home.php on line 73.
 1 APPPATH\Controllers\Home.php(73): CodeIgniter\Debug\Exceptions->errorHandler(2, 'Array to string conversion', 'APPPATH\\Controllers\\Home.php', 73)
 2 SYSTEMPATH\CodeIgniter.php(896): App\Controllers\Home->updateSearch()
 3 SYSTEMPATH\CodeIgniter.php(466): CodeIgniter\CodeIgniter->runController(Object(App\Controllers\Home))
 4 SYSTEMPATH\CodeIgniter.php(349): CodeIgniter\CodeIgniter->handleRequest(null, Object(Config\Cache), false)
 5 FCPATH\index.php(55): CodeIgniter\CodeIgniter->run()
ERROR - 2022-08-01 08:40:14 --> Unknown column 'title' in 'field list'
ERROR - 2022-08-01 08:40:14 --> Table 'reslife.resworkorder' doesn't exist
ERROR - 2022-08-01 08:40:14 --> Table 'reslife.resworkorder' doesn't exist
ERROR - 2022-08-01 08:40:20 --> Unknown column 'title' in 'field list'
ERROR - 2022-08-01 08:40:20 --> Table 'reslife.resworkorder' doesn't exist
ERROR - 2022-08-01 08:40:20 --> Table 'reslife.resworkorder' doesn't exist
ERROR - 2022-08-01 08:45:13 --> Unknown column 'title' in 'field list'
ERROR - 2022-08-01 08:45:13 --> Table 'reslife.resworkorder' doesn't exist
ERROR - 2022-08-01 08:45:13 --> Table 'reslife.resworkorder' doesn't exist
ERROR - 2022-08-01 08:47:34 --> Unknown column 'title' in 'field list'
ERROR - 2022-08-01 08:47:34 --> Table 'reslife.resworkorder' doesn't exist
ERROR - 2022-08-01 08:47:34 --> Table 'reslife.resworkorder' doesn't exist
ERROR - 2022-08-01 08:52:45 --> Unknown column 'title' in 'field list'
ERROR - 2022-08-01 08:52:45 --> Table 'reslife.resworkorder' doesn't exist
ERROR - 2022-08-01 08:52:45 --> Table 'reslife.resworkorder' doesn't exist
ERROR - 2022-08-01 08:54:36 --> Unknown column 'title' in 'field list'
ERROR - 2022-08-01 08:54:36 --> Table 'reslife.resworkorder' doesn't exist
ERROR - 2022-08-01 08:54:36 --> Table 'reslife.resworkorder' doesn't exist
ERROR - 2022-08-01 09:12:00 --> Unknown column 'title' in 'field list'
ERROR - 2022-08-01 09:51:07 --> Unknown column 'title' in 'field list'
CRITICAL - 2022-08-01 09:51:07 --> Undefined array key "resworkorder"
in APPPATH\Views\updating\update_users.php on line 15.
 1 APPPATH\Views\updating\update_users.php(15): CodeIgniter\Debug\Exceptions->errorHandler(2, 'Undefined array key "resworkorder"', 'APPPATH\\Views\\updating\\update_users.php', 15)
 2 SYSTEMPATH\View\View.php(213): include('APPPATH\\Views\\updating\\update_users.php')
 3 SYSTEMPATH\View\View.php(216): CodeIgniter\View\View->CodeIgniter\View\{closure}()
 4 SYSTEMPATH\Common.php(1135): CodeIgniter\View\View->render('updating/update_users', [], true)
 5 APPPATH\Controllers\Home.php(82): view('updating/update_users', [...])
 6 SYSTEMPATH\CodeIgniter.php(896): App\Controllers\Home->updateSearch()
 7 SYSTEMPATH\CodeIgniter.php(466): CodeIgniter\CodeIgniter->runController(Object(App\Controllers\Home))
 8 SYSTEMPATH\CodeIgniter.php(349): CodeIgniter\CodeIgniter->handleRequest(null, Object(Config\Cache), false)
 9 FCPATH\index.php(55): CodeIgniter\CodeIgniter->run()
ERROR - 2022-08-01 09:52:38 --> Unknown column 'title' in 'field list'
CRITICAL - 2022-08-01 09:52:38 --> Undefined array key "reslife_pdsadm"
in APPPATH\Views\updating\update_users.php on line 20.
 1 APPPATH\Views\updating\update_users.php(20): CodeIgniter\Debug\Exceptions->errorHandler(2, 'Undefined array key "reslife_pdsadm"', 'APPPATH\\Views\\updating\\update_users.php', 20)
 2 SYSTEMPATH\View\View.php(213): include('APPPATH\\Views\\updating\\update_users.php')
 3 SYSTEMPATH\View\View.php(216): CodeIgniter\View\View->CodeIgniter\View\{closure}()
 4 SYSTEMPATH\Common.php(1135): CodeIgniter\View\View->render('updating/update_users', [], true)
 5 APPPATH\Controllers\Home.php(82): view('updating/update_users', [...])
 6 SYSTEMPATH\CodeIgniter.php(896): App\Controllers\Home->updateSearch()
 7 SYSTEMPATH\CodeIgniter.php(466): CodeIgniter\CodeIgniter->runController(Object(App\Controllers\Home))
 8 SYSTEMPATH\CodeIgniter.php(349): CodeIgniter\CodeIgniter->handleRequest(null, Object(Config\Cache), false)
 9 FCPATH\index.php(55): CodeIgniter\CodeIgniter->run()
ERROR - 2022-08-01 09:53:03 --> Unknown column 'title' in 'field list'
ERROR - 2022-08-01 09:53:16 --> Unknown column 'title' in 'field list'
ERROR - 2022-08-01 09:53:24 --> Unknown column 'title' in 'field list'
ERROR - 2022-08-01 09:59:02 --> Unknown column 'title' in 'field list'
ERROR - 2022-08-01 09:59:05 --> Unknown column 'title' in 'field list'
ERROR - 2022-08-01 09:59:10 --> Unknown column 'title' in 'field list'
ERROR - 2022-08-01 10:36:28 --> Unknown column 'username' in 'where clause'
ERROR - 2022-08-01 10:36:28 --> Unknown column 'title' in 'field list'
ERROR - 2022-08-01 10:49:41 --> Unknown column 'title' in 'field list'
ERROR - 2022-08-01 10:50:10 --> Unknown column 'title' in 'field list'
ERROR - 2022-08-01 10:50:55 --> Unknown column 'title' in 'field list'
ERROR - 2022-08-01 10:51:58 --> Unknown column 'title' in 'field list'
ERROR - 2022-08-01 10:52:18 --> Unknown column 'title' in 'field list'
ERROR - 2022-08-01 10:52:26 --> Unknown column 'title' in 'field list'
ERROR - 2022-08-01 13:43:47 --> Unknown column 'title' in 'field list'
ERROR - 2022-08-01 13:45:17 --> Unknown column 'title' in 'field list'
CRITICAL - 2022-08-01 13:46:10 --> syntax error, unexpected token "if", expecting "," or ";"
in APPPATH\Models\Update_model.php on line 40.
 1 SYSTEMPATH\Autoloader\Autoloader.php(261): CodeIgniter\Autoloader\Autoloader->includeFile('APPPATH\\Models\\Update_model.php')
 2 SYSTEMPATH\Autoloader\Autoloader.php(239): CodeIgniter\Autoloader\Autoloader->loadInNamespace('App\\Models\\Update_Model')
 3 APPPATH\Controllers\Home.php(71): CodeIgniter\Autoloader\Autoloader->loadClass('App\\Models\\Update_Model')
 4 SYSTEMPATH\CodeIgniter.php(896): App\Controllers\Home->updateSearch()
 5 SYSTEMPATH\CodeIgniter.php(466): CodeIgniter\CodeIgniter->runController(Object(App\Controllers\Home))
 6 SYSTEMPATH\CodeIgniter.php(349): CodeIgniter\CodeIgniter->handleRequest(null, Object(Config\Cache), false)
 7 FCPATH\index.php(55): CodeIgniter\CodeIgniter->run()
ERROR - 2022-08-01 13:46:17 --> Unknown column 'title' in 'field list'
ERROR - 2022-08-01 13:46:37 --> Unknown column 'title' in 'field list'
ERROR - 2022-08-01 13:47:31 --> Unknown column 'title' in 'field list'
CRITICAL - 2022-08-01 13:47:31 --> Attempt to read property "id" on null
in APPPATH\Views\updating\update_users.php on line 39.
 1 APPPATH\Views\updating\update_users.php(39): CodeIgniter\Debug\Exceptions->errorHandler(2, 'Attempt to read property "id" on null', 'APPPATH\\Views\\updating\\update_users.php', 39)
 2 SYSTEMPATH\View\View.php(213): include('APPPATH\\Views\\updating\\update_users.php')
 3 SYSTEMPATH\View\View.php(216): CodeIgniter\View\View->CodeIgniter\View\{closure}()
 4 SYSTEMPATH\Common.php(1135): CodeIgniter\View\View->render('updating/update_users', [], true)
 5 APPPATH\Controllers\Home.php(82): view('updating/update_users', [...])
 6 SYSTEMPATH\CodeIgniter.php(896): App\Controllers\Home->updateSearch()
 7 SYSTEMPATH\CodeIgniter.php(466): CodeIgniter\CodeIgniter->runController(Object(App\Controllers\Home))
 8 SYSTEMPATH\CodeIgniter.php(349): CodeIgniter\CodeIgniter->handleRequest(null, Object(Config\Cache), false)
 9 FCPATH\index.php(55): CodeIgniter\CodeIgniter->run()
ERROR - 2022-08-01 13:47:44 --> Unknown column 'title' in 'field list'
CRITICAL - 2022-08-01 13:47:44 --> Attempt to read property "id" on null
in APPPATH\Views\updating\update_users.php on line 39.
 1 APPPATH\Views\updating\update_users.php(39): CodeIgniter\Debug\Exceptions->errorHandler(2, 'Attempt to read property "id" on null', 'APPPATH\\Views\\updating\\update_users.php', 39)
 2 SYSTEMPATH\View\View.php(213): include('APPPATH\\Views\\updating\\update_users.php')
 3 SYSTEMPATH\View\View.php(216): CodeIgniter\View\View->CodeIgniter\View\{closure}()
 4 SYSTEMPATH\Common.php(1135): CodeIgniter\View\View->render('updating/update_users', [], true)
 5 APPPATH\Controllers\Home.php(82): view('updating/update_users', [...])
 6 SYSTEMPATH\CodeIgniter.php(896): App\Controllers\Home->updateSearch()
 7 SYSTEMPATH\CodeIgniter.php(466): CodeIgniter\CodeIgniter->runController(Object(App\Controllers\Home))
 8 SYSTEMPATH\CodeIgniter.php(349): CodeIgniter\CodeIgniter->handleRequest(null, Object(Config\Cache), false)
 9 FCPATH\index.php(55): CodeIgniter\CodeIgniter->run()
ERROR - 2022-08-01 13:47:59 --> Unknown column 'title' in 'field list'
ERROR - 2022-08-01 13:48:06 --> Unknown column 'title' in 'field list'
CRITICAL - 2022-08-01 13:48:06 --> Attempt to read property "id" on null
in APPPATH\Views\updating\update_users.php on line 39.
 1 APPPATH\Views\updating\update_users.php(39): CodeIgniter\Debug\Exceptions->errorHandler(2, 'Attempt to read property "id" on null', 'APPPATH\\Views\\updating\\update_users.php', 39)
 2 SYSTEMPATH\View\View.php(213): include('APPPATH\\Views\\updating\\update_users.php')
 3 SYSTEMPATH\View\View.php(216): CodeIgniter\View\View->CodeIgniter\View\{closure}()
 4 SYSTEMPATH\Common.php(1135): CodeIgniter\View\View->render('updating/update_users', [], true)
 5 APPPATH\Controllers\Home.php(82): view('updating/update_users', [...])
 6 SYSTEMPATH\CodeIgniter.php(896): App\Controllers\Home->updateSearch()
 7 SYSTEMPATH\CodeIgniter.php(466): CodeIgniter\CodeIgniter->runController(Object(App\Controllers\Home))
 8 SYSTEMPATH\CodeIgniter.php(349): CodeIgniter\CodeIgniter->handleRequest(null, Object(Config\Cache), false)
 9 FCPATH\index.php(55): CodeIgniter\CodeIgniter->run()
ERROR - 2022-08-01 13:58:21 --> Unknown column 'title' in 'field list'
CRITICAL - 2022-08-01 13:58:21 --> Attempt to read property "id" on null
in APPPATH\Views\updating\update_users.php on line 39.
 1 APPPATH\Views\updating\update_users.php(39): CodeIgniter\Debug\Exceptions->errorHandler(2, 'Attempt to read property "id" on null', 'APPPATH\\Views\\updating\\update_users.php', 39)
 2 SYSTEMPATH\View\View.php(213): include('APPPATH\\Views\\updating\\update_users.php')
 3 SYSTEMPATH\View\View.php(216): CodeIgniter\View\View->CodeIgniter\View\{closure}()
 4 SYSTEMPATH\Common.php(1135): CodeIgniter\View\View->render('updating/update_users', [], true)
 5 APPPATH\Controllers\Home.php(82): view('updating/update_users', [...])
 6 SYSTEMPATH\CodeIgniter.php(896): App\Controllers\Home->updateSearch()
 7 SYSTEMPATH\CodeIgniter.php(466): CodeIgniter\CodeIgniter->runController(Object(App\Controllers\Home))
 8 SYSTEMPATH\CodeIgniter.php(349): CodeIgniter\CodeIgniter->handleRequest(null, Object(Config\Cache), false)
 9 FCPATH\index.php(55): CodeIgniter\CodeIgniter->run()
ERROR - 2022-08-01 13:58:41 --> Unknown column 'title' in 'field list'
CRITICAL - 2022-08-01 13:58:41 --> Attempt to read property "id" on null
in APPPATH\Views\updating\update_users.php on line 39.
 1 APPPATH\Views\updating\update_users.php(39): CodeIgniter\Debug\Exceptions->errorHandler(2, 'Attempt to read property "id" on null', 'APPPATH\\Views\\updating\\update_users.php', 39)
 2 SYSTEMPATH\View\View.php(213): include('APPPATH\\Views\\updating\\update_users.php')
 3 SYSTEMPATH\View\View.php(216): CodeIgniter\View\View->CodeIgniter\View\{closure}()
 4 SYSTEMPATH\Common.php(1135): CodeIgniter\View\View->render('updating/update_users', [], true)
 5 APPPATH\Controllers\Home.php(82): view('updating/update_users', [...])
 6 SYSTEMPATH\CodeIgniter.php(896): App\Controllers\Home->updateSearch()
 7 SYSTEMPATH\CodeIgniter.php(466): CodeIgniter\CodeIgniter->runController(Object(App\Controllers\Home))
 8 SYSTEMPATH\CodeIgniter.php(349): CodeIgniter\CodeIgniter->handleRequest(null, Object(Config\Cache), false)
 9 FCPATH\index.php(55): CodeIgniter\CodeIgniter->run()
ERROR - 2022-08-01 14:00:59 --> Unknown column 'title' in 'field list'
CRITICAL - 2022-08-01 14:00:59 --> Attempt to read property "id" on null
in APPPATH\Views\updating\update_users.php on line 39.
 1 APPPATH\Views\updating\update_users.php(39): CodeIgniter\Debug\Exceptions->errorHandler(2, 'Attempt to read property "id" on null', 'APPPATH\\Views\\updating\\update_users.php', 39)
 2 SYSTEMPATH\View\View.php(213): include('APPPATH\\Views\\updating\\update_users.php')
 3 SYSTEMPATH\View\View.php(216): CodeIgniter\View\View->CodeIgniter\View\{closure}()
 4 SYSTEMPATH\Common.php(1135): CodeIgniter\View\View->render('updating/update_users', [], true)
 5 APPPATH\Controllers\Home.php(82): view('updating/update_users', [...])
 6 SYSTEMPATH\CodeIgniter.php(896): App\Controllers\Home->updateSearch()
 7 SYSTEMPATH\CodeIgniter.php(466): CodeIgniter\CodeIgniter->runController(Object(App\Controllers\Home))
 8 SYSTEMPATH\CodeIgniter.php(349): CodeIgniter\CodeIgniter->handleRequest(null, Object(Config\Cache), false)
 9 FCPATH\index.php(55): CodeIgniter\CodeIgniter->run()
ERROR - 2022-08-01 14:01:07 --> Unknown column 'title' in 'field list'
CRITICAL - 2022-08-01 14:01:07 --> Attempt to read property "id" on null
in APPPATH\Views\updating\update_users.php on line 39.
 1 APPPATH\Views\updating\update_users.php(39): CodeIgniter\Debug\Exceptions->errorHandler(2, 'Attempt to read property "id" on null', 'APPPATH\\Views\\updating\\update_users.php', 39)
 2 SYSTEMPATH\View\View.php(213): include('APPPATH\\Views\\updating\\update_users.php')
 3 SYSTEMPATH\View\View.php(216): CodeIgniter\View\View->CodeIgniter\View\{closure}()
 4 SYSTEMPATH\Common.php(1135): CodeIgniter\View\View->render('updating/update_users', [], true)
 5 APPPATH\Controllers\Home.php(82): view('updating/update_users', [...])
 6 SYSTEMPATH\CodeIgniter.php(896): App\Controllers\Home->updateSearch()
 7 SYSTEMPATH\CodeIgniter.php(466): CodeIgniter\CodeIgniter->runController(Object(App\Controllers\Home))
 8 SYSTEMPATH\CodeIgniter.php(349): CodeIgniter\CodeIgniter->handleRequest(null, Object(Config\Cache), false)
 9 FCPATH\index.php(55): CodeIgniter\CodeIgniter->run()
ERROR - 2022-08-01 14:10:29 --> Unknown column 'title' in 'field list'
CRITICAL - 2022-08-01 14:10:29 --> Attempt to read property "id" on null
in APPPATH\Views\updating\update_users.php on line 39.
 1 APPPATH\Views\updating\update_users.php(39): CodeIgniter\Debug\Exceptions->errorHandler(2, 'Attempt to read property "id" on null', 'APPPATH\\Views\\updating\\update_users.php', 39)
 2 SYSTEMPATH\View\View.php(213): include('APPPATH\\Views\\updating\\update_users.php')
 3 SYSTEMPATH\View\View.php(216): CodeIgniter\View\View->CodeIgniter\View\{closure}()
 4 SYSTEMPATH\Common.php(1135): CodeIgniter\View\View->render('updating/update_users', [], true)
 5 APPPATH\Controllers\Home.php(82): view('updating/update_users', [...])
 6 SYSTEMPATH\CodeIgniter.php(896): App\Controllers\Home->updateSearch()
 7 SYSTEMPATH\CodeIgniter.php(466): CodeIgniter\CodeIgniter->runController(Object(App\Controllers\Home))
 8 SYSTEMPATH\CodeIgniter.php(349): CodeIgniter\CodeIgniter->handleRequest(null, Object(Config\Cache), false)
 9 FCPATH\index.php(55): CodeIgniter\CodeIgniter->run()
CRITICAL - 2022-08-01 14:12:25 --> Attempt to read property "id" on null
in APPPATH\Models\Update_model.php on line 94.
 1 APPPATH\Models\Update_model.php(94): CodeIgniter\Debug\Exceptions->errorHandler(2, 'Attempt to read property "id" on null', 'APPPATH\\Models\\Update_model.php', 94)
 2 APPPATH\Controllers\Home.php(72): App\Models\Update_Model->getUsers('123')
 3 SYSTEMPATH\CodeIgniter.php(896): App\Controllers\Home->updateSearch()
 4 SYSTEMPATH\CodeIgniter.php(466): CodeIgniter\CodeIgniter->runController(Object(App\Controllers\Home))
 5 SYSTEMPATH\CodeIgniter.php(349): CodeIgniter\CodeIgniter->handleRequest(null, Object(Config\Cache), false)
 6 FCPATH\index.php(55): CodeIgniter\CodeIgniter->run()
ERROR - 2022-08-01 14:13:12 --> Unknown column 'title' in 'field list'
ERROR - 2022-08-01 14:14:34 --> Unknown column 'title' in 'field list'
ERROR - 2022-08-01 14:14:40 --> Unknown column 'title' in 'field list'
ERROR - 2022-08-01 14:17:15 --> Unknown column 'username' in 'where clause'
CRITICAL - 2022-08-01 14:17:15 --> Call to a member function getRow() on bool
in APPPATH\Models\Update_model.php on line 91.
 1 APPPATH\Controllers\Home.php(72): App\Models\Update_Model->getUsers('fernandezf2')
 2 SYSTEMPATH\CodeIgniter.php(896): App\Controllers\Home->updateSearch()
 3 SYSTEMPATH\CodeIgniter.php(466): CodeIgniter\CodeIgniter->runController(Object(App\Controllers\Home))
 4 SYSTEMPATH\CodeIgniter.php(349): CodeIgniter\CodeIgniter->handleRequest(null, Object(Config\Cache), false)
 5 FCPATH\index.php(55): CodeIgniter\CodeIgniter->run()
ERROR - 2022-08-01 14:17:53 --> Unknown column 'username' in 'where clause'
CRITICAL - 2022-08-01 14:17:53 --> Call to a member function getRow() on bool
in APPPATH\Models\Update_model.php on line 91.
 1 APPPATH\Controllers\Home.php(72): App\Models\Update_Model->getUsers('fernandezf2')
 2 SYSTEMPATH\CodeIgniter.php(896): App\Controllers\Home->updateSearch()
 3 SYSTEMPATH\CodeIgniter.php(466): CodeIgniter\CodeIgniter->runController(Object(App\Controllers\Home))
 4 SYSTEMPATH\CodeIgniter.php(349): CodeIgniter\CodeIgniter->handleRequest(null, Object(Config\Cache), false)
 5 FCPATH\index.php(55): CodeIgniter\CodeIgniter->run()
ERROR - 2022-08-01 14:19:50 --> Unknown column 'username' in 'where clause'
CRITICAL - 2022-08-01 14:19:50 --> Call to a member function getRow() on bool
in APPPATH\Models\Update_model.php on line 92.
 1 APPPATH\Controllers\Home.php(72): App\Models\Update_Model->getUsers('fernandezf2')
 2 SYSTEMPATH\CodeIgniter.php(896): App\Controllers\Home->updateSearch()
 3 SYSTEMPATH\CodeIgniter.php(466): CodeIgniter\CodeIgniter->runController(Object(App\Controllers\Home))
 4 SYSTEMPATH\CodeIgniter.php(349): CodeIgniter\CodeIgniter->handleRequest(null, Object(Config\Cache), false)
 5 FCPATH\index.php(55): CodeIgniter\CodeIgniter->run()
ERROR - 2022-08-01 14:24:52 --> Unknown column 'title' in 'field list'
ERROR - 2022-08-01 14:24:58 --> Unknown column 'title' in 'field list'
CRITICAL - 2022-08-01 14:25:03 --> Attempt to read property "job" on null
in APPPATH\Models\Update_model.php on line 97.
 1 APPPATH\Models\Update_model.php(97): CodeIgniter\Debug\Exceptions->errorHandler(2, 'Attempt to read property "job" on null', 'APPPATH\\Models\\Update_model.php', 97)
 2 APPPATH\Controllers\Home.php(72): App\Models\Update_Model->getUsers('70164651')
 3 SYSTEMPATH\CodeIgniter.php(896): App\Controllers\Home->updateSearch()
 4 SYSTEMPATH\CodeIgniter.php(466): CodeIgniter\CodeIgniter->runController(Object(App\Controllers\Home))
 5 SYSTEMPATH\CodeIgniter.php(349): CodeIgniter\CodeIgniter->handleRequest(null, Object(Config\Cache), false)
 6 FCPATH\index.php(55): CodeIgniter\CodeIgniter->run()
CRITICAL - 2022-08-01 14:27:02 --> Attempt to read property "job" on null
in APPPATH\Models\Update_model.php on line 92.
 1 APPPATH\Models\Update_model.php(92): CodeIgniter\Debug\Exceptions->errorHandler(2, 'Attempt to read property "job" on null', 'APPPATH\\Models\\Update_model.php', 92)
 2 APPPATH\Controllers\Home.php(72): App\Models\Update_Model->getUsers('70164651')
 3 SYSTEMPATH\CodeIgniter.php(896): App\Controllers\Home->updateSearch()
 4 SYSTEMPATH\CodeIgniter.php(466): CodeIgniter\CodeIgniter->runController(Object(App\Controllers\Home))
 5 SYSTEMPATH\CodeIgniter.php(349): CodeIgniter\CodeIgniter->handleRequest(null, Object(Config\Cache), false)
 6 FCPATH\index.php(55): CodeIgniter\CodeIgniter->run()
ERROR - 2022-08-01 14:27:11 --> Unknown column 'title' in 'field list'
CRITICAL - 2022-08-01 14:30:13 --> Attempt to read property "job" on null
in APPPATH\Models\Update_model.php on line 92.
 1 APPPATH\Models\Update_model.php(92): CodeIgniter\Debug\Exceptions->errorHandler(2, 'Attempt to read property "job" on null', 'APPPATH\\Models\\Update_model.php', 92)
 2 APPPATH\Controllers\Home.php(72): App\Models\Update_Model->getUsers('70558070')
 3 SYSTEMPATH\CodeIgniter.php(896): App\Controllers\Home->updateSearch()
 4 SYSTEMPATH\CodeIgniter.php(466): CodeIgniter\CodeIgniter->runController(Object(App\Controllers\Home))
 5 SYSTEMPATH\CodeIgniter.php(349): CodeIgniter\CodeIgniter->handleRequest(null, Object(Config\Cache), false)
 6 FCPATH\index.php(55): CodeIgniter\CodeIgniter->run()
ERROR - 2022-08-01 14:30:20 --> Unknown column 'title' in 'field list'
CRITICAL - 2022-08-01 14:32:08 --> Attempt to read property "job" on null
in APPPATH\Models\Update_model.php on line 92.
 1 APPPATH\Models\Update_model.php(92): CodeIgniter\Debug\Exceptions->errorHandler(2, 'Attempt to read property "job" on null', 'APPPATH\\Models\\Update_model.php', 92)
 2 APPPATH\Controllers\Home.php(72): App\Models\Update_Model->getUsers('70558070')
 3 SYSTEMPATH\CodeIgniter.php(896): App\Controllers\Home->updateSearch()
 4 SYSTEMPATH\CodeIgniter.php(466): CodeIgniter\CodeIgniter->runController(Object(App\Controllers\Home))
 5 SYSTEMPATH\CodeIgniter.php(349): CodeIgniter\CodeIgniter->handleRequest(null, Object(Config\Cache), false)
 6 FCPATH\index.php(55): CodeIgniter\CodeIgniter->run()
CRITICAL - 2022-08-01 14:32:51 --> Attempt to read property "job" on null
in APPPATH\Models\Update_model.php on line 97.
 1 APPPATH\Models\Update_model.php(97): CodeIgniter\Debug\Exceptions->errorHandler(2, 'Attempt to read property "job" on null', 'APPPATH\\Models\\Update_model.php', 97)
 2 APPPATH\Controllers\Home.php(72): App\Models\Update_Model->getUsers('70558070')
 3 SYSTEMPATH\CodeIgniter.php(896): App\Controllers\Home->updateSearch()
 4 SYSTEMPATH\CodeIgniter.php(466): CodeIgniter\CodeIgniter->runController(Object(App\Controllers\Home))
 5 SYSTEMPATH\CodeIgniter.php(349): CodeIgniter\CodeIgniter->handleRequest(null, Object(Config\Cache), false)
 6 FCPATH\index.php(55): CodeIgniter\CodeIgniter->run()
CRITICAL - 2022-08-01 14:32:58 --> Attempt to read property "job" on null
in APPPATH\Models\Update_model.php on line 92.
 1 APPPATH\Models\Update_model.php(92): CodeIgniter\Debug\Exceptions->errorHandler(2, 'Attempt to read property "job" on null', 'APPPATH\\Models\\Update_model.php', 92)
 2 APPPATH\Controllers\Home.php(72): App\Models\Update_Model->getUsers('70558070')
 3 SYSTEMPATH\CodeIgniter.php(896): App\Controllers\Home->updateSearch()
 4 SYSTEMPATH\CodeIgniter.php(466): CodeIgniter\CodeIgniter->runController(Object(App\Controllers\Home))
 5 SYSTEMPATH\CodeIgniter.php(349): CodeIgniter\CodeIgniter->handleRequest(null, Object(Config\Cache), false)
 6 FCPATH\index.php(55): CodeIgniter\CodeIgniter->run()
CRITICAL - 2022-08-01 14:33:43 --> Attempt to read property "job" on null
in APPPATH\Models\Update_model.php on line 92.
 1 APPPATH\Models\Update_model.php(92): CodeIgniter\Debug\Exceptions->errorHandler(2, 'Attempt to read property "job" on null', 'APPPATH\\Models\\Update_model.php', 92)
 2 APPPATH\Controllers\Home.php(72): App\Models\Update_Model->getUsers('70558070')
 3 SYSTEMPATH\CodeIgniter.php(896): App\Controllers\Home->updateSearch()
 4 SYSTEMPATH\CodeIgniter.php(466): CodeIgniter\CodeIgniter->runController(Object(App\Controllers\Home))
 5 SYSTEMPATH\CodeIgniter.php(349): CodeIgniter\CodeIgniter->handleRequest(null, Object(Config\Cache), false)
 6 FCPATH\index.php(55): CodeIgniter\CodeIgniter->run()
CRITICAL - 2022-08-01 14:33:56 --> Attempt to read property "job" on null
in APPPATH\Models\Update_model.php on line 92.
 1 APPPATH\Models\Update_model.php(92): CodeIgniter\Debug\Exceptions->errorHandler(2, 'Attempt to read property "job" on null', 'APPPATH\\Models\\Update_model.php', 92)
 2 APPPATH\Controllers\Home.php(72): App\Models\Update_Model->getUsers('70558070')
 3 SYSTEMPATH\CodeIgniter.php(896): App\Controllers\Home->updateSearch()
 4 SYSTEMPATH\CodeIgniter.php(466): CodeIgniter\CodeIgniter->runController(Object(App\Controllers\Home))
 5 SYSTEMPATH\CodeIgniter.php(349): CodeIgniter\CodeIgniter->handleRequest(null, Object(Config\Cache), false)
 6 FCPATH\index.php(55): CodeIgniter\CodeIgniter->run()
CRITICAL - 2022-08-01 14:41:05 --> Attempt to read property "job" on null
in APPPATH\Models\Update_model.php on line 92.
 1 APPPATH\Models\Update_model.php(92): CodeIgniter\Debug\Exceptions->errorHandler(2, 'Attempt to read property "job" on null', 'APPPATH\\Models\\Update_model.php', 92)
 2 APPPATH\Controllers\Home.php(72): App\Models\Update_Model->getUsers('70558070')
 3 SYSTEMPATH\CodeIgniter.php(896): App\Controllers\Home->updateSearch()
 4 SYSTEMPATH\CodeIgniter.php(466): CodeIgniter\CodeIgniter->runController(Object(App\Controllers\Home))
 5 SYSTEMPATH\CodeIgniter.php(349): CodeIgniter\CodeIgniter->handleRequest(null, Object(Config\Cache), false)
 6 FCPATH\index.php(55): CodeIgniter\CodeIgniter->run()
CRITICAL - 2022-08-01 14:43:19 --> Attempt to read property "job" on null
in APPPATH\Models\Update_model.php on line 97.
 1 APPPATH\Models\Update_model.php(97): CodeIgniter\Debug\Exceptions->errorHandler(2, 'Attempt to read property "job" on null', 'APPPATH\\Models\\Update_model.php', 97)
 2 APPPATH\Controllers\Home.php(72): App\Models\Update_Model->getUsers('70558070')
 3 SYSTEMPATH\CodeIgniter.php(896): App\Controllers\Home->updateSearch()
 4 SYSTEMPATH\CodeIgniter.php(466): CodeIgniter\CodeIgniter->runController(Object(App\Controllers\Home))
 5 SYSTEMPATH\CodeIgniter.php(349): CodeIgniter\CodeIgniter->handleRequest(null, Object(Config\Cache), false)
 6 FCPATH\index.php(55): CodeIgniter\CodeIgniter->run()
CRITICAL - 2022-08-01 14:43:42 --> Attempt to read property "job" on null
in APPPATH\Models\Update_model.php on line 97.
 1 APPPATH\Models\Update_model.php(97): CodeIgniter\Debug\Exceptions->errorHandler(2, 'Attempt to read property "job" on null', 'APPPATH\\Models\\Update_model.php', 97)
 2 APPPATH\Controllers\Home.php(72): App\Models\Update_Model->getUsers('70558070')
 3 SYSTEMPATH\CodeIgniter.php(896): App\Controllers\Home->updateSearch()
 4 SYSTEMPATH\CodeIgniter.php(466): CodeIgniter\CodeIgniter->runController(Object(App\Controllers\Home))
 5 SYSTEMPATH\CodeIgniter.php(349): CodeIgniter\CodeIgniter->handleRequest(null, Object(Config\Cache), false)
 6 FCPATH\index.php(55): CodeIgniter\CodeIgniter->run()
CRITICAL - 2022-08-01 14:43:51 --> Attempt to read property "job" on null
in APPPATH\Models\Update_model.php on line 97.
 1 APPPATH\Models\Update_model.php(97): CodeIgniter\Debug\Exceptions->errorHandler(2, 'Attempt to read property "job" on null', 'APPPATH\\Models\\Update_model.php', 97)
 2 APPPATH\Controllers\Home.php(72): App\Models\Update_Model->getUsers('90')
 3 SYSTEMPATH\CodeIgniter.php(896): App\Controllers\Home->updateSearch()
 4 SYSTEMPATH\CodeIgniter.php(466): CodeIgniter\CodeIgniter->runController(Object(App\Controllers\Home))
 5 SYSTEMPATH\CodeIgniter.php(349): CodeIgniter\CodeIgniter->handleRequest(null, Object(Config\Cache), false)
 6 FCPATH\index.php(55): CodeIgniter\CodeIgniter->run()
CRITICAL - 2022-08-01 14:46:03 --> Attempt to read property "job" on null
in APPPATH\Models\Update_model.php on line 97.
 1 APPPATH\Models\Update_model.php(97): CodeIgniter\Debug\Exceptions->errorHandler(2, 'Attempt to read property "job" on null', 'APPPATH\\Models\\Update_model.php', 97)
 2 APPPATH\Controllers\Home.php(72): App\Models\Update_Model->getUsers('90')
 3 SYSTEMPATH\CodeIgniter.php(896): App\Controllers\Home->updateSearch()
 4 SYSTEMPATH\CodeIgniter.php(466): CodeIgniter\CodeIgniter->runController(Object(App\Controllers\Home))
 5 SYSTEMPATH\CodeIgniter.php(349): CodeIgniter\CodeIgniter->handleRequest(null, Object(Config\Cache), false)
 6 FCPATH\index.php(55): CodeIgniter\CodeIgniter->run()
CRITICAL - 2022-08-01 14:46:18 --> Attempt to read property "job" on null
in APPPATH\Models\Update_model.php on line 97.
 1 APPPATH\Models\Update_model.php(97): CodeIgniter\Debug\Exceptions->errorHandler(2, 'Attempt to read property "job" on null', 'APPPATH\\Models\\Update_model.php', 97)
 2 APPPATH\Controllers\Home.php(72): App\Models\Update_Model->getUsers('70558070')
 3 SYSTEMPATH\CodeIgniter.php(896): App\Controllers\Home->updateSearch()
 4 SYSTEMPATH\CodeIgniter.php(466): CodeIgniter\CodeIgniter->runController(Object(App\Controllers\Home))
 5 SYSTEMPATH\CodeIgniter.php(349): CodeIgniter\CodeIgniter->handleRequest(null, Object(Config\Cache), false)
 6 FCPATH\index.php(55): CodeIgniter\CodeIgniter->run()
CRITICAL - 2022-08-01 14:48:09 --> Attempt to read property "job" on null
in APPPATH\Models\Update_model.php on line 102.
 1 APPPATH\Models\Update_model.php(102): CodeIgniter\Debug\Exceptions->errorHandler(2, 'Attempt to read property "job" on null', 'APPPATH\\Models\\Update_model.php', 102)
 2 APPPATH\Controllers\Home.php(72): App\Models\Update_Model->getUsers('70558070')
 3 SYSTEMPATH\CodeIgniter.php(896): App\Controllers\Home->updateSearch()
 4 SYSTEMPATH\CodeIgniter.php(466): CodeIgniter\CodeIgniter->runController(Object(App\Controllers\Home))
 5 SYSTEMPATH\CodeIgniter.php(349): CodeIgniter\CodeIgniter->handleRequest(null, Object(Config\Cache), false)
 6 FCPATH\index.php(55): CodeIgniter\CodeIgniter->run()
CRITICAL - 2022-08-01 14:48:26 --> Attempt to read property "job" on null
in APPPATH\Models\Update_model.php on line 102.
 1 APPPATH\Models\Update_model.php(102): CodeIgniter\Debug\Exceptions->errorHandler(2, 'Attempt to read property "job" on null', 'APPPATH\\Models\\Update_model.php', 102)
 2 APPPATH\Controllers\Home.php(72): App\Models\Update_Model->getUsers('90')
 3 SYSTEMPATH\CodeIgniter.php(896): App\Controllers\Home->updateSearch()
 4 SYSTEMPATH\CodeIgniter.php(466): CodeIgniter\CodeIgniter->runController(Object(App\Controllers\Home))
 5 SYSTEMPATH\CodeIgniter.php(349): CodeIgniter\CodeIgniter->handleRequest(null, Object(Config\Cache), false)
 6 FCPATH\index.php(55): CodeIgniter\CodeIgniter->run()
CRITICAL - 2022-08-01 14:50:32 --> Attempt to read property "job" on null
in APPPATH\Models\Update_model.php on line 102.
 1 APPPATH\Models\Update_model.php(102): CodeIgniter\Debug\Exceptions->errorHandler(2, 'Attempt to read property "job" on null', 'APPPATH\\Models\\Update_model.php', 102)
 2 APPPATH\Controllers\Home.php(72): App\Models\Update_Model->getUsers('90')
 3 SYSTEMPATH\CodeIgniter.php(896): App\Controllers\Home->updateSearch()
 4 SYSTEMPATH\CodeIgniter.php(466): CodeIgniter\CodeIgniter->runController(Object(App\Controllers\Home))
 5 SYSTEMPATH\CodeIgniter.php(349): CodeIgniter\CodeIgniter->handleRequest(null, Object(Config\Cache), false)
 6 FCPATH\index.php(55): CodeIgniter\CodeIgniter->run()
CRITICAL - 2022-08-01 15:04:25 --> Cannot use object of type stdClass as array
in APPPATH\Views\updating\update_users.php on line 13.
 1 SYSTEMPATH\View\View.php(213): include()
 2 SYSTEMPATH\View\View.php(216): CodeIgniter\View\View->CodeIgniter\View\{closure}()
 3 SYSTEMPATH\Common.php(1135): CodeIgniter\View\View->render('updating/update_users', [], true)
 4 APPPATH\Controllers\Home.php(82): view('updating/update_users', [...])
 5 SYSTEMPATH\CodeIgniter.php(896): App\Controllers\Home->updateSearch()
 6 SYSTEMPATH\CodeIgniter.php(466): CodeIgniter\CodeIgniter->runController(Object(App\Controllers\Home))
 7 SYSTEMPATH\CodeIgniter.php(349): CodeIgniter\CodeIgniter->handleRequest(null, Object(Config\Cache), false)
 8 FCPATH\index.php(55): CodeIgniter\CodeIgniter->run()
