ERROR - 2022-07-29 13:04:10 --> Unknown column 'username' in 'where clause'
ERROR - 2022-07-29 13:04:11 --> Unknown column 'title' in 'field list'
ERROR - 2022-07-29 13:04:11 --> Table 'reslife.resworkorder' doesn't exist
ERROR - 2022-07-29 13:04:11 --> Table 'reslife.resworkorder' doesn't exist
CRITICAL - 2022-07-29 13:04:11 --> Call to a member function getRow() on bool
in APPPATH\Views\updating\update_users.php on line 13.
 1 SYSTEMPATH\View\View.php(213): include()
 2 SYSTEMPATH\View\View.php(216): CodeIgniter\View\View->CodeIgniter\View\{closure}()
 3 SYSTEMPATH\Common.php(1135): CodeIgniter\View\View->render('updating/update_users', [], true)
 4 APPPATH\Controllers\Home.php(81): view('updating/update_users', [...])
 5 SYSTEMPATH\CodeIgniter.php(896): App\Controllers\Home->updateSearch()
 6 SYSTEMPATH\CodeIgniter.php(466): CodeIgniter\CodeIgniter->runController(Object(App\Controllers\Home))
 7 SYSTEMPATH\CodeIgniter.php(349): CodeIgniter\CodeIgniter->handleRequest(null, Object(Config\Cache), false)
 8 FCPATH\index.php(55): CodeIgniter\CodeIgniter->run()
ERROR - 2022-07-29 13:04:15 --> Unknown column 'title' in 'field list'
ERROR - 2022-07-29 13:04:15 --> Table 'reslife.resworkorder' doesn't exist
ERROR - 2022-07-29 13:04:15 --> Table 'reslife.resworkorder' doesn't exist
CRITICAL - 2022-07-29 13:04:15 --> Call to a member function getRow() on bool
in APPPATH\Views\updating\update_users.php on line 13.
 1 SYSTEMPATH\View\View.php(213): include()
 2 SYSTEMPATH\View\View.php(216): CodeIgniter\View\View->CodeIgniter\View\{closure}()
 3 SYSTEMPATH\Common.php(1135): CodeIgniter\View\View->render('updating/update_users', [], true)
 4 APPPATH\Controllers\Home.php(81): view('updating/update_users', [...])
 5 SYSTEMPATH\CodeIgniter.php(896): App\Controllers\Home->updateSearch()
 6 SYSTEMPATH\CodeIgniter.php(466): CodeIgniter\CodeIgniter->runController(Object(App\Controllers\Home))
 7 SYSTEMPATH\CodeIgniter.php(349): CodeIgniter\CodeIgniter->handleRequest(null, Object(Config\Cache), false)
 8 FCPATH\index.php(55): CodeIgniter\CodeIgniter->run()
ERROR - 2022-07-29 13:04:22 --> Unknown column 'title' in 'field list'
ERROR - 2022-07-29 13:04:22 --> Table 'reslife.resworkorder' doesn't exist
ERROR - 2022-07-29 13:04:22 --> Table 'reslife.resworkorder' doesn't exist
CRITICAL - 2022-07-29 13:04:22 --> Call to a member function getRow() on bool
in APPPATH\Views\updating\update_users.php on line 13.
 1 SYSTEMPATH\View\View.php(213): include()
 2 SYSTEMPATH\View\View.php(216): CodeIgniter\View\View->CodeIgniter\View\{closure}()
 3 SYSTEMPATH\Common.php(1135): CodeIgniter\View\View->render('updating/update_users', [], true)
 4 APPPATH\Controllers\Home.php(81): view('updating/update_users', [...])
 5 SYSTEMPATH\CodeIgniter.php(896): App\Controllers\Home->updateSearch()
 6 SYSTEMPATH\CodeIgniter.php(466): CodeIgniter\CodeIgniter->runController(Object(App\Controllers\Home))
 7 SYSTEMPATH\CodeIgniter.php(349): CodeIgniter\CodeIgniter->handleRequest(null, Object(Config\Cache), false)
 8 FCPATH\index.php(55): CodeIgniter\CodeIgniter->run()
ERROR - 2022-07-29 13:14:42 --> Unknown column 'title' in 'field list'
ERROR - 2022-07-29 13:14:42 --> Table 'reslife.resworkorder' doesn't exist
ERROR - 2022-07-29 13:14:42 --> Table 'reslife.resworkorder' doesn't exist
CRITICAL - 2022-07-29 13:14:42 --> Call to a member function getRow() on bool
in APPPATH\Views\updating\update_users.php on line 13.
 1 SYSTEMPATH\View\View.php(213): include()
 2 SYSTEMPATH\View\View.php(216): CodeIgniter\View\View->CodeIgniter\View\{closure}()
 3 SYSTEMPATH\Common.php(1135): CodeIgniter\View\View->render('updating/update_users', [], true)
 4 APPPATH\Controllers\Home.php(81): view('updating/update_users', [...])
 5 SYSTEMPATH\CodeIgniter.php(896): App\Controllers\Home->updateSearch()
 6 SYSTEMPATH\CodeIgniter.php(466): CodeIgniter\CodeIgniter->runController(Object(App\Controllers\Home))
 7 SYSTEMPATH\CodeIgniter.php(349): CodeIgniter\CodeIgniter->handleRequest(null, Object(Config\Cache), false)
 8 FCPATH\index.php(55): CodeIgniter\CodeIgniter->run()
ERROR - 2022-07-29 15:17:30 --> Unknown column 'title' in 'field list'
ERROR - 2022-07-29 15:17:30 --> Table 'reslife.resworkorder' doesn't exist
ERROR - 2022-07-29 15:17:30 --> Table 'reslife.resworkorder' doesn't exist
CRITICAL - 2022-07-29 15:17:30 --> Call to a member function getRow() on bool
in APPPATH\Views\updating\update_users.php on line 13.
 1 SYSTEMPATH\View\View.php(213): include()
 2 SYSTEMPATH\View\View.php(216): CodeIgniter\View\View->CodeIgniter\View\{closure}()
 3 SYSTEMPATH\Common.php(1135): CodeIgniter\View\View->render('updating/update_users', [], true)
 4 APPPATH\Controllers\Home.php(82): view('updating/update_users', [...])
 5 SYSTEMPATH\CodeIgniter.php(896): App\Controllers\Home->updateSearch()
 6 SYSTEMPATH\CodeIgniter.php(466): CodeIgniter\CodeIgniter->runController(Object(App\Controllers\Home))
 7 SYSTEMPATH\CodeIgniter.php(349): CodeIgniter\CodeIgniter->handleRequest(null, Object(Config\Cache), false)
 8 FCPATH\index.php(55): CodeIgniter\CodeIgniter->run()
ERROR - 2022-07-29 15:22:46 --> Unknown column 'title' in 'field list'
ERROR - 2022-07-29 15:22:46 --> Table 'reslife.resworkorder' doesn't exist
ERROR - 2022-07-29 15:22:46 --> Table 'reslife.resworkorder' doesn't exist
CRITICAL - 2022-07-29 15:22:46 --> Call to a member function getResult() on bool
in APPPATH\Views\updating\update_users.php on line 14.
 1 SYSTEMPATH\View\View.php(213): include()
 2 SYSTEMPATH\View\View.php(216): CodeIgniter\View\View->CodeIgniter\View\{closure}()
 3 SYSTEMPATH\Common.php(1135): CodeIgniter\View\View->render('updating/update_users', [], true)
 4 APPPATH\Controllers\Home.php(82): view('updating/update_users', [...])
 5 SYSTEMPATH\CodeIgniter.php(896): App\Controllers\Home->updateSearch()
 6 SYSTEMPATH\CodeIgniter.php(466): CodeIgniter\CodeIgniter->runController(Object(App\Controllers\Home))
 7 SYSTEMPATH\CodeIgniter.php(349): CodeIgniter\CodeIgniter->handleRequest(null, Object(Config\Cache), false)
 8 FCPATH\index.php(55): CodeIgniter\CodeIgniter->run()
ERROR - 2022-07-29 15:23:08 --> Unknown column 'title' in 'field list'
ERROR - 2022-07-29 15:23:08 --> Table 'reslife.resworkorder' doesn't exist
ERROR - 2022-07-29 15:23:08 --> Table 'reslife.resworkorder' doesn't exist
CRITICAL - 2022-07-29 15:23:08 --> Call to a member function get() on bool
in APPPATH\Views\updating\update_users.php on line 14.
 1 SYSTEMPATH\View\View.php(213): include()
 2 SYSTEMPATH\View\View.php(216): CodeIgniter\View\View->CodeIgniter\View\{closure}()
 3 SYSTEMPATH\Common.php(1135): CodeIgniter\View\View->render('updating/update_users', [], true)
 4 APPPATH\Controllers\Home.php(82): view('updating/update_users', [...])
 5 SYSTEMPATH\CodeIgniter.php(896): App\Controllers\Home->updateSearch()
 6 SYSTEMPATH\CodeIgniter.php(466): CodeIgniter\CodeIgniter->runController(Object(App\Controllers\Home))
 7 SYSTEMPATH\CodeIgniter.php(349): CodeIgniter\CodeIgniter->handleRequest(null, Object(Config\Cache), false)
 8 FCPATH\index.php(55): CodeIgniter\CodeIgniter->run()
