CRITICAL - 2023-01-05 08:47:08 --> Call to undefined method CodeIgniter\Database\MySQLi\Result::num_rows()
in APPPATH\Views\Notifications\notifications.php on line 10.
 1 SYSTEMPATH\View\View.php(213): include()
 2 SYSTEMPATH\View\View.php(216): CodeIgniter\View\View->CodeIgniter\View\{closure}()
 3 SYSTEMPATH\Common.php(1135): CodeIgniter\View\View->render('Notifications/notifications', [], true)
 4 APPPATH\Controllers\Home.php(398): view('Notifications/notifications', [...])
 5 SYSTEMPATH\CodeIgniter.php(896): App\Controllers\Home->viewNotifications()
 6 SYSTEMPATH\CodeIgniter.php(466): CodeIgniter\CodeIgniter->runController(Object(App\Controllers\Home))
 7 SYSTEMPATH\CodeIgniter.php(349): CodeIgniter\CodeIgniter->handleRequest(null, Object(Config\Cache), false)
 8 FCPATH\index.php(55): CodeIgniter\CodeIgniter->run()
CRITICAL - 2023-01-05 09:19:24 --> Call to undefined method CodeIgniter\Database\MySQLi\Result::result()
in APPPATH\Views\home_page\home_page.php on line 23.
 1 SYSTEMPATH\View\View.php(213): include()
 2 SYSTEMPATH\View\View.php(216): CodeIgniter\View\View->CodeIgniter\View\{closure}()
 3 SYSTEMPATH\Common.php(1135): CodeIgniter\View\View->render('home_page/home_page', [], true)
 4 APPPATH\Controllers\Home.php(34): view('home_page/home_page', [...])
 5 SYSTEMPATH\CodeIgniter.php(896): App\Controllers\Home->index()
 6 SYSTEMPATH\CodeIgniter.php(466): CodeIgniter\CodeIgniter->runController(Object(App\Controllers\Home))
 7 SYSTEMPATH\CodeIgniter.php(349): CodeIgniter\CodeIgniter->handleRequest(null, Object(Config\Cache), false)
 8 FCPATH\index.php(55): CodeIgniter\CodeIgniter->run()
CRITICAL - 2023-01-05 10:20:19 --> strtotime(): Passing null to parameter #1 ($datetime) of type string is deprecated
in APPPATH\Views\home_page\home_page.php on line 25.
 1 [internal function]: CodeIgniter\Debug\Exceptions->errorHandler(8192, 'strtotime(): Passing null to parameter #1 ($datetime) of type string is deprecated', 'APPPATH\\Views\\home_page\\home_page.php', 25)
 2 APPPATH\Views\home_page\home_page.php(25): strtotime(null)
 3 SYSTEMPATH\View\View.php(213): include('APPPATH\\Views\\home_page\\home_page.php')
 4 SYSTEMPATH\View\View.php(216): CodeIgniter\View\View->CodeIgniter\View\{closure}()
 5 SYSTEMPATH\Common.php(1135): CodeIgniter\View\View->render('home_page/home_page', [], true)
 6 APPPATH\Controllers\Home.php(34): view('home_page/home_page', [...])
 7 SYSTEMPATH\CodeIgniter.php(896): App\Controllers\Home->index()
 8 SYSTEMPATH\CodeIgniter.php(466): CodeIgniter\CodeIgniter->runController(Object(App\Controllers\Home))
 9 SYSTEMPATH\CodeIgniter.php(349): CodeIgniter\CodeIgniter->handleRequest(null, Object(Config\Cache), false)
10 FCPATH\index.php(55): CodeIgniter\CodeIgniter->run()
ERROR - 2023-01-05 09:26:31 --> Unknown column 'Title' in 'field list'
ERROR - 2023-01-05 09:26:34 --> Unknown column 'Title' in 'field list'
ERROR - 2023-01-05 09:46:28 --> Unknown column 'Title' in 'field list'
ERROR - 2023-01-05 09:48:01 --> Unknown column 'Title' in 'field list'
CRITICAL - 2023-01-05 10:23:26 --> Undefined variable $date
in APPPATH\Views\Notifications\notifications.php on line 58.
 1 APPPATH\Views\Notifications\notifications.php(58): CodeIgniter\Debug\Exceptions->errorHandler(2, 'Undefined variable $date', 'APPPATH\\Views\\Notifications\\notifications.php', 58)
 2 SYSTEMPATH\View\View.php(213): include('APPPATH\\Views\\Notifications\\notifications.php')
 3 SYSTEMPATH\View\View.php(216): CodeIgniter\View\View->CodeIgniter\View\{closure}()
 4 SYSTEMPATH\Common.php(1135): CodeIgniter\View\View->render('Notifications/notifications', [], true)
 5 APPPATH\Controllers\Home.php(412): view('Notifications/notifications', [...])
 6 SYSTEMPATH\CodeIgniter.php(896): App\Controllers\Home->addNotifications()
 7 SYSTEMPATH\CodeIgniter.php(466): CodeIgniter\CodeIgniter->runController(Object(App\Controllers\Home))
 8 SYSTEMPATH\CodeIgniter.php(349): CodeIgniter\CodeIgniter->handleRequest(null, Object(Config\Cache), false)
 9 FCPATH\index.php(55): CodeIgniter\CodeIgniter->run()
CRITICAL - 2023-01-05 12:08:01 --> Undefined array key "user"
in APPPATH\Models\Notifications_model.php on line 52.
 1 APPPATH\Models\Notifications_model.php(52): CodeIgniter\Debug\Exceptions->errorHandler(2, 'Undefined array key "user"', 'APPPATH\\Models\\Notifications_model.php', 52)
 2 APPPATH\Controllers\Home.php(432): App\Models\Notifications_model->addNotification([...])
 3 SYSTEMPATH\CodeIgniter.php(896): App\Controllers\Home->addNotification()
 4 SYSTEMPATH\CodeIgniter.php(466): CodeIgniter\CodeIgniter->runController(Object(App\Controllers\Home))
 5 SYSTEMPATH\CodeIgniter.php(349): CodeIgniter\CodeIgniter->handleRequest(null, Object(Config\Cache), false)
 6 FCPATH\index.php(55): CodeIgniter\CodeIgniter->run()
CRITICAL - 2023-01-05 12:10:08 --> Undefined array key "user"
in APPPATH\Models\Notifications_model.php on line 52.
 1 APPPATH\Models\Notifications_model.php(52): CodeIgniter\Debug\Exceptions->errorHandler(2, 'Undefined array key "user"', 'APPPATH\\Models\\Notifications_model.php', 52)
 2 APPPATH\Controllers\Home.php(432): App\Models\Notifications_model->addNotification([...])
 3 SYSTEMPATH\CodeIgniter.php(896): App\Controllers\Home->addNotification()
 4 SYSTEMPATH\CodeIgniter.php(466): CodeIgniter\CodeIgniter->runController(Object(App\Controllers\Home))
 5 SYSTEMPATH\CodeIgniter.php(349): CodeIgniter\CodeIgniter->handleRequest(null, Object(Config\Cache), false)
 6 FCPATH\index.php(55): CodeIgniter\CodeIgniter->run()
CRITICAL - 2023-01-05 12:10:24 --> Undefined array key "user"
in APPPATH\Models\Notifications_model.php on line 52.
 1 APPPATH\Models\Notifications_model.php(52): CodeIgniter\Debug\Exceptions->errorHandler(2, 'Undefined array key "user"', 'APPPATH\\Models\\Notifications_model.php', 52)
 2 APPPATH\Controllers\Home.php(433): App\Models\Notifications_model->addNotification([...])
 3 SYSTEMPATH\CodeIgniter.php(896): App\Controllers\Home->addNotification()
 4 SYSTEMPATH\CodeIgniter.php(466): CodeIgniter\CodeIgniter->runController(Object(App\Controllers\Home))
 5 SYSTEMPATH\CodeIgniter.php(349): CodeIgniter\CodeIgniter->handleRequest(null, Object(Config\Cache), false)
 6 FCPATH\index.php(55): CodeIgniter\CodeIgniter->run()
CRITICAL - 2023-01-05 13:11:04 --> strtotime(): Passing null to parameter #1 ($datetime) of type string is deprecated
in APPPATH\Views\Notifications\notifications.php on line 56.
 1 [internal function]: CodeIgniter\Debug\Exceptions->errorHandler(8192, 'strtotime(): Passing null to parameter #1 ($datetime) of type string is deprecated', 'APPPATH\\Views\\Notifications\\notifications.php', 56)
 2 APPPATH\Views\Notifications\notifications.php(56): strtotime(null)
 3 SYSTEMPATH\View\View.php(213): include('APPPATH\\Views\\Notifications\\notifications.php')
 4 SYSTEMPATH\View\View.php(216): CodeIgniter\View\View->CodeIgniter\View\{closure}()
 5 SYSTEMPATH\Common.php(1135): CodeIgniter\View\View->render('Notifications/notifications', [], true)
 6 APPPATH\Controllers\Home.php(412): view('Notifications/notifications', [...])
 7 APPPATH\Controllers\Home.php(436): App\Controllers\Home->Notifications()
 8 SYSTEMPATH\CodeIgniter.php(896): App\Controllers\Home->addNotification()
 9 SYSTEMPATH\CodeIgniter.php(466): CodeIgniter\CodeIgniter->runController(Object(App\Controllers\Home))
10 SYSTEMPATH\CodeIgniter.php(349): CodeIgniter\CodeIgniter->handleRequest(null, Object(Config\Cache), false)
11 FCPATH\index.php(55): CodeIgniter\CodeIgniter->run()
CRITICAL - 2023-01-05 13:11:38 --> strtotime(): Passing null to parameter #1 ($datetime) of type string is deprecated
in APPPATH\Views\Notifications\view_notifications.php on line 24.
 1 [internal function]: CodeIgniter\Debug\Exceptions->errorHandler(8192, 'strtotime(): Passing null to parameter #1 ($datetime) of type string is deprecated', 'APPPATH\\Views\\Notifications\\view_notifications.php', 24)
 2 APPPATH\Views\Notifications\view_notifications.php(24): strtotime(null)
 3 SYSTEMPATH\View\View.php(213): include('APPPATH\\Views\\Notifications\\view_notifications.php')
 4 SYSTEMPATH\View\View.php(216): CodeIgniter\View\View->CodeIgniter\View\{closure}()
 5 SYSTEMPATH\Common.php(1135): CodeIgniter\View\View->render('Notifications/view_notifications', [], true)
 6 APPPATH\Controllers\Home.php(397): view('Notifications/view_notifications', [...])
 7 SYSTEMPATH\CodeIgniter.php(896): App\Controllers\Home->viewNotifications()
 8 SYSTEMPATH\CodeIgniter.php(466): CodeIgniter\CodeIgniter->runController(Object(App\Controllers\Home))
 9 SYSTEMPATH\CodeIgniter.php(349): CodeIgniter\CodeIgniter->handleRequest(null, Object(Config\Cache), false)
10 FCPATH\index.php(55): CodeIgniter\CodeIgniter->run()
ERROR - 2023-01-05 12:51:47 --> Unknown column 'Title' in 'field list'
ERROR - 2023-01-05 12:52:05 --> Unknown column 'Title' in 'field list'
ERROR - 2023-01-05 12:57:55 --> Unknown column 'id' in 'where clause'
CRITICAL - 2023-01-05 12:57:55 --> Call to undefined function link_tag()
in APPPATH\Views\templates\header.php on line 11.
 1 SYSTEMPATH\View\View.php(213): include()
 2 SYSTEMPATH\View\View.php(216): CodeIgniter\View\View->CodeIgniter\View\{closure}()
 3 SYSTEMPATH\Common.php(1135): CodeIgniter\View\View->render('templates/header', [], true)
 4 APPPATH\Controllers\Home.php(468): view('templates/header', [...])
 5 SYSTEMPATH\CodeIgniter.php(896): App\Controllers\Home->closeNotification()
 6 SYSTEMPATH\CodeIgniter.php(466): CodeIgniter\CodeIgniter->runController(Object(App\Controllers\Home))
 7 SYSTEMPATH\CodeIgniter.php(349): CodeIgniter\CodeIgniter->handleRequest(null, Object(Config\Cache), false)
 8 FCPATH\index.php(55): CodeIgniter\CodeIgniter->run()
ERROR - 2023-01-05 12:58:17 --> Unknown column 'id' in 'where clause'
CRITICAL - 2023-01-05 12:58:17 --> Undefined variable $notifications
in APPPATH\Views\templates\header.php on line 43.
 1 APPPATH\Views\templates\header.php(43): CodeIgniter\Debug\Exceptions->errorHandler(2, 'Undefined variable $notifications', 'APPPATH\\Views\\templates\\header.php', 43)
 2 SYSTEMPATH\View\View.php(213): include('APPPATH\\Views\\templates\\header.php')
 3 SYSTEMPATH\View\View.php(216): CodeIgniter\View\View->CodeIgniter\View\{closure}()
 4 SYSTEMPATH\Common.php(1135): CodeIgniter\View\View->render('templates/header', [], true)
 5 APPPATH\Controllers\Home.php(469): view('templates/header', [...])
 6 SYSTEMPATH\CodeIgniter.php(896): App\Controllers\Home->closeNotification()
 7 SYSTEMPATH\CodeIgniter.php(466): CodeIgniter\CodeIgniter->runController(Object(App\Controllers\Home))
 8 SYSTEMPATH\CodeIgniter.php(349): CodeIgniter\CodeIgniter->handleRequest(null, Object(Config\Cache), false)
 9 FCPATH\index.php(55): CodeIgniter\CodeIgniter->run()
ERROR - 2023-01-05 12:58:43 --> Unknown column 'id' in 'where clause'
ERROR - 2023-01-05 13:07:38 --> Unknown column 'Title' in 'field list'
ERROR - 2023-01-05 13:07:46 --> Unknown column 'Title' in 'field list'
ERROR - 2023-01-05 13:07:56 --> You have an error in your SQL syntax; check the manual that corresponds to your MariaDB server version for the right syntax to use near 'UPDATE `auth` SET `hallid` = 1, job` = 78, auth_level` = 0, form_access` = 1,...' at line 1
ERROR - 2023-01-05 13:07:56 --> Cannot add or update a child row: a foreign key constraint fails (`reslife`.`hall_directors`, CONSTRAINT `hall_directors_ibfk_1` FOREIGN KEY (`hall_id`) REFERENCES `Halls` (`hall_id`) ON UPDATE CASCADE)
ERROR - 2023-01-05 13:08:05 --> Unknown column 'Title' in 'field list'
ERROR - 2023-01-05 13:08:09 --> You have an error in your SQL syntax; check the manual that corresponds to your MariaDB server version for the right syntax to use near 'UPDATE `auth` SET `hallid` = 1, job` = 77, auth_level` = 0, form_access` = 1,...' at line 1
ERROR - 2023-01-05 13:08:09 --> Cannot add or update a child row: a foreign key constraint fails (`reslife`.`hall_directors`, CONSTRAINT `hall_directors_ibfk_1` FOREIGN KEY (`hall_id`) REFERENCES `Halls` (`hall_id`) ON UPDATE CASCADE)
ERROR - 2023-01-05 13:08:16 --> Unknown column 'Title' in 'field list'
ERROR - 2023-01-05 13:09:49 --> Unknown column 'Title' in 'field list'
ERROR - 2023-01-05 13:12:00 --> Unknown column 'Title' in 'field list'
ERROR - 2023-01-05 13:15:41 --> You have an error in your SQL syntax; check the manual that corresponds to your MariaDB server version for the right syntax to use near 'UPDATE `auth` SET `hallid` = 7, job` = 78, auth_level` = 0, form_access` = 1,...' at line 1
ERROR - 2023-01-05 13:15:41 --> Cannot add or update a child row: a foreign key constraint fails (`reslife`.`hall_directors`, CONSTRAINT `hall_directors_ibfk_1` FOREIGN KEY (`hall_id`) REFERENCES `Halls` (`hall_id`) ON UPDATE CASCADE)
ERROR - 2023-01-05 13:15:45 --> Unknown column 'Title' in 'field list'
ERROR - 2023-01-05 13:15:54 --> Unknown column 'Title' in 'field list'
ERROR - 2023-01-05 13:16:00 --> You have an error in your SQL syntax; check the manual that corresponds to your MariaDB server version for the right syntax to use near 'UPDATE `auth` SET `hallid` = 7, job` = 77, auth_level` = 0, form_access` = 1,...' at line 1
ERROR - 2023-01-05 13:16:00 --> Cannot add or update a child row: a foreign key constraint fails (`reslife`.`hall_directors`, CONSTRAINT `hall_directors_ibfk_1` FOREIGN KEY (`hall_id`) REFERENCES `Halls` (`hall_id`) ON UPDATE CASCADE)
ERROR - 2023-01-05 13:16:04 --> Unknown column 'Title' in 'field list'
ERROR - 2023-01-05 13:16:57 --> Unknown column 'Title' in 'field list'
ERROR - 2023-01-05 13:17:16 --> Unknown column 'Title' in 'field list'
ERROR - 2023-01-05 13:17:23 --> You have an error in your SQL syntax; check the manual that corresponds to your MariaDB server version for the right syntax to use near 'UPDATE `auth` SET `hallid` = 7, job` = 77, auth_level` = 0, form_access` = 1,...' at line 1
ERROR - 2023-01-05 13:17:23 --> Cannot add or update a child row: a foreign key constraint fails (`reslife`.`hall_directors`, CONSTRAINT `hall_directors_ibfk_1` FOREIGN KEY (`hall_id`) REFERENCES `Halls` (`hall_id`) ON UPDATE CASCADE)
ERROR - 2023-01-05 13:37:34 --> Unknown column 'Title' in 'field list'
ERROR - 2023-01-05 13:37:37 --> You have an error in your SQL syntax; check the manual that corresponds to your MariaDB server version for the right syntax to use near 'UPDATE `auth` SET `hallid` = 1, job` = 77, auth_level` = 0, form_access` = 1,...' at line 1
ERROR - 2023-01-05 13:37:37 --> Cannot add or update a child row: a foreign key constraint fails (`reslife`.`hall_directors`, CONSTRAINT `hall_directors_ibfk_1` FOREIGN KEY (`hall_id`) REFERENCES `Halls` (`hall_id`) ON UPDATE CASCADE)
ERROR - 2023-01-05 13:46:56 --> Unknown column 'Title' in 'field list'
ERROR - 2023-01-05 13:47:07 --> You have an error in your SQL syntax; check the manual that corresponds to your MariaDB server version for the right syntax to use near 'UPDATE `auth` SET `hallid` = 10, job` = 77, auth_level` = 0, form_access` = 1...' at line 1
ERROR - 2023-01-05 13:47:07 --> You have an error in your SQL syntax; check the manual that corresponds to your MariaDB server version for the right syntax to use near 'SET FOREIGN_KEY_CHECKS = 0
FROM `hall_directors`' at line 1
ERROR - 2023-01-05 13:47:07 --> Cannot add or update a child row: a foreign key constraint fails (`reslife`.`hall_directors`, CONSTRAINT `hall_directors_ibfk_1` FOREIGN KEY (`hall_id`) REFERENCES `Halls` (`hall_id`) ON UPDATE CASCADE)
ERROR - 2023-01-05 13:48:15 --> Unknown column 'Title' in 'field list'
ERROR - 2023-01-05 13:48:54 --> You have an error in your SQL syntax; check the manual that corresponds to your MariaDB server version for the right syntax to use near 'UPDATE `auth` SET `hallid` = 2, job` = 77, auth_level` = 0, form_access` = 1,...' at line 1
ERROR - 2023-01-05 13:48:54 --> You have an error in your SQL syntax; check the manual that corresponds to your MariaDB server version for the right syntax to use near 'SET FOREIGN_KEY_CHECKS = 0
FROM `hall_directors`' at line 1
ERROR - 2023-01-05 13:48:54 --> Cannot add or update a child row: a foreign key constraint fails (`reslife`.`hall_directors`, CONSTRAINT `hall_directors_ibfk_1` FOREIGN KEY (`hall_id`) REFERENCES `Halls` (`hall_id`) ON UPDATE CASCADE)
ERROR - 2023-01-05 13:48:58 --> Unknown column 'Title' in 'field list'
ERROR - 2023-01-05 13:49:48 --> You have an error in your SQL syntax; check the manual that corresponds to your MariaDB server version for the right syntax to use near 'UPDATE `auth` SET `hallid` = 1, job` = 77, auth_level` = 0, form_access` = 1,...' at line 1
ERROR - 2023-01-05 13:49:48 --> You have an error in your SQL syntax; check the manual that corresponds to your MariaDB server version for the right syntax to use near 'SET FOREIGN_KEY_CHECKS = 0
FROM `hall_directors`' at line 1
ERROR - 2023-01-05 13:49:48 --> Cannot add or update a child row: a foreign key constraint fails (`reslife`.`hall_directors`, CONSTRAINT `hall_directors_ibfk_1` FOREIGN KEY (`hall_id`) REFERENCES `Halls` (`hall_id`) ON UPDATE CASCADE)
ERROR - 2023-01-05 13:49:52 --> Unknown column 'Title' in 'field list'
ERROR - 2023-01-05 13:52:12 --> You have an error in your SQL syntax; check the manual that corresponds to your MariaDB server version for the right syntax to use near 'UPDATE `auth` SET `hallid` = 1, job` = 78, auth_level` = 0, form_access` = 1,...' at line 1
ERROR - 2023-01-05 13:52:12 --> You have an error in your SQL syntax; check the manual that corresponds to your MariaDB server version for the right syntax to use near 'SET FOREIGN_KEY_CHECKS = 0
FROM `hall_directors`' at line 1
ERROR - 2023-01-05 13:52:12 --> Cannot add or update a child row: a foreign key constraint fails (`reslife`.`hall_directors`, CONSTRAINT `hall_directors_ibfk_1` FOREIGN KEY (`hall_id`) REFERENCES `Halls` (`hall_id`) ON UPDATE CASCADE)
ERROR - 2023-01-05 13:52:15 --> Unknown column 'Title' in 'field list'
ERROR - 2023-01-05 13:53:53 --> Unknown column 'Title' in 'field list'
ERROR - 2023-01-05 13:54:03 --> You have an error in your SQL syntax; check the manual that corresponds to your MariaDB server version for the right syntax to use near 'UPDATE `auth` SET `hallid` = 1, job` = 77, auth_level` = 0, form_access` = 1,...' at line 1
ERROR - 2023-01-05 13:54:03 --> Cannot add or update a child row: a foreign key constraint fails (`reslife`.`hall_directors`, CONSTRAINT `hall_directors_ibfk_1` FOREIGN KEY (`hall_id`) REFERENCES `Halls` (`hall_id`) ON UPDATE CASCADE)
ERROR - 2023-01-05 13:54:07 --> Unknown column 'Title' in 'field list'
ERROR - 2023-01-05 13:54:21 --> You have an error in your SQL syntax; check the manual that corresponds to your MariaDB server version for the right syntax to use near 'UPDATE `auth` SET `hallid` = 1, job` = 78, auth_level` = 0, form_access` = 1,...' at line 1
ERROR - 2023-01-05 13:54:21 --> Cannot add or update a child row: a foreign key constraint fails (`reslife`.`hall_directors`, CONSTRAINT `hall_directors_ibfk_1` FOREIGN KEY (`hall_id`) REFERENCES `Halls` (`hall_id`) ON UPDATE CASCADE)
ERROR - 2023-01-05 13:54:27 --> Unknown column 'Title' in 'field list'
ERROR - 2023-01-05 13:54:56 --> Unknown column 'Title' in 'field list'
ERROR - 2023-01-05 13:54:58 --> You have an error in your SQL syntax; check the manual that corresponds to your MariaDB server version for the right syntax to use near 'UPDATE `auth` SET `hallid` = 1, job` = 78, auth_level` = 0, form_access` = 1,...' at line 1
ERROR - 2023-01-05 13:54:58 --> Cannot add or update a child row: a foreign key constraint fails (`reslife`.`hall_directors`, CONSTRAINT `hall_directors_ibfk_1` FOREIGN KEY (`hall_id`) REFERENCES `Halls` (`hall_id`) ON UPDATE CASCADE)
ERROR - 2023-01-05 13:57:10 --> You have an error in your SQL syntax; check the manual that corresponds to your MariaDB server version for the right syntax to use near 'UPDATE `auth` SET `hallid` = 1, job` = 78, auth_level` = 0, form_access` = 1,...' at line 1
ERROR - 2023-01-05 13:57:10 --> Cannot add or update a child row: a foreign key constraint fails (`reslife`.`hall_directors`, CONSTRAINT `hall_directors_ibfk_1` FOREIGN KEY (`hall_id`) REFERENCES `Halls` (`hall_id`) ON UPDATE CASCADE)
ERROR - 2023-01-05 13:57:14 --> You have an error in your SQL syntax; check the manual that corresponds to your MariaDB server version for the right syntax to use near 'UPDATE `auth` SET `hallid` = 1, job` = 78, auth_level` = 0, form_access` = 1,...' at line 1
ERROR - 2023-01-05 13:57:14 --> Cannot add or update a child row: a foreign key constraint fails (`reslife`.`hall_directors`, CONSTRAINT `hall_directors_ibfk_1` FOREIGN KEY (`hall_id`) REFERENCES `Halls` (`hall_id`) ON UPDATE CASCADE)
ERROR - 2023-01-05 14:06:22 --> You have an error in your SQL syntax; check the manual that corresponds to your MariaDB server version for the right syntax to use near 'UPDATE `auth` SET `hallid` = 1, job` = 78, auth_level` = 0, form_access` = 1,...' at line 1
ERROR - 2023-01-05 14:06:22 --> Cannot add or update a child row: a foreign key constraint fails (`reslife`.`hall_directors`, CONSTRAINT `hall_directors_ibfk_1` FOREIGN KEY (`hall_id`) REFERENCES `Halls` (`hall_id`) ON UPDATE CASCADE)
ERROR - 2023-01-05 14:07:07 --> You have an error in your SQL syntax; check the manual that corresponds to your MariaDB server version for the right syntax to use near 'UPDATE `auth` SET `hallid` = 1, job` = 78, auth_level` = 0, form_access` = 1,...' at line 1
ERROR - 2023-01-05 14:07:07 --> Cannot add or update a child row: a foreign key constraint fails (`reslife`.`hall_directors`, CONSTRAINT `hall_directors_ibfk_1` FOREIGN KEY (`hall_id`) REFERENCES `Halls` (`hall_id`) ON UPDATE CASCADE)
ERROR - 2023-01-05 14:08:32 --> You have an error in your SQL syntax; check the manual that corresponds to your MariaDB server version for the right syntax to use near 'UPDATE `auth` SET `hallid` = 1, job` = 78, auth_level` = 0, form_access` = 1,...' at line 1
ERROR - 2023-01-05 14:08:32 --> Cannot add or update a child row: a foreign key constraint fails (`reslife`.`hall_directors`, CONSTRAINT `hall_directors_ibfk_1` FOREIGN KEY (`hall_id`) REFERENCES `Halls` (`hall_id`) ON UPDATE CASCADE)
ERROR - 2023-01-05 14:08:45 --> You have an error in your SQL syntax; check the manual that corresponds to your MariaDB server version for the right syntax to use near 'UPDATE `auth` SET `hallid` = 1, job` = 78, auth_level` = 0, form_access` = 1,...' at line 1
ERROR - 2023-01-05 14:08:45 --> Cannot add or update a child row: a foreign key constraint fails (`reslife`.`hall_directors`, CONSTRAINT `hall_directors_ibfk_1` FOREIGN KEY (`hall_id`) REFERENCES `Halls` (`hall_id`) ON UPDATE CASCADE)
ERROR - 2023-01-05 14:09:09 --> You have an error in your SQL syntax; check the manual that corresponds to your MariaDB server version for the right syntax to use near 'UPDATE `auth` SET `hallid` = 1, job` = 78, auth_level` = 0, form_access` = 1,...' at line 1
ERROR - 2023-01-05 14:09:09 --> Cannot add or update a child row: a foreign key constraint fails (`reslife`.`hall_directors`, CONSTRAINT `hall_directors_ibfk_1` FOREIGN KEY (`hall_id`) REFERENCES `Halls` (`hall_id`) ON UPDATE CASCADE)
ERROR - 2023-01-05 14:09:33 --> You have an error in your SQL syntax; check the manual that corresponds to your MariaDB server version for the right syntax to use near 'UPDATE `auth` SET `hallid` = 1, job` = 78, auth_level` = 0, form_access` = 1,...' at line 1
ERROR - 2023-01-05 14:09:33 --> Cannot add or update a child row: a foreign key constraint fails (`reslife`.`hall_directors`, CONSTRAINT `hall_directors_ibfk_1` FOREIGN KEY (`hall_id`) REFERENCES `Halls` (`hall_id`) ON UPDATE CASCADE)
ERROR - 2023-01-05 14:11:00 --> You have an error in your SQL syntax; check the manual that corresponds to your MariaDB server version for the right syntax to use near 'UPDATE `auth` SET `hallid` = 1, job` = 78, auth_level` = 0, form_access` = 1,...' at line 1
ERROR - 2023-01-05 14:11:00 --> Cannot add or update a child row: a foreign key constraint fails (`reslife`.`hall_directors`, CONSTRAINT `hall_directors_ibfk_1` FOREIGN KEY (`hall_id`) REFERENCES `Halls` (`hall_id`) ON UPDATE CASCADE)
ERROR - 2023-01-05 14:12:44 --> You have an error in your SQL syntax; check the manual that corresponds to your MariaDB server version for the right syntax to use near 'UPDATE `auth` SET `hallid` = 1, job` = 78, auth_level` = 0, form_access` = 1,...' at line 1
CRITICAL - 2023-01-05 14:12:44 --> You have an error in your SQL syntax; check the manual that corresponds to your MariaDB server version for the right syntax to use near 'UPDATE `auth` SET `hallid` = 1, job` = 78, auth_level` = 0, form_access` = 1,...' at line 1
in SYSTEMPATH\Database\MySQLi\Connection.php on line 292.
 1 SYSTEMPATH\Database\MySQLi\Connection.php(292): mysqli->query('SELECT UPDATE `auth` SET `hallid` = 1, job` = 78, auth_level` = 0, form_access` = 1, programming_level` = 0, Central Office` = 0, permissions` = dev, banned_list, housing_director, admins, adminSection, graphics_portal, clockulator, judical_portal, hall_directors, oa_array, WHERE `id` = 70537527
FROM `auth`', 0)
 2 SYSTEMPATH\Database\BaseConnection.php(695): CodeIgniter\Database\MySQLi\Connection->execute('SELECT UPDATE `auth` SET `hallid` = 1, job` = 78, auth_level` = 0, form_access` = 1, programming_level` = 0, Central Office` = 0, permissions` = dev, banned_list, housing_director, admins, adminSection, graphics_portal, clockulator, judical_portal, hall_directors, oa_array, WHERE `id` = 70537527
FROM `auth`')
 3 SYSTEMPATH\Database\BaseConnection.php(609): CodeIgniter\Database\BaseConnection->simpleQuery('SELECT UPDATE `auth` SET `hallid` = 1, job` = 78, auth_level` = 0, form_access` = 1, programming_level` = 0, Central Office` = 0, permissions` = dev, banned_list, housing_director, admins, adminSection, graphics_portal, clockulator, judical_portal, hall_directors, oa_array, WHERE `id` = 70537527
FROM `auth`')
 4 SYSTEMPATH\Database\BaseBuilder.php(1585): CodeIgniter\Database\BaseConnection->query('SELECT UPDATE `auth` SET `hallid` = 1, job` = 78, auth_level` = 0, form_access` = 1, programming_level` = 0, Central Office` = 0, permissions` = dev, banned_list, housing_director, admins, adminSection, graphics_portal, clockulator, judical_portal, hall_directors, oa_array, WHERE `id` = 70537527
FROM `auth`', [], false)
 5 APPPATH\Models\Update_model.php(325): CodeIgniter\Database\BaseBuilder->get()
 6 APPPATH\Controllers\Home.php(210): App\Models\Update_Model->updateUser([...])
 7 SYSTEMPATH\CodeIgniter.php(896): App\Controllers\Home->submitUpdate()
 8 SYSTEMPATH\CodeIgniter.php(466): CodeIgniter\CodeIgniter->runController(Object(App\Controllers\Home))
 9 SYSTEMPATH\CodeIgniter.php(349): CodeIgniter\CodeIgniter->handleRequest(null, Object(Config\Cache), false)
10 FCPATH\index.php(55): CodeIgniter\CodeIgniter->run()
ERROR - 2023-01-05 14:14:17 --> You have an error in your SQL syntax; check the manual that corresponds to your MariaDB server version for the right syntax to use near 'UPDATE `auth` SET `hallid` = 1, job` = 78, auth_level` = 0, form_access` = 1,...' at line 1
CRITICAL - 2023-01-05 14:14:17 --> You have an error in your SQL syntax; check the manual that corresponds to your MariaDB server version for the right syntax to use near 'UPDATE `auth` SET `hallid` = 1, job` = 78, auth_level` = 0, form_access` = 1,...' at line 1
in SYSTEMPATH\Database\MySQLi\Connection.php on line 292.
 1 SYSTEMPATH\Database\MySQLi\Connection.php(292): mysqli->query('SELECT UPDATE `auth` SET `hallid` = 1, job` = 78, auth_level` = 0, form_access` = 1, programming_level` = 0, Central Office` = 0, permissions` = dev, banned_list, housing_director, admins, adminSection, graphics_portal, clockulator, judical_portal, hall_directors, oa_array, WHERE `id` = 70537527
FROM `auth`', 0)
 2 SYSTEMPATH\Database\BaseConnection.php(695): CodeIgniter\Database\MySQLi\Connection->execute('SELECT UPDATE `auth` SET `hallid` = 1, job` = 78, auth_level` = 0, form_access` = 1, programming_level` = 0, Central Office` = 0, permissions` = dev, banned_list, housing_director, admins, adminSection, graphics_portal, clockulator, judical_portal, hall_directors, oa_array, WHERE `id` = 70537527
FROM `auth`')
 3 SYSTEMPATH\Database\BaseConnection.php(609): CodeIgniter\Database\BaseConnection->simpleQuery('SELECT UPDATE `auth` SET `hallid` = 1, job` = 78, auth_level` = 0, form_access` = 1, programming_level` = 0, Central Office` = 0, permissions` = dev, banned_list, housing_director, admins, adminSection, graphics_portal, clockulator, judical_portal, hall_directors, oa_array, WHERE `id` = 70537527
FROM `auth`')
 4 SYSTEMPATH\Database\BaseBuilder.php(1585): CodeIgniter\Database\BaseConnection->query('SELECT UPDATE `auth` SET `hallid` = 1, job` = 78, auth_level` = 0, form_access` = 1, programming_level` = 0, Central Office` = 0, permissions` = dev, banned_list, housing_director, admins, adminSection, graphics_portal, clockulator, judical_portal, hall_directors, oa_array, WHERE `id` = 70537527
FROM `auth`', [], false)
 5 APPPATH\Models\Update_model.php(325): CodeIgniter\Database\BaseBuilder->get()
 6 APPPATH\Controllers\Home.php(207): App\Models\Update_Model->updateUser([...])
 7 SYSTEMPATH\CodeIgniter.php(896): App\Controllers\Home->submitUpdate()
 8 SYSTEMPATH\CodeIgniter.php(466): CodeIgniter\CodeIgniter->runController(Object(App\Controllers\Home))
 9 SYSTEMPATH\CodeIgniter.php(349): CodeIgniter\CodeIgniter->handleRequest(null, Object(Config\Cache), false)
10 FCPATH\index.php(55): CodeIgniter\CodeIgniter->run()
ERROR - 2023-01-05 14:16:27 --> Unknown column 'Title' in 'field list'
CRITICAL - 2023-01-05 14:16:27 --> Unknown column 'Title' in 'field list'
in SYSTEMPATH\Database\MySQLi\Connection.php on line 292.
 1 SYSTEMPATH\Database\MySQLi\Connection.php(292): mysqli->query('SELECT `Title`
FROM `jobs`
WHERE `id` = \'61\'', 0)
 2 SYSTEMPATH\Database\BaseConnection.php(695): CodeIgniter\Database\MySQLi\Connection->execute('SELECT `Title`
FROM `jobs`
WHERE `id` = \'61\'')
 3 SYSTEMPATH\Database\BaseConnection.php(609): CodeIgniter\Database\BaseConnection->simpleQuery('SELECT `Title`
FROM `jobs`
WHERE `id` = \'61\'')
 4 SYSTEMPATH\Database\BaseBuilder.php(1585): CodeIgniter\Database\BaseConnection->query('SELECT `Title`
FROM `jobs`
WHERE `id` = :id:', [...], false)
 5 APPPATH\Models\Update_model.php(87): CodeIgniter\Database\BaseBuilder->get()
 6 APPPATH\Controllers\Home.php(90): App\Models\Update_Model->getUsers('fernandezf2')
 7 SYSTEMPATH\CodeIgniter.php(896): App\Controllers\Home->updateSearch()
 8 SYSTEMPATH\CodeIgniter.php(466): CodeIgniter\CodeIgniter->runController(Object(App\Controllers\Home))
 9 SYSTEMPATH\CodeIgniter.php(349): CodeIgniter\CodeIgniter->handleRequest(null, Object(Config\Cache), false)
10 FCPATH\index.php(55): CodeIgniter\CodeIgniter->run()
CRITICAL - 2023-01-05 14:32:40 --> Undefined property: stdClass::$job
in APPPATH\Models\Update_model.php on line 86.
 1 APPPATH\Models\Update_model.php(86): CodeIgniter\Debug\Exceptions->errorHandler(2, 'Undefined property: stdClass::$job', 'APPPATH\\Models\\Update_model.php', 86)
 2 APPPATH\Controllers\Home.php(90): App\Models\Update_Model->getUsers('fernandezf2')
 3 SYSTEMPATH\CodeIgniter.php(896): App\Controllers\Home->updateSearch()
 4 SYSTEMPATH\CodeIgniter.php(466): CodeIgniter\CodeIgniter->runController(Object(App\Controllers\Home))
 5 SYSTEMPATH\CodeIgniter.php(349): CodeIgniter\CodeIgniter->handleRequest(null, Object(Config\Cache), false)
 6 FCPATH\index.php(55): CodeIgniter\CodeIgniter->run()
ERROR - 2023-01-05 14:32:52 --> Unknown column 'Title' in 'field list'
CRITICAL - 2023-01-05 14:32:52 --> Unknown column 'Title' in 'field list'
in SYSTEMPATH\Database\MySQLi\Connection.php on line 292.
 1 SYSTEMPATH\Database\MySQLi\Connection.php(292): mysqli->query('SELECT `Title`
FROM `jobs`
WHERE `id` = \'12\'', 0)
 2 SYSTEMPATH\Database\BaseConnection.php(695): CodeIgniter\Database\MySQLi\Connection->execute('SELECT `Title`
FROM `jobs`
WHERE `id` = \'12\'')
 3 SYSTEMPATH\Database\BaseConnection.php(609): CodeIgniter\Database\BaseConnection->simpleQuery('SELECT `Title`
FROM `jobs`
WHERE `id` = \'12\'')
 4 SYSTEMPATH\Database\BaseBuilder.php(1585): CodeIgniter\Database\BaseConnection->query('SELECT `Title`
FROM `jobs`
WHERE `id` = :id:', [...], false)
 5 APPPATH\Models\Update_model.php(87): CodeIgniter\Database\BaseBuilder->get()
 6 APPPATH\Controllers\Home.php(90): App\Models\Update_Model->getUsers('fernandezf2')
 7 SYSTEMPATH\CodeIgniter.php(896): App\Controllers\Home->updateSearch()
 8 SYSTEMPATH\CodeIgniter.php(466): CodeIgniter\CodeIgniter->runController(Object(App\Controllers\Home))
 9 SYSTEMPATH\CodeIgniter.php(349): CodeIgniter\CodeIgniter->handleRequest(null, Object(Config\Cache), false)
10 FCPATH\index.php(55): CodeIgniter\CodeIgniter->run()
ERROR - 2023-01-05 14:33:48 --> Unknown column 'id' in 'where clause'
CRITICAL - 2023-01-05 14:33:48 --> Unknown column 'id' in 'where clause'
in SYSTEMPATH\Database\MySQLi\Connection.php on line 292.
 1 SYSTEMPATH\Database\MySQLi\Connection.php(292): mysqli->query('SELECT `job_title`
FROM `jobs`
WHERE `id` = \'12\'', 0)
 2 SYSTEMPATH\Database\BaseConnection.php(695): CodeIgniter\Database\MySQLi\Connection->execute('SELECT `job_title`
FROM `jobs`
WHERE `id` = \'12\'')
 3 SYSTEMPATH\Database\BaseConnection.php(609): CodeIgniter\Database\BaseConnection->simpleQuery('SELECT `job_title`
FROM `jobs`
WHERE `id` = \'12\'')
 4 SYSTEMPATH\Database\BaseBuilder.php(1585): CodeIgniter\Database\BaseConnection->query('SELECT `job_title`
FROM `jobs`
WHERE `id` = :id:', [...], false)
 5 APPPATH\Models\Update_model.php(87): CodeIgniter\Database\BaseBuilder->get()
 6 APPPATH\Controllers\Home.php(90): App\Models\Update_Model->getUsers('fernandezf2')
 7 SYSTEMPATH\CodeIgniter.php(896): App\Controllers\Home->updateSearch()
 8 SYSTEMPATH\CodeIgniter.php(466): CodeIgniter\CodeIgniter->runController(Object(App\Controllers\Home))
 9 SYSTEMPATH\CodeIgniter.php(349): CodeIgniter\CodeIgniter->handleRequest(null, Object(Config\Cache), false)
10 FCPATH\index.php(55): CodeIgniter\CodeIgniter->run()
ERROR - 2023-01-05 14:34:32 --> You have an error in your SQL syntax; check the manual that corresponds to your MariaDB server version for the right syntax to use near 'UPDATE `auth` SET `hallid` = 1, job` = 78, auth_level` = 0, form_access` = 1,...' at line 1
CRITICAL - 2023-01-05 14:34:32 --> You have an error in your SQL syntax; check the manual that corresponds to your MariaDB server version for the right syntax to use near 'UPDATE `auth` SET `hallid` = 1, job` = 78, auth_level` = 0, form_access` = 1,...' at line 1
in SYSTEMPATH\Database\MySQLi\Connection.php on line 292.
 1 SYSTEMPATH\Database\MySQLi\Connection.php(292): mysqli->query('SELECT UPDATE `auth` SET `hallid` = 1, job` = 78, auth_level` = 0, form_access` = 1, programming_level` = 0, Central Office` = 0, permissions` = dev, banned_list, housing_director, admins, adminSection, graphics_portal, clockulator, judical_portal, hall_directors, oa_array, WHERE `id` = 70537527
FROM `auth`', 0)
 2 SYSTEMPATH\Database\BaseConnection.php(695): CodeIgniter\Database\MySQLi\Connection->execute('SELECT UPDATE `auth` SET `hallid` = 1, job` = 78, auth_level` = 0, form_access` = 1, programming_level` = 0, Central Office` = 0, permissions` = dev, banned_list, housing_director, admins, adminSection, graphics_portal, clockulator, judical_portal, hall_directors, oa_array, WHERE `id` = 70537527
FROM `auth`')
 3 SYSTEMPATH\Database\BaseConnection.php(609): CodeIgniter\Database\BaseConnection->simpleQuery('SELECT UPDATE `auth` SET `hallid` = 1, job` = 78, auth_level` = 0, form_access` = 1, programming_level` = 0, Central Office` = 0, permissions` = dev, banned_list, housing_director, admins, adminSection, graphics_portal, clockulator, judical_portal, hall_directors, oa_array, WHERE `id` = 70537527
FROM `auth`')
 4 SYSTEMPATH\Database\BaseBuilder.php(1585): CodeIgniter\Database\BaseConnection->query('SELECT UPDATE `auth` SET `hallid` = 1, job` = 78, auth_level` = 0, form_access` = 1, programming_level` = 0, Central Office` = 0, permissions` = dev, banned_list, housing_director, admins, adminSection, graphics_portal, clockulator, judical_portal, hall_directors, oa_array, WHERE `id` = 70537527
FROM `auth`', [], false)
 5 APPPATH\Models\Update_model.php(325): CodeIgniter\Database\BaseBuilder->get()
 6 APPPATH\Controllers\Home.php(207): App\Models\Update_Model->updateUser([...])
 7 SYSTEMPATH\CodeIgniter.php(896): App\Controllers\Home->submitUpdate()
 8 SYSTEMPATH\CodeIgniter.php(466): CodeIgniter\CodeIgniter->runController(Object(App\Controllers\Home))
 9 SYSTEMPATH\CodeIgniter.php(349): CodeIgniter\CodeIgniter->handleRequest(null, Object(Config\Cache), false)
10 FCPATH\index.php(55): CodeIgniter\CodeIgniter->run()
ERROR - 2023-01-05 14:40:03 --> Cannot add or update a child row: a foreign key constraint fails (`reslife`.`hall_directors`, CONSTRAINT `hall_directors_ibfk_1` FOREIGN KEY (`hall_id`) REFERENCES `Halls` (`hall_id`) ON UPDATE CASCADE)
CRITICAL - 2023-01-05 14:40:03 --> Cannot add or update a child row: a foreign key constraint fails (`reslife`.`hall_directors`, CONSTRAINT `hall_directors_ibfk_1` FOREIGN KEY (`hall_id`) REFERENCES `Halls` (`hall_id`) ON UPDATE CASCADE)
in SYSTEMPATH\Database\MySQLi\Connection.php on line 292.
 1 SYSTEMPATH\Database\MySQLi\Connection.php(292): mysqli->query('INSERT INTO `hall_directors` (`hall_id`, `id`, `email`, `username`, `first_name`, `last_name`, `phone_ext`) VALUES (\'1\', \'70537527\', \'fernandezf2@southernct.edu\', \'fernandezf2\', \'Felix\', \'Fernandez\', \'\')', 0)
 2 SYSTEMPATH\Database\BaseConnection.php(695): CodeIgniter\Database\MySQLi\Connection->execute('INSERT INTO `hall_directors` (`hall_id`, `id`, `email`, `username`, `first_name`, `last_name`, `phone_ext`) VALUES (\'1\', \'70537527\', \'fernandezf2@southernct.edu\', \'fernandezf2\', \'Felix\', \'Fernandez\', \'\')')
 3 SYSTEMPATH\Database\BaseConnection.php(609): CodeIgniter\Database\BaseConnection->simpleQuery('INSERT INTO `hall_directors` (`hall_id`, `id`, `email`, `username`, `first_name`, `last_name`, `phone_ext`) VALUES (\'1\', \'70537527\', \'fernandezf2@southernct.edu\', \'fernandezf2\', \'Felix\', \'Fernandez\', \'\')')
 4 SYSTEMPATH\Database\BaseBuilder.php(1904): CodeIgniter\Database\BaseConnection->query('INSERT INTO `hall_directors` (`hall_id`, `id`, `email`, `username`, `first_name`, `last_name`, `phone_ext`) VALUES (:hall_id:, :id:, :email:, :username:, :first_name:, :last_name:, :phone_ext:)', [...], false)
 5 APPPATH\Models\Update_model.php(366): CodeIgniter\Database\BaseBuilder->insert([...])
 6 APPPATH\Controllers\Home.php(207): App\Models\Update_Model->updateUser([...])
 7 SYSTEMPATH\CodeIgniter.php(896): App\Controllers\Home->submitUpdate()
 8 SYSTEMPATH\CodeIgniter.php(466): CodeIgniter\CodeIgniter->runController(Object(App\Controllers\Home))
 9 SYSTEMPATH\CodeIgniter.php(349): CodeIgniter\CodeIgniter->handleRequest(null, Object(Config\Cache), false)
10 FCPATH\index.php(55): CodeIgniter\CodeIgniter->run()
ERROR - 2023-01-05 14:40:15 --> Cannot add or update a child row: a foreign key constraint fails (`reslife`.`hall_directors`, CONSTRAINT `hall_directors_ibfk_1` FOREIGN KEY (`hall_id`) REFERENCES `Halls` (`hall_id`) ON UPDATE CASCADE)
CRITICAL - 2023-01-05 14:40:15 --> Cannot add or update a child row: a foreign key constraint fails (`reslife`.`hall_directors`, CONSTRAINT `hall_directors_ibfk_1` FOREIGN KEY (`hall_id`) REFERENCES `Halls` (`hall_id`) ON UPDATE CASCADE)
in SYSTEMPATH\Database\MySQLi\Connection.php on line 292.
 1 SYSTEMPATH\Database\MySQLi\Connection.php(292): mysqli->query('INSERT INTO `hall_directors` (`hall_id`, `id`, `email`, `username`, `first_name`, `last_name`, `phone_ext`) VALUES (\'1\', \'70537527\', \'fernandezf2@southernct.edu\', \'fernandezf2\', \'Felix\', \'Fernandez\', \'\')', 0)
 2 SYSTEMPATH\Database\BaseConnection.php(695): CodeIgniter\Database\MySQLi\Connection->execute('INSERT INTO `hall_directors` (`hall_id`, `id`, `email`, `username`, `first_name`, `last_name`, `phone_ext`) VALUES (\'1\', \'70537527\', \'fernandezf2@southernct.edu\', \'fernandezf2\', \'Felix\', \'Fernandez\', \'\')')
 3 SYSTEMPATH\Database\BaseConnection.php(609): CodeIgniter\Database\BaseConnection->simpleQuery('INSERT INTO `hall_directors` (`hall_id`, `id`, `email`, `username`, `first_name`, `last_name`, `phone_ext`) VALUES (\'1\', \'70537527\', \'fernandezf2@southernct.edu\', \'fernandezf2\', \'Felix\', \'Fernandez\', \'\')')
 4 SYSTEMPATH\Database\BaseBuilder.php(1904): CodeIgniter\Database\BaseConnection->query('INSERT INTO `hall_directors` (`hall_id`, `id`, `email`, `username`, `first_name`, `last_name`, `phone_ext`) VALUES (:hall_id:, :id:, :email:, :username:, :first_name:, :last_name:, :phone_ext:)', [...], false)
 5 APPPATH\Models\Update_model.php(366): CodeIgniter\Database\BaseBuilder->insert([...])
 6 APPPATH\Controllers\Home.php(207): App\Models\Update_Model->updateUser([...])
 7 SYSTEMPATH\CodeIgniter.php(896): App\Controllers\Home->submitUpdate()
 8 SYSTEMPATH\CodeIgniter.php(466): CodeIgniter\CodeIgniter->runController(Object(App\Controllers\Home))
 9 SYSTEMPATH\CodeIgniter.php(349): CodeIgniter\CodeIgniter->handleRequest(null, Object(Config\Cache), false)
10 FCPATH\index.php(55): CodeIgniter\CodeIgniter->run()
ERROR - 2023-01-05 14:41:32 --> You have an error in your SQL syntax; check the manual that corresponds to your MariaDB server version for the right syntax to use near 'SET FOREIGN_KEY_CHECKS = 0
FROM `hall_directors`' at line 1
CRITICAL - 2023-01-05 14:41:32 --> You have an error in your SQL syntax; check the manual that corresponds to your MariaDB server version for the right syntax to use near 'SET FOREIGN_KEY_CHECKS = 0
FROM `hall_directors`' at line 1
in SYSTEMPATH\Database\MySQLi\Connection.php on line 292.
 1 SYSTEMPATH\Database\MySQLi\Connection.php(292): mysqli->query('SELECT SET FOREIGN_KEY_CHECKS = 0
FROM `hall_directors`', 0)
 2 SYSTEMPATH\Database\BaseConnection.php(695): CodeIgniter\Database\MySQLi\Connection->execute('SELECT SET FOREIGN_KEY_CHECKS = 0
FROM `hall_directors`')
 3 SYSTEMPATH\Database\BaseConnection.php(609): CodeIgniter\Database\BaseConnection->simpleQuery('SELECT SET FOREIGN_KEY_CHECKS = 0
FROM `hall_directors`')
 4 SYSTEMPATH\Database\BaseBuilder.php(1585): CodeIgniter\Database\BaseConnection->query('SELECT SET FOREIGN_KEY_CHECKS = 0
FROM `hall_directors`', [], false)
 5 APPPATH\Models\Update_model.php(364): CodeIgniter\Database\BaseBuilder->get()
 6 APPPATH\Controllers\Home.php(207): App\Models\Update_Model->updateUser([...])
 7 SYSTEMPATH\CodeIgniter.php(896): App\Controllers\Home->submitUpdate()
 8 SYSTEMPATH\CodeIgniter.php(466): CodeIgniter\CodeIgniter->runController(Object(App\Controllers\Home))
 9 SYSTEMPATH\CodeIgniter.php(349): CodeIgniter\CodeIgniter->handleRequest(null, Object(Config\Cache), false)
10 FCPATH\index.php(55): CodeIgniter\CodeIgniter->run()
ERROR - 2023-01-05 14:42:06 --> You have an error in your SQL syntax; check the manual that corresponds to your MariaDB server version for the right syntax to use near 'SET FOREIGN_KEY_CHECKS = 0
FROM `hall_directors`' at line 1
CRITICAL - 2023-01-05 14:42:06 --> You have an error in your SQL syntax; check the manual that corresponds to your MariaDB server version for the right syntax to use near 'SET FOREIGN_KEY_CHECKS = 0
FROM `hall_directors`' at line 1
in SYSTEMPATH\Database\MySQLi\Connection.php on line 292.
 1 SYSTEMPATH\Database\MySQLi\Connection.php(292): mysqli->query('SELECT SET FOREIGN_KEY_CHECKS = 0
FROM `hall_directors`', 0)
 2 SYSTEMPATH\Database\BaseConnection.php(695): CodeIgniter\Database\MySQLi\Connection->execute('SELECT SET FOREIGN_KEY_CHECKS = 0
FROM `hall_directors`')
 3 SYSTEMPATH\Database\BaseConnection.php(609): CodeIgniter\Database\BaseConnection->simpleQuery('SELECT SET FOREIGN_KEY_CHECKS = 0
FROM `hall_directors`')
 4 SYSTEMPATH\Database\BaseBuilder.php(1585): CodeIgniter\Database\BaseConnection->query('SELECT SET FOREIGN_KEY_CHECKS = 0
FROM `hall_directors`', [], false)
 5 APPPATH\Models\Update_model.php(364): CodeIgniter\Database\BaseBuilder->get()
 6 APPPATH\Controllers\Home.php(207): App\Models\Update_Model->updateUser([...])
 7 SYSTEMPATH\CodeIgniter.php(896): App\Controllers\Home->submitUpdate()
 8 SYSTEMPATH\CodeIgniter.php(466): CodeIgniter\CodeIgniter->runController(Object(App\Controllers\Home))
 9 SYSTEMPATH\CodeIgniter.php(349): CodeIgniter\CodeIgniter->handleRequest(null, Object(Config\Cache), false)
10 FCPATH\index.php(55): CodeIgniter\CodeIgniter->run()
ERROR - 2023-01-05 14:44:14 --> You have an error in your SQL syntax; check the manual that corresponds to your MariaDB server version for the right syntax to use near 'SET FOREIGN_KEY_CHECKS = 0
FROM `hall_directors`' at line 1
CRITICAL - 2023-01-05 14:44:14 --> You have an error in your SQL syntax; check the manual that corresponds to your MariaDB server version for the right syntax to use near 'SET FOREIGN_KEY_CHECKS = 0
FROM `hall_directors`' at line 1
in SYSTEMPATH\Database\MySQLi\Connection.php on line 292.
 1 SYSTEMPATH\Database\MySQLi\Connection.php(292): mysqli->query('SELECT SET FOREIGN_KEY_CHECKS = 0
FROM `hall_directors`', 0)
 2 SYSTEMPATH\Database\BaseConnection.php(695): CodeIgniter\Database\MySQLi\Connection->execute('SELECT SET FOREIGN_KEY_CHECKS = 0
FROM `hall_directors`')
 3 SYSTEMPATH\Database\BaseConnection.php(609): CodeIgniter\Database\BaseConnection->simpleQuery('SELECT SET FOREIGN_KEY_CHECKS = 0
FROM `hall_directors`')
 4 SYSTEMPATH\Database\BaseBuilder.php(1585): CodeIgniter\Database\BaseConnection->query('SELECT SET FOREIGN_KEY_CHECKS = 0
FROM `hall_directors`', [], false)
 5 APPPATH\Models\Update_model.php(360): CodeIgniter\Database\BaseBuilder->get()
 6 APPPATH\Controllers\Home.php(207): App\Models\Update_Model->updateUser([...])
 7 SYSTEMPATH\CodeIgniter.php(896): App\Controllers\Home->submitUpdate()
 8 SYSTEMPATH\CodeIgniter.php(466): CodeIgniter\CodeIgniter->runController(Object(App\Controllers\Home))
 9 SYSTEMPATH\CodeIgniter.php(349): CodeIgniter\CodeIgniter->handleRequest(null, Object(Config\Cache), false)
10 FCPATH\index.php(55): CodeIgniter\CodeIgniter->run()
ERROR - 2023-01-05 14:44:57 --> Cannot add or update a child row: a foreign key constraint fails (`reslife`.`hall_directors`, CONSTRAINT `hall_directors_ibfk_1` FOREIGN KEY (`hall_id`) REFERENCES `Halls` (`hall_id`) ON UPDATE CASCADE)
CRITICAL - 2023-01-05 14:44:57 --> Cannot add or update a child row: a foreign key constraint fails (`reslife`.`hall_directors`, CONSTRAINT `hall_directors_ibfk_1` FOREIGN KEY (`hall_id`) REFERENCES `Halls` (`hall_id`) ON UPDATE CASCADE)
in SYSTEMPATH\Database\MySQLi\Connection.php on line 292.
 1 SYSTEMPATH\Database\MySQLi\Connection.php(292): mysqli->query('INSERT INTO `hall_directors` (`hall_id`, `id`, `email`, `username`, `first_name`, `last_name`, `phone_ext`) VALUES (\'1\', \'70537527\', \'fernandezf2@southernct.edu\', \'fernandezf2\', \'Felix\', \'Fernandez\', \'\')', 0)
 2 SYSTEMPATH\Database\BaseConnection.php(695): CodeIgniter\Database\MySQLi\Connection->execute('INSERT INTO `hall_directors` (`hall_id`, `id`, `email`, `username`, `first_name`, `last_name`, `phone_ext`) VALUES (\'1\', \'70537527\', \'fernandezf2@southernct.edu\', \'fernandezf2\', \'Felix\', \'Fernandez\', \'\')')
 3 SYSTEMPATH\Database\BaseConnection.php(609): CodeIgniter\Database\BaseConnection->simpleQuery('INSERT INTO `hall_directors` (`hall_id`, `id`, `email`, `username`, `first_name`, `last_name`, `phone_ext`) VALUES (\'1\', \'70537527\', \'fernandezf2@southernct.edu\', \'fernandezf2\', \'Felix\', \'Fernandez\', \'\')')
 4 SYSTEMPATH\Database\BaseBuilder.php(1904): CodeIgniter\Database\BaseConnection->query('INSERT INTO `hall_directors` (`hall_id`, `id`, `email`, `username`, `first_name`, `last_name`, `phone_ext`) VALUES (:hall_id:, :id:, :email:, :username:, :first_name:, :last_name:, :phone_ext:)', [...], false)
 5 APPPATH\Models\Update_model.php(363): CodeIgniter\Database\BaseBuilder->insert([...])
 6 APPPATH\Controllers\Home.php(207): App\Models\Update_Model->updateUser([...])
 7 SYSTEMPATH\CodeIgniter.php(896): App\Controllers\Home->submitUpdate()
 8 SYSTEMPATH\CodeIgniter.php(466): CodeIgniter\CodeIgniter->runController(Object(App\Controllers\Home))
 9 SYSTEMPATH\CodeIgniter.php(349): CodeIgniter\CodeIgniter->handleRequest(null, Object(Config\Cache), false)
10 FCPATH\index.php(55): CodeIgniter\CodeIgniter->run()
ERROR - 2023-01-05 14:48:22 --> You have an error in your SQL syntax; check the manual that corresponds to your MariaDB server version for the right syntax to use near 'SET FOREIGN_KEY_CHECKS = 0
FROM `hall_directors`' at line 1
CRITICAL - 2023-01-05 14:48:22 --> You have an error in your SQL syntax; check the manual that corresponds to your MariaDB server version for the right syntax to use near 'SET FOREIGN_KEY_CHECKS = 0
FROM `hall_directors`' at line 1
in SYSTEMPATH\Database\MySQLi\Connection.php on line 292.
 1 SYSTEMPATH\Database\MySQLi\Connection.php(292): mysqli->query('SELECT SET FOREIGN_KEY_CHECKS = 0
FROM `hall_directors`', 0)
 2 SYSTEMPATH\Database\BaseConnection.php(695): CodeIgniter\Database\MySQLi\Connection->execute('SELECT SET FOREIGN_KEY_CHECKS = 0
FROM `hall_directors`')
 3 SYSTEMPATH\Database\BaseConnection.php(609): CodeIgniter\Database\BaseConnection->simpleQuery('SELECT SET FOREIGN_KEY_CHECKS = 0
FROM `hall_directors`')
 4 SYSTEMPATH\Database\BaseBuilder.php(1585): CodeIgniter\Database\BaseConnection->query('SELECT SET FOREIGN_KEY_CHECKS = 0
FROM `hall_directors`', [], false)
 5 APPPATH\Models\Update_model.php(364): CodeIgniter\Database\BaseBuilder->get()
 6 APPPATH\Controllers\Home.php(207): App\Models\Update_Model->updateUser([...])
 7 SYSTEMPATH\CodeIgniter.php(896): App\Controllers\Home->submitUpdate()
 8 SYSTEMPATH\CodeIgniter.php(466): CodeIgniter\CodeIgniter->runController(Object(App\Controllers\Home))
 9 SYSTEMPATH\CodeIgniter.php(349): CodeIgniter\CodeIgniter->handleRequest(null, Object(Config\Cache), false)
10 FCPATH\index.php(55): CodeIgniter\CodeIgniter->run()
ERROR - 2023-01-05 14:49:37 --> You have an error in your SQL syntax; check the manual that corresponds to your MariaDB server version for the right syntax to use near ':FOREIGN_KEY_CHECKS:, '1', '70537527', 'fernandezf2@southernct.edu', 'fernand...' at line 1
CRITICAL - 2023-01-05 14:49:37 --> You have an error in your SQL syntax; check the manual that corresponds to your MariaDB server version for the right syntax to use near ':FOREIGN_KEY_CHECKS:, '1', '70537527', 'fernandezf2@southernct.edu', 'fernand...' at line 1
in SYSTEMPATH\Database\MySQLi\Connection.php on line 292.
 1 SYSTEMPATH\Database\MySQLi\Connection.php(292): mysqli->query('INSERT INTO `hall_directors` (`FOREIGN_KEY_CHECKS`, `hall_id`, `id`, `email`, `username`, `first_name`, `last_name`, `phone_ext`) VALUES (:FOREIGN_KEY_CHECKS:, \'1\', \'70537527\', \'fernandezf2@southernct.edu\', \'fernandezf2\', \'Felix\', \'Fernandez\', \'\')', 0)
 2 SYSTEMPATH\Database\BaseConnection.php(695): CodeIgniter\Database\MySQLi\Connection->execute('INSERT INTO `hall_directors` (`FOREIGN_KEY_CHECKS`, `hall_id`, `id`, `email`, `username`, `first_name`, `last_name`, `phone_ext`) VALUES (:FOREIGN_KEY_CHECKS:, \'1\', \'70537527\', \'fernandezf2@southernct.edu\', \'fernandezf2\', \'Felix\', \'Fernandez\', \'\')')
 3 SYSTEMPATH\Database\BaseConnection.php(609): CodeIgniter\Database\BaseConnection->simpleQuery('INSERT INTO `hall_directors` (`FOREIGN_KEY_CHECKS`, `hall_id`, `id`, `email`, `username`, `first_name`, `last_name`, `phone_ext`) VALUES (:FOREIGN_KEY_CHECKS:, \'1\', \'70537527\', \'fernandezf2@southernct.edu\', \'fernandezf2\', \'Felix\', \'Fernandez\', \'\')')
 4 SYSTEMPATH\Database\BaseBuilder.php(1904): CodeIgniter\Database\BaseConnection->query('INSERT INTO `hall_directors` (`FOREIGN_KEY_CHECKS`, `hall_id`, `id`, `email`, `username`, `first_name`, `last_name`, `phone_ext`) VALUES (:FOREIGN_KEY_CHECKS:, :hall_id:, :id:, :email:, :username:, :first_name:, :last_name:, :phone_ext:)', [...], false)
 5 APPPATH\Models\Update_model.php(366): CodeIgniter\Database\BaseBuilder->insert([...])
 6 APPPATH\Controllers\Home.php(207): App\Models\Update_Model->updateUser([...])
 7 SYSTEMPATH\CodeIgniter.php(896): App\Controllers\Home->submitUpdate()
 8 SYSTEMPATH\CodeIgniter.php(466): CodeIgniter\CodeIgniter->runController(Object(App\Controllers\Home))
 9 SYSTEMPATH\CodeIgniter.php(349): CodeIgniter\CodeIgniter->handleRequest(null, Object(Config\Cache), false)
10 FCPATH\index.php(55): CodeIgniter\CodeIgniter->run()
ERROR - 2023-01-05 14:49:53 --> Cannot add or update a child row: a foreign key constraint fails (`reslife`.`hall_directors`, CONSTRAINT `hall_directors_ibfk_1` FOREIGN KEY (`hall_id`) REFERENCES `Halls` (`hall_id`) ON UPDATE CASCADE)
CRITICAL - 2023-01-05 14:49:53 --> Cannot add or update a child row: a foreign key constraint fails (`reslife`.`hall_directors`, CONSTRAINT `hall_directors_ibfk_1` FOREIGN KEY (`hall_id`) REFERENCES `Halls` (`hall_id`) ON UPDATE CASCADE)
in SYSTEMPATH\Database\MySQLi\Connection.php on line 292.
 1 SYSTEMPATH\Database\MySQLi\Connection.php(292): mysqli->query('INSERT INTO `hall_directors` (`hall_id`, `id`, `email`, `username`, `first_name`, `last_name`, `phone_ext`) VALUES (\'1\', \'70537527\', \'fernandezf2@southernct.edu\', \'fernandezf2\', \'Felix\', \'Fernandez\', \'\')', 0)
 2 SYSTEMPATH\Database\BaseConnection.php(695): CodeIgniter\Database\MySQLi\Connection->execute('INSERT INTO `hall_directors` (`hall_id`, `id`, `email`, `username`, `first_name`, `last_name`, `phone_ext`) VALUES (\'1\', \'70537527\', \'fernandezf2@southernct.edu\', \'fernandezf2\', \'Felix\', \'Fernandez\', \'\')')
 3 SYSTEMPATH\Database\BaseConnection.php(609): CodeIgniter\Database\BaseConnection->simpleQuery('INSERT INTO `hall_directors` (`hall_id`, `id`, `email`, `username`, `first_name`, `last_name`, `phone_ext`) VALUES (\'1\', \'70537527\', \'fernandezf2@southernct.edu\', \'fernandezf2\', \'Felix\', \'Fernandez\', \'\')')
 4 SYSTEMPATH\Database\BaseBuilder.php(1904): CodeIgniter\Database\BaseConnection->query('INSERT INTO `hall_directors` (`hall_id`, `id`, `email`, `username`, `first_name`, `last_name`, `phone_ext`) VALUES (:hall_id:, :id:, :email:, :username:, :first_name:, :last_name:, :phone_ext:)', [...], false)
 5 APPPATH\Models\Update_model.php(366): CodeIgniter\Database\BaseBuilder->insert([...])
 6 APPPATH\Controllers\Home.php(207): App\Models\Update_Model->updateUser([...])
 7 SYSTEMPATH\CodeIgniter.php(896): App\Controllers\Home->submitUpdate()
 8 SYSTEMPATH\CodeIgniter.php(466): CodeIgniter\CodeIgniter->runController(Object(App\Controllers\Home))
 9 SYSTEMPATH\CodeIgniter.php(349): CodeIgniter\CodeIgniter->handleRequest(null, Object(Config\Cache), false)
10 FCPATH\index.php(55): CodeIgniter\CodeIgniter->run()
ERROR - 2023-01-05 14:53:28 --> Cannot add or update a child row: a foreign key constraint fails (`reslife`.`hall_directors`, CONSTRAINT `hall_directors_ibfk_1` FOREIGN KEY (`hall_id`) REFERENCES `Halls` (`hall_id`) ON UPDATE CASCADE)
CRITICAL - 2023-01-05 14:53:28 --> Cannot add or update a child row: a foreign key constraint fails (`reslife`.`hall_directors`, CONSTRAINT `hall_directors_ibfk_1` FOREIGN KEY (`hall_id`) REFERENCES `Halls` (`hall_id`) ON UPDATE CASCADE)
in SYSTEMPATH\Database\MySQLi\Connection.php on line 292.
 1 SYSTEMPATH\Database\MySQLi\Connection.php(292): mysqli->query('INSERT INTO `hall_directors` (`hall_id`, `id`, `email`, `username`, `first_name`, `last_name`, `phone_ext`) VALUES (\'1\', \'70537527\', \'fernandezf2@southernct.edu\', \'fernandezf2\', \'Felix\', \'Fernandez\', \'\')', 0)
 2 SYSTEMPATH\Database\BaseConnection.php(695): CodeIgniter\Database\MySQLi\Connection->execute('INSERT INTO `hall_directors` (`hall_id`, `id`, `email`, `username`, `first_name`, `last_name`, `phone_ext`) VALUES (\'1\', \'70537527\', \'fernandezf2@southernct.edu\', \'fernandezf2\', \'Felix\', \'Fernandez\', \'\')')
 3 SYSTEMPATH\Database\BaseConnection.php(609): CodeIgniter\Database\BaseConnection->simpleQuery('INSERT INTO `hall_directors` (`hall_id`, `id`, `email`, `username`, `first_name`, `last_name`, `phone_ext`) VALUES (\'1\', \'70537527\', \'fernandezf2@southernct.edu\', \'fernandezf2\', \'Felix\', \'Fernandez\', \'\')')
 4 SYSTEMPATH\Database\BaseBuilder.php(1904): CodeIgniter\Database\BaseConnection->query('INSERT INTO `hall_directors` (`hall_id`, `id`, `email`, `username`, `first_name`, `last_name`, `phone_ext`) VALUES (:hall_id:, :id:, :email:, :username:, :first_name:, :last_name:, :phone_ext:)', [...], false)
 5 APPPATH\Models\Update_model.php(366): CodeIgniter\Database\BaseBuilder->insert([...])
 6 APPPATH\Controllers\Home.php(207): App\Models\Update_Model->updateUser([...])
 7 SYSTEMPATH\CodeIgniter.php(896): App\Controllers\Home->submitUpdate()
 8 SYSTEMPATH\CodeIgniter.php(466): CodeIgniter\CodeIgniter->runController(Object(App\Controllers\Home))
 9 SYSTEMPATH\CodeIgniter.php(349): CodeIgniter\CodeIgniter->handleRequest(null, Object(Config\Cache), false)
10 FCPATH\index.php(55): CodeIgniter\CodeIgniter->run()
ERROR - 2023-01-05 14:53:36 --> You have an error in your SQL syntax; check the manual that corresponds to your MariaDB server version for the right syntax to use near ':FOREIGN_KEY_CHECKS:, '1', '70537527', 'fernandezf2@southernct.edu', 'fernand...' at line 1
CRITICAL - 2023-01-05 14:53:36 --> You have an error in your SQL syntax; check the manual that corresponds to your MariaDB server version for the right syntax to use near ':FOREIGN_KEY_CHECKS:, '1', '70537527', 'fernandezf2@southernct.edu', 'fernand...' at line 1
in SYSTEMPATH\Database\MySQLi\Connection.php on line 292.
 1 SYSTEMPATH\Database\MySQLi\Connection.php(292): mysqli->query('INSERT INTO `hall_directors` (`FOREIGN_KEY_CHECKS`, `hall_id`, `id`, `email`, `username`, `first_name`, `last_name`, `phone_ext`) VALUES (:FOREIGN_KEY_CHECKS:, \'1\', \'70537527\', \'fernandezf2@southernct.edu\', \'fernandezf2\', \'Felix\', \'Fernandez\', \'\')', 0)
 2 SYSTEMPATH\Database\BaseConnection.php(695): CodeIgniter\Database\MySQLi\Connection->execute('INSERT INTO `hall_directors` (`FOREIGN_KEY_CHECKS`, `hall_id`, `id`, `email`, `username`, `first_name`, `last_name`, `phone_ext`) VALUES (:FOREIGN_KEY_CHECKS:, \'1\', \'70537527\', \'fernandezf2@southernct.edu\', \'fernandezf2\', \'Felix\', \'Fernandez\', \'\')')
 3 SYSTEMPATH\Database\BaseConnection.php(609): CodeIgniter\Database\BaseConnection->simpleQuery('INSERT INTO `hall_directors` (`FOREIGN_KEY_CHECKS`, `hall_id`, `id`, `email`, `username`, `first_name`, `last_name`, `phone_ext`) VALUES (:FOREIGN_KEY_CHECKS:, \'1\', \'70537527\', \'fernandezf2@southernct.edu\', \'fernandezf2\', \'Felix\', \'Fernandez\', \'\')')
 4 SYSTEMPATH\Database\BaseBuilder.php(1904): CodeIgniter\Database\BaseConnection->query('INSERT INTO `hall_directors` (`FOREIGN_KEY_CHECKS`, `hall_id`, `id`, `email`, `username`, `first_name`, `last_name`, `phone_ext`) VALUES (:FOREIGN_KEY_CHECKS:, :hall_id:, :id:, :email:, :username:, :first_name:, :last_name:, :phone_ext:)', [...], false)
 5 APPPATH\Models\Update_model.php(366): CodeIgniter\Database\BaseBuilder->insert([...])
 6 APPPATH\Controllers\Home.php(207): App\Models\Update_Model->updateUser([...])
 7 SYSTEMPATH\CodeIgniter.php(896): App\Controllers\Home->submitUpdate()
 8 SYSTEMPATH\CodeIgniter.php(466): CodeIgniter\CodeIgniter->runController(Object(App\Controllers\Home))
 9 SYSTEMPATH\CodeIgniter.php(349): CodeIgniter\CodeIgniter->handleRequest(null, Object(Config\Cache), false)
10 FCPATH\index.php(55): CodeIgniter\CodeIgniter->run()
ERROR - 2023-01-05 14:54:24 --> You have an error in your SQL syntax; check the manual that corresponds to your MariaDB server version for the right syntax to use near ':FOREIGN_KEY_CHECKS:, '1', '70537527', 'fernandezf2@southernct.edu', 'fernand...' at line 1
ERROR - 2023-01-05 14:54:57 --> Cannot add or update a child row: a foreign key constraint fails (`reslife`.`hall_directors`, CONSTRAINT `hall_directors_ibfk_1` FOREIGN KEY (`hall_id`) REFERENCES `Halls` (`hall_id`) ON UPDATE CASCADE)
ERROR - 2023-01-05 14:55:13 --> Cannot add or update a child row: a foreign key constraint fails (`reslife`.`hall_directors`, CONSTRAINT `hall_directors_ibfk_1` FOREIGN KEY (`hall_id`) REFERENCES `Halls` (`hall_id`) ON UPDATE CASCADE)
ERROR - 2023-01-05 14:55:50 --> Unknown column 'FOREIGN_KEY_CHECKS' in 'field list'
ERROR - 2023-01-05 14:55:50 --> Cannot add or update a child row: a foreign key constraint fails (`reslife`.`hall_directors`, CONSTRAINT `hall_directors_ibfk_1` FOREIGN KEY (`hall_id`) REFERENCES `Halls` (`hall_id`) ON UPDATE CASCADE)
CRITICAL - 2023-01-05 15:15:45 --> Undefined array key "maintenance_requests"
in APPPATH\Controllers\Home.php on line 189.
 1 APPPATH\Controllers\Home.php(189): CodeIgniter\Debug\Exceptions->errorHandler(2, 'Undefined array key "maintenance_requests"', 'APPPATH\\Controllers\\Home.php', 189)
 2 SYSTEMPATH\CodeIgniter.php(896): App\Controllers\Home->submitUpdate()
 3 SYSTEMPATH\CodeIgniter.php(466): CodeIgniter\CodeIgniter->runController(Object(App\Controllers\Home))
 4 SYSTEMPATH\CodeIgniter.php(349): CodeIgniter\CodeIgniter->handleRequest(null, Object(Config\Cache), false)
 5 FCPATH\index.php(55): CodeIgniter\CodeIgniter->run()
CRITICAL - 2023-01-05 15:16:38 --> Undefined array key "maintenance_requests"
in APPPATH\Controllers\Home.php on line 189.
 1 APPPATH\Controllers\Home.php(189): CodeIgniter\Debug\Exceptions->errorHandler(2, 'Undefined array key "maintenance_requests"', 'APPPATH\\Controllers\\Home.php', 189)
 2 SYSTEMPATH\CodeIgniter.php(896): App\Controllers\Home->submitUpdate()
 3 SYSTEMPATH\CodeIgniter.php(466): CodeIgniter\CodeIgniter->runController(Object(App\Controllers\Home))
 4 SYSTEMPATH\CodeIgniter.php(349): CodeIgniter\CodeIgniter->handleRequest(null, Object(Config\Cache), false)
 5 FCPATH\index.php(55): CodeIgniter\CodeIgniter->run()
