ERROR - 2022-08-03 09:04:40 --> Table 'reslife.job' doesn't exist
ERROR - 2022-08-03 09:04:52 --> Table 'reslife.job' doesn't exist
ERROR - 2022-08-03 09:11:52 --> Table 'reslife.job' doesn't exist
ERROR - 2022-08-03 09:13:10 --> Table 'reslife.job' doesn't exist
ERROR - 2022-08-03 09:46:43 --> Table 'reslife.job' doesn't exist
ERROR - 2022-08-03 10:32:34 --> Table 'reslife.job' doesn't exist
ERROR - 2022-08-03 10:39:29 --> Table 'reslife.job' doesn't exist
ERROR - 2022-08-03 10:40:57 --> Table 'reslife.job' doesn't exist
ERROR - 2022-08-03 10:41:02 --> Table 'reslife.job' doesn't exist
ERROR - 2022-08-03 10:45:42 --> Table 'reslife.job' doesn't exist
ERROR - 2022-08-03 10:46:58 --> Table 'reslife.job' doesn't exist
CRITICAL - 2022-08-03 10:46:58 --> Call to a member function getRow() on bool
in APPPATH\Views\updating\update_users.php on line 14.
 1 SYSTEMPATH\View\View.php(213): include()
 2 SYSTEMPATH\View\View.php(216): CodeIgniter\View\View->CodeIgniter\View\{closure}()
 3 SYSTEMPATH\Common.php(1135): CodeIgniter\View\View->render('updating/update_users', [], true)
 4 APPPATH\Controllers\Home.php(82): view('updating/update_users', [...])
 5 SYSTEMPATH\CodeIgniter.php(896): App\Controllers\Home->updateSearch()
 6 SYSTEMPATH\CodeIgniter.php(466): CodeIgniter\CodeIgniter->runController(Object(App\Controllers\Home))
 7 SYSTEMPATH\CodeIgniter.php(349): CodeIgniter\CodeIgniter->handleRequest(null, Object(Config\Cache), false)
 8 FCPATH\index.php(55): CodeIgniter\CodeIgniter->run()
ERROR - 2022-08-03 10:47:55 --> Table 'reslife.job' doesn't exist
ERROR - 2022-08-03 10:50:08 --> Table 'reslife.job' doesn't exist
ERROR - 2022-08-03 12:04:33 --> Table 'reslife.job' doesn't exist
CRITICAL - 2022-08-03 12:35:00 --> Undefined property: App\Controllers\Home::$load
in APPPATH\Controllers\Home.php on line 67.
 1 APPPATH\Controllers\Home.php(67): CodeIgniter\Debug\Exceptions->errorHandler(2, 'Undefined property: App\\Controllers\\Home::$load', 'APPPATH\\Controllers\\Home.php', 67)
 2 SYSTEMPATH\CodeIgniter.php(896): App\Controllers\Home->updateSearch()
 3 SYSTEMPATH\CodeIgniter.php(466): CodeIgniter\CodeIgniter->runController(Object(App\Controllers\Home))
 4 SYSTEMPATH\CodeIgniter.php(349): CodeIgniter\CodeIgniter->handleRequest(null, Object(Config\Cache), false)
 5 FCPATH\index.php(55): CodeIgniter\CodeIgniter->run()
ERROR - 2022-08-03 12:35:38 --> Table 'reslife.job' doesn't exist
ERROR - 2022-08-03 12:36:06 --> Table 'reslife.job' doesn't exist
ERROR - 2022-08-03 12:48:54 --> Table 'reslife.job' doesn't exist
ERROR - 2022-08-03 12:53:21 --> Table 'reslife.job' doesn't exist
ERROR - 2022-08-03 12:53:39 --> Table 'reslife.job' doesn't exist
ERROR - 2022-08-03 12:54:31 --> Table 'reslife.job' doesn't exist
ERROR - 2022-08-03 12:55:34 --> Table 'reslife.job' doesn't exist
ERROR - 2022-08-03 12:55:59 --> Table 'reslife.job' doesn't exist
ERROR - 2022-08-03 12:57:55 --> Table 'reslife.job' doesn't exist
ERROR - 2022-08-03 12:58:23 --> Table 'reslife.job' doesn't exist
ERROR - 2022-08-03 12:58:36 --> Table 'reslife.job' doesn't exist
ERROR - 2022-08-03 13:05:08 --> Table 'reslife.job' doesn't exist
ERROR - 2022-08-03 13:13:49 --> Table 'reslife.job' doesn't exist
ERROR - 2022-08-03 13:14:31 --> Table 'reslife.job' doesn't exist
ERROR - 2022-08-03 13:14:35 --> Table 'reslife.job' doesn't exist
ERROR - 2022-08-03 13:14:59 --> Table 'reslife.job' doesn't exist
ERROR - 2022-08-03 13:15:55 --> Table 'reslife.job' doesn't exist
ERROR - 2022-08-03 13:16:05 --> Table 'reslife.job' doesn't exist
ERROR - 2022-08-03 13:17:01 --> Table 'reslife.job' doesn't exist
ERROR - 2022-08-03 13:17:22 --> Table 'reslife.job' doesn't exist
ERROR - 2022-08-03 13:18:40 --> Table 'reslife.job' doesn't exist
ERROR - 2022-08-03 13:23:41 --> Table 'reslife.job' doesn't exist
ERROR - 2022-08-03 13:25:40 --> Table 'reslife.job' doesn't exist
ERROR - 2022-08-03 13:26:15 --> Table 'reslife.job' doesn't exist
ERROR - 2022-08-03 13:26:36 --> Table 'reslife.job' doesn't exist
ERROR - 2022-08-03 13:26:44 --> Table 'reslife.job' doesn't exist
ERROR - 2022-08-03 13:26:48 --> Table 'reslife.job' doesn't exist
ERROR - 2022-08-03 13:27:13 --> Table 'reslife.job' doesn't exist
ERROR - 2022-08-03 13:27:53 --> Table 'reslife.job' doesn't exist
