CRITICAL - 2022-12-21 08:15:37 --> Invalid file: hiring/hiring_page.php
in SYSTEMPATH\Exceptions\FrameworkException.php on line 33.
 1 SYSTEMPATH\View\View.php(201): CodeIgniter\Exceptions\FrameworkException::forInvalidFile('hiring/hiring_page.php')
 2 SYSTEMPATH\Common.php(1135): CodeIgniter\View\View->render('hiring/hiring_page', [], true)
 3 APPPATH\Controllers\Home.php(204): view('hiring/hiring_page', [...])
 4 SYSTEMPATH\CodeIgniter.php(896): App\Controllers\Home->hireEmployees()
 5 SYSTEMPATH\CodeIgniter.php(466): CodeIgniter\CodeIgniter->runController(Object(App\Controllers\Home))
 6 SYSTEMPATH\CodeIgniter.php(349): CodeIgniter\CodeIgniter->handleRequest(null, Object(Config\Cache), false)
 7 FCPATH\index.php(55): CodeIgniter\CodeIgniter->run()
CRITICAL - 2022-12-21 08:15:43 --> Invalid file: hiring/hiring_page.php
in SYSTEMPATH\Exceptions\FrameworkException.php on line 33.
 1 SYSTEMPATH\View\View.php(201): CodeIgniter\Exceptions\FrameworkException::forInvalidFile('hiring/hiring_page.php')
 2 SYSTEMPATH\Common.php(1135): CodeIgniter\View\View->render('hiring/hiring_page', [], true)
 3 APPPATH\Controllers\Home.php(204): view('hiring/hiring_page', [...])
 4 SYSTEMPATH\CodeIgniter.php(896): App\Controllers\Home->hireEmployees()
 5 SYSTEMPATH\CodeIgniter.php(466): CodeIgniter\CodeIgniter->runController(Object(App\Controllers\Home))
 6 SYSTEMPATH\CodeIgniter.php(349): CodeIgniter\CodeIgniter->handleRequest(null, Object(Config\Cache), false)
 7 FCPATH\index.php(55): CodeIgniter\CodeIgniter->run()
CRITICAL - 2022-12-21 08:16:54 --> Call to undefined function form_open_multipart()
in APPPATH\Views\hiring\hiring_page.php on line 128.
 1 SYSTEMPATH\View\View.php(213): include()
 2 SYSTEMPATH\View\View.php(216): CodeIgniter\View\View->CodeIgniter\View\{closure}()
 3 SYSTEMPATH\Common.php(1135): CodeIgniter\View\View->render('hiring/hiring_page', [], true)
 4 APPPATH\Controllers\Home.php(204): view('hiring/hiring_page', [...])
 5 SYSTEMPATH\CodeIgniter.php(896): App\Controllers\Home->hireEmployees()
 6 SYSTEMPATH\CodeIgniter.php(466): CodeIgniter\CodeIgniter->runController(Object(App\Controllers\Home))
 7 SYSTEMPATH\CodeIgniter.php(349): CodeIgniter\CodeIgniter->handleRequest(null, Object(Config\Cache), false)
 8 FCPATH\index.php(55): CodeIgniter\CodeIgniter->run()
ERROR - 2022-12-21 08:22:18 --> Unknown column 'Title' in 'field list'
ERROR - 2022-12-21 08:22:24 --> Cannot add or update a child row: a foreign key constraint fails (`reslife`.`staff`, CONSTRAINT `staff_ibfk_1` FOREIGN KEY (`hall_id`) REFERENCES `Hall` (`hall_id`))
ERROR - 2022-12-21 08:22:24 --> You have an error in your SQL syntax; check the manual that corresponds to your MariaDB server version for the right syntax to use near '`Office` = 0, `permissions` = 'dev,banned_list,housing_director,admins,adminS...' at line 1
ERROR - 2022-12-21 08:22:28 --> Unknown column 'Title' in 'field list'
ERROR - 2022-12-21 08:35:36 --> Unknown column 'Title' in 'field list'
ERROR - 2022-12-21 08:35:40 --> Cannot add or update a child row: a foreign key constraint fails (`reslife`.`staff`, CONSTRAINT `staff_ibfk_1` FOREIGN KEY (`hall_id`) REFERENCES `Hall` (`hall_id`))
ERROR - 2022-12-21 08:35:40 --> You have an error in your SQL syntax; check the manual that corresponds to your MariaDB server version for the right syntax to use near '`Office` = 0, `permissions` = 'dev,banned_list,housing_director,admins,adminS...' at line 1
ERROR - 2022-12-21 08:35:52 --> Unknown column 'Title' in 'field list'
ERROR - 2022-12-21 08:44:35 --> Cannot add or update a child row: a foreign key constraint fails (`reslife`.`staff`, CONSTRAINT `staff_ibfk_1` FOREIGN KEY (`hall_id`) REFERENCES `Hall` (`hall_id`))
ERROR - 2022-12-21 08:44:35 --> You have an error in your SQL syntax; check the manual that corresponds to your MariaDB server version for the right syntax to use near '`Office` = 0, `permissions` = 'dev,banned_list,housing_director,admins,adminS...' at line 1
ERROR - 2022-12-21 08:46:15 --> Unknown column 'Title' in 'field list'
ERROR - 2022-12-21 08:46:27 --> Unknown column 'Title' in 'field list'
ERROR - 2022-12-21 08:46:30 --> Cannot add or update a child row: a foreign key constraint fails (`reslife`.`staff`, CONSTRAINT `staff_ibfk_1` FOREIGN KEY (`hall_id`) REFERENCES `Hall` (`hall_id`))
ERROR - 2022-12-21 08:46:30 --> You have an error in your SQL syntax; check the manual that corresponds to your MariaDB server version for the right syntax to use near '`Office` = 0, `permissions` = 'dev,banned_list,housing_director,admins,adminS...' at line 1
ERROR - 2022-12-21 08:47:07 --> Unknown column 'Title' in 'field list'
ERROR - 2022-12-21 08:47:11 --> Cannot add or update a child row: a foreign key constraint fails (`reslife`.`staff`, CONSTRAINT `staff_ibfk_1` FOREIGN KEY (`hall_id`) REFERENCES `Hall` (`hall_id`))
ERROR - 2022-12-21 08:47:11 --> You have an error in your SQL syntax; check the manual that corresponds to your MariaDB server version for the right syntax to use near '`Office` = 0, `permissions` = 'dev,banned_list,housing_director,admins,adminS...' at line 1
ERROR - 2022-12-21 08:51:42 --> Cannot add or update a child row: a foreign key constraint fails (`reslife`.`staff`, CONSTRAINT `staff_ibfk_1` FOREIGN KEY (`hall_id`) REFERENCES `Hall` (`hall_id`))
ERROR - 2022-12-21 08:51:42 --> You have an error in your SQL syntax; check the manual that corresponds to your MariaDB server version for the right syntax to use near '`Office` = 0, `permissions` = 'dev,banned_list,housing_director,admins,adminS...' at line 1
ERROR - 2022-12-21 08:52:42 --> Unknown column 'Title' in 'field list'
ERROR - 2022-12-21 08:52:57 --> Cannot add or update a child row: a foreign key constraint fails (`reslife`.`staff`, CONSTRAINT `staff_ibfk_1` FOREIGN KEY (`hall_id`) REFERENCES `Hall` (`hall_id`))
ERROR - 2022-12-21 08:52:57 --> You have an error in your SQL syntax; check the manual that corresponds to your MariaDB server version for the right syntax to use near '`Office` = 0, `permissions` = 'dev,banned_list,housing_director,admins,adminS...' at line 1
ERROR - 2022-12-21 08:55:18 --> Unknown column 'Title' in 'field list'
ERROR - 2022-12-21 08:55:20 --> You have an error in your SQL syntax; check the manual that corresponds to your MariaDB server version for the right syntax to use near '`Office` = 0, `permissions` = 'dev,banned_list,housing_director,admins,adminS...' at line 1
ERROR - 2022-12-21 08:55:58 --> You have an error in your SQL syntax; check the manual that corresponds to your MariaDB server version for the right syntax to use near '`Office` = 0, `permissions` = 'dev,banned_list,housing_director,admins,adminS...' at line 1
ERROR - 2022-12-21 08:56:05 --> Unknown column 'Title' in 'field list'
ERROR - 2022-12-21 08:56:06 --> You have an error in your SQL syntax; check the manual that corresponds to your MariaDB server version for the right syntax to use near '`Office` = 0, `permissions` = 'dev,banned_list,housing_director,admins,adminS...' at line 1
ERROR - 2022-12-21 08:57:56 --> You have an error in your SQL syntax; check the manual that corresponds to your MariaDB server version for the right syntax to use near '`Office` = 0, `permissions` = 'dev,banned_list,housing_director,admins,adminS...' at line 1
ERROR - 2022-12-21 08:58:46 --> You have an error in your SQL syntax; check the manual that corresponds to your MariaDB server version for the right syntax to use near '`Office` = 0, `permissions` = 'dev,banned_list,housing_director,admins,adminS...' at line 1
ERROR - 2022-12-21 08:59:01 --> You have an error in your SQL syntax; check the manual that corresponds to your MariaDB server version for the right syntax to use near '`Office` = 0, `permissions` = 'dev,banned_list,housing_director,admins,adminS...' at line 1
ERROR - 2022-12-21 08:59:50 --> Unknown column 'Title' in 'field list'
ERROR - 2022-12-21 08:59:51 --> You have an error in your SQL syntax; check the manual that corresponds to your MariaDB server version for the right syntax to use near '`Office` = 0, `permissions` = 'dev,banned_list,housing_director,admins,adminS...' at line 1
ERROR - 2022-12-21 09:00:12 --> Unknown column 'Title' in 'field list'
ERROR - 2022-12-21 09:00:14 --> Cannot add or update a child row: a foreign key constraint fails (`reslife`.`staff`, CONSTRAINT `staff_ibfk_1` FOREIGN KEY (`hall_id`) REFERENCES `Hall` (`hall_id`))
ERROR - 2022-12-21 09:00:14 --> You have an error in your SQL syntax; check the manual that corresponds to your MariaDB server version for the right syntax to use near '`Office` = 0, `permissions` = 'dev,banned_list,housing_director,admins,adminS...' at line 1
ERROR - 2022-12-21 09:00:27 --> Unknown column 'Title' in 'field list'
ERROR - 2022-12-21 09:00:31 --> Cannot add or update a child row: a foreign key constraint fails (`reslife`.`staff`, CONSTRAINT `staff_ibfk_1` FOREIGN KEY (`hall_id`) REFERENCES `Hall` (`hall_id`))
ERROR - 2022-12-21 09:00:31 --> You have an error in your SQL syntax; check the manual that corresponds to your MariaDB server version for the right syntax to use near '`Office` = 0, `permissions` = 'dev,banned_list,housing_director,admins,adminS...' at line 1
ERROR - 2022-12-21 09:00:39 --> Unknown column 'Title' in 'field list'
ERROR - 2022-12-21 09:18:02 --> Cannot add or update a child row: a foreign key constraint fails (`reslife`.`staff`, CONSTRAINT `staff_ibfk_1` FOREIGN KEY (`hall_id`) REFERENCES `Hall` (`hall_id`))
ERROR - 2022-12-21 09:18:02 --> You have an error in your SQL syntax; check the manual that corresponds to your MariaDB server version for the right syntax to use near '`Office` = 0, `permissions` = 'dev,banned_list,housing_director,admins,adminS...' at line 1
ERROR - 2022-12-21 09:18:12 --> Unknown column 'Title' in 'field list'
CRITICAL - 2022-12-21 09:19:41 --> Undefined index: maintenance_requests
in APPPATH\Controllers\Home.php on line 164.
 1 APPPATH\Controllers\Home.php(164): CodeIgniter\Debug\Exceptions->errorHandler(8, 'Undefined index: maintenance_requests', 'APPPATH\\Controllers\\Home.php', 164, [...])
 2 SYSTEMPATH\CodeIgniter.php(896): App\Controllers\Home->submitUpdate()
 3 SYSTEMPATH\CodeIgniter.php(466): CodeIgniter\CodeIgniter->runController(Object(App\Controllers\Home))
 4 SYSTEMPATH\CodeIgniter.php(349): CodeIgniter\CodeIgniter->handleRequest(null, Object(Config\Cache), false)
 5 FCPATH\index.php(55): CodeIgniter\CodeIgniter->run()
ERROR - 2022-12-21 09:19:59 --> Unknown column 'Title' in 'field list'
CRITICAL - 2022-12-21 09:20:18 --> Undefined index: maintenance_requests
in APPPATH\Controllers\Home.php on line 164.
 1 APPPATH\Controllers\Home.php(164): CodeIgniter\Debug\Exceptions->errorHandler(8, 'Undefined index: maintenance_requests', 'APPPATH\\Controllers\\Home.php', 164, [...])
 2 SYSTEMPATH\CodeIgniter.php(896): App\Controllers\Home->submitUpdate()
 3 SYSTEMPATH\CodeIgniter.php(466): CodeIgniter\CodeIgniter->runController(Object(App\Controllers\Home))
 4 SYSTEMPATH\CodeIgniter.php(349): CodeIgniter\CodeIgniter->handleRequest(null, Object(Config\Cache), false)
 5 FCPATH\index.php(55): CodeIgniter\CodeIgniter->run()
ERROR - 2022-12-21 09:20:24 --> Unknown column 'Title' in 'field list'
CRITICAL - 2022-12-21 09:27:44 --> Undefined index: maintenance_requests
in APPPATH\Controllers\Home.php on line 164.
 1 APPPATH\Controllers\Home.php(164): CodeIgniter\Debug\Exceptions->errorHandler(8, 'Undefined index: maintenance_requests', 'APPPATH\\Controllers\\Home.php', 164, [...])
 2 SYSTEMPATH\CodeIgniter.php(896): App\Controllers\Home->submitUpdate()
 3 SYSTEMPATH\CodeIgniter.php(466): CodeIgniter\CodeIgniter->runController(Object(App\Controllers\Home))
 4 SYSTEMPATH\CodeIgniter.php(349): CodeIgniter\CodeIgniter->handleRequest(null, Object(Config\Cache), false)
 5 FCPATH\index.php(55): CodeIgniter\CodeIgniter->run()
CRITICAL - 2022-12-21 09:27:48 --> Undefined index: maintenance_requests
in APPPATH\Controllers\Home.php on line 164.
 1 APPPATH\Controllers\Home.php(164): CodeIgniter\Debug\Exceptions->errorHandler(8, 'Undefined index: maintenance_requests', 'APPPATH\\Controllers\\Home.php', 164, [...])
 2 SYSTEMPATH\CodeIgniter.php(896): App\Controllers\Home->submitUpdate()
 3 SYSTEMPATH\CodeIgniter.php(466): CodeIgniter\CodeIgniter->runController(Object(App\Controllers\Home))
 4 SYSTEMPATH\CodeIgniter.php(349): CodeIgniter\CodeIgniter->handleRequest(null, Object(Config\Cache), false)
 5 FCPATH\index.php(55): CodeIgniter\CodeIgniter->run()
CRITICAL - 2022-12-21 09:36:28 --> Undefined index: maintenance_requests
in APPPATH\Controllers\Home.php on line 164.
 1 APPPATH\Controllers\Home.php(164): CodeIgniter\Debug\Exceptions->errorHandler(8, 'Undefined index: maintenance_requests', 'APPPATH\\Controllers\\Home.php', 164, [...])
 2 SYSTEMPATH\CodeIgniter.php(896): App\Controllers\Home->submitUpdate()
 3 SYSTEMPATH\CodeIgniter.php(466): CodeIgniter\CodeIgniter->runController(Object(App\Controllers\Home))
 4 SYSTEMPATH\CodeIgniter.php(349): CodeIgniter\CodeIgniter->handleRequest(null, Object(Config\Cache), false)
 5 FCPATH\index.php(55): CodeIgniter\CodeIgniter->run()
ERROR - 2022-12-21 09:38:53 --> Unknown column 'Title' in 'field list'
ERROR - 2022-12-21 09:39:05 --> Unknown column 'Title' in 'field list'
ERROR - 2022-12-21 09:39:53 --> You have an error in your SQL syntax; check the manual that corresponds to your MariaDB server version for the right syntax to use near '`Office` = 0, `permissions` = 'dev,banned_list,housing_director,admins,adminS...' at line 1
ERROR - 2022-12-21 09:39:59 --> Unknown column 'Title' in 'field list'
ERROR - 2022-12-21 09:52:00 --> Unknown column 'Title' in 'field list'
ERROR - 2022-12-21 09:59:03 --> Unknown column 'Title' in 'field list'
ERROR - 2022-12-21 09:59:33 --> Cannot add or update a child row: a foreign key constraint fails (`reslife`.`staff`, CONSTRAINT `staff_ibfk_1` FOREIGN KEY (`hall_id`) REFERENCES `Hall` (`hall_id`))
ERROR - 2022-12-21 09:59:33 --> You have an error in your SQL syntax; check the manual that corresponds to your MariaDB server version for the right syntax to use near '`Office` = 0, `permissions` = 'dev,banned_list,housing_director,admins,adminS...' at line 1
ERROR - 2022-12-21 09:59:47 --> Unknown column 'Title' in 'field list'
ERROR - 2022-12-21 10:03:01 --> Unknown column 'Title' in 'field list'
ERROR - 2022-12-21 10:03:14 --> Unknown column 'Title' in 'field list'
ERROR - 2022-12-21 10:03:26 --> You have an error in your SQL syntax; check the manual that corresponds to your MariaDB server version for the right syntax to use near '`Office` = 0, `permissions` = 'dev,banned_list,housing_director,admins,adminS...' at line 1
ERROR - 2022-12-21 10:03:33 --> Unknown column 'Title' in 'field list'
ERROR - 2022-12-21 10:03:44 --> You have an error in your SQL syntax; check the manual that corresponds to your MariaDB server version for the right syntax to use near '`Office` = 0, `permissions` = 'dev,banned_list,housing_director,admins,adminS...' at line 1
ERROR - 2022-12-21 10:03:50 --> Unknown column 'Title' in 'field list'
ERROR - 2022-12-21 10:03:58 --> You have an error in your SQL syntax; check the manual that corresponds to your MariaDB server version for the right syntax to use near '`Office` = 0, `permissions` = 'dev,banned_list,housing_director,admins,adminS...' at line 1
ERROR - 2022-12-21 10:04:05 --> Unknown column 'Title' in 'field list'
ERROR - 2022-12-21 10:04:15 --> You have an error in your SQL syntax; check the manual that corresponds to your MariaDB server version for the right syntax to use near '`Office` = 0, `permissions` = 'dev,banned_list,housing_director,admins,adminS...' at line 1
ERROR - 2022-12-21 10:04:21 --> Unknown column 'Title' in 'field list'
ERROR - 2022-12-21 10:04:50 --> You have an error in your SQL syntax; check the manual that corresponds to your MariaDB server version for the right syntax to use near '`Office` = 0, `permissions` = 'dev,banned_list,housing_director,admins,adminS...' at line 1
ERROR - 2022-12-21 10:04:56 --> Unknown column 'Title' in 'field list'
ERROR - 2022-12-21 10:05:05 --> You have an error in your SQL syntax; check the manual that corresponds to your MariaDB server version for the right syntax to use near '`Office` = 0, `permissions` = 'dev,banned_list,housing_director,admins,adminS...' at line 1
ERROR - 2022-12-21 10:05:11 --> Unknown column 'Title' in 'field list'
ERROR - 2022-12-21 10:07:26 --> Unknown column 'Title' in 'field list'
ERROR - 2022-12-21 10:08:07 --> You have an error in your SQL syntax; check the manual that corresponds to your MariaDB server version for the right syntax to use near '`Office` = 0, `permissions` = 'dev,banned_list,housing_director,admins,adminS...' at line 1
ERROR - 2022-12-21 10:08:14 --> Unknown column 'Title' in 'field list'
ERROR - 2022-12-21 10:08:45 --> You have an error in your SQL syntax; check the manual that corresponds to your MariaDB server version for the right syntax to use near '`Office` = 0, `permissions` = 'dev,banned_list,housing_director,admins,adminS...' at line 1
ERROR - 2022-12-21 10:08:51 --> Unknown column 'Title' in 'field list'
ERROR - 2022-12-21 10:10:20 --> You have an error in your SQL syntax; check the manual that corresponds to your MariaDB server version for the right syntax to use near '`Office` = 0, `permissions` = 'dev,banned_list,housing_director,admins,adminS...' at line 1
ERROR - 2022-12-21 10:10:27 --> Unknown column 'Title' in 'field list'
ERROR - 2022-12-21 10:10:39 --> You have an error in your SQL syntax; check the manual that corresponds to your MariaDB server version for the right syntax to use near '`Office` = 0, `permissions` = 'dev,banned_list,housing_director,admins,adminS...' at line 1
ERROR - 2022-12-21 10:10:54 --> Unknown column 'Title' in 'field list'
CRITICAL - 2022-12-21 10:11:22 --> Undefined index: maintenance_requests
in APPPATH\Controllers\Home.php on line 164.
 1 APPPATH\Controllers\Home.php(164): CodeIgniter\Debug\Exceptions->errorHandler(8, 'Undefined index: maintenance_requests', 'APPPATH\\Controllers\\Home.php', 164, [...])
 2 SYSTEMPATH\CodeIgniter.php(896): App\Controllers\Home->submitUpdate()
 3 SYSTEMPATH\CodeIgniter.php(466): CodeIgniter\CodeIgniter->runController(Object(App\Controllers\Home))
 4 SYSTEMPATH\CodeIgniter.php(349): CodeIgniter\CodeIgniter->handleRequest(null, Object(Config\Cache), false)
 5 FCPATH\index.php(55): CodeIgniter\CodeIgniter->run()
ERROR - 2022-12-21 10:11:27 --> Unknown column 'Title' in 'field list'
ERROR - 2022-12-21 10:12:05 --> Unknown column 'Title' in 'field list'
ERROR - 2022-12-21 10:12:10 --> You have an error in your SQL syntax; check the manual that corresponds to your MariaDB server version for the right syntax to use near '`Office` = 0, `permissions` = 'dev,banned_list,housing_director,admins,adminS...' at line 1
ERROR - 2022-12-21 10:12:32 --> Unknown column 'Title' in 'field list'
ERROR - 2022-12-21 10:17:08 --> Unknown column 'Title' in 'field list'
ERROR - 2022-12-21 10:17:14 --> You have an error in your SQL syntax; check the manual that corresponds to your MariaDB server version for the right syntax to use near '`Office` = 0, `permissions` = 'dev,banned_list,housing_director,admins,adminS...' at line 1
ERROR - 2022-12-21 10:17:32 --> Unknown column 'Title' in 'field list'
ERROR - 2022-12-21 10:17:41 --> You have an error in your SQL syntax; check the manual that corresponds to your MariaDB server version for the right syntax to use near '`Office` = 0, `permissions` = 'dev,banned_list,housing_director,admins,adminS...' at line 1
ERROR - 2022-12-21 10:17:47 --> Unknown column 'Title' in 'field list'
ERROR - 2022-12-21 10:18:32 --> You have an error in your SQL syntax; check the manual that corresponds to your MariaDB server version for the right syntax to use near '`Office` = 0, `permissions` = 'dev,banned_list,housing_director,admins,adminS...' at line 1
ERROR - 2022-12-21 10:18:46 --> Unknown column 'Title' in 'field list'
ERROR - 2022-12-21 10:19:23 --> You have an error in your SQL syntax; check the manual that corresponds to your MariaDB server version for the right syntax to use near '`Office` = 0, `permissions` = 'dev,banned_list,housing_director,admins,adminS...' at line 1
ERROR - 2022-12-21 10:19:34 --> Unknown column 'Title' in 'field list'
ERROR - 2022-12-21 10:20:04 --> You have an error in your SQL syntax; check the manual that corresponds to your MariaDB server version for the right syntax to use near '`Office` = 0, `permissions` = 'dev,banned_list,housing_director,admins,adminS...' at line 1
ERROR - 2022-12-21 10:20:12 --> Unknown column 'Title' in 'field list'
ERROR - 2022-12-21 10:20:37 --> You have an error in your SQL syntax; check the manual that corresponds to your MariaDB server version for the right syntax to use near '`Office` = 0, `permissions` = 'dev,banned_list,housing_director,admins,adminS...' at line 1
ERROR - 2022-12-21 10:20:46 --> Unknown column 'Title' in 'field list'
ERROR - 2022-12-21 10:21:02 --> You have an error in your SQL syntax; check the manual that corresponds to your MariaDB server version for the right syntax to use near '`Office` = 0, `permissions` = 'dev,banned_list,housing_director,admins,adminS...' at line 1
ERROR - 2022-12-21 10:21:09 --> Unknown column 'Title' in 'field list'
ERROR - 2022-12-21 10:21:28 --> You have an error in your SQL syntax; check the manual that corresponds to your MariaDB server version for the right syntax to use near '`Office` = 0, `permissions` = 'dev,banned_list,housing_director,admins,adminS...' at line 1
ERROR - 2022-12-21 10:21:35 --> Unknown column 'Title' in 'field list'
ERROR - 2022-12-21 10:24:09 --> Unknown column 'Title' in 'field list'
CRITICAL - 2022-12-21 10:24:14 --> Undefined index: allhalls10
in APPPATH\Models\Update_model.php on line 265.
 1 APPPATH\Models\Update_model.php(265): CodeIgniter\Debug\Exceptions->errorHandler(8, 'Undefined index: allhalls10', 'APPPATH\\Models\\Update_model.php', 265, [...])
 2 APPPATH\Controllers\Home.php(182): App\Models\Update_Model->updateUser([...])
 3 SYSTEMPATH\CodeIgniter.php(896): App\Controllers\Home->submitUpdate()
 4 SYSTEMPATH\CodeIgniter.php(466): CodeIgniter\CodeIgniter->runController(Object(App\Controllers\Home))
 5 SYSTEMPATH\CodeIgniter.php(349): CodeIgniter\CodeIgniter->handleRequest(null, Object(Config\Cache), false)
 6 FCPATH\index.php(55): CodeIgniter\CodeIgniter->run()
ERROR - 2022-12-21 10:26:12 --> You have an error in your SQL syntax; check the manual that corresponds to your MariaDB server version for the right syntax to use near '`Office` = 0, `permissions` = 'dev,banned_list,housing_director,admins,adminS...' at line 1
ERROR - 2022-12-21 12:09:06 --> Unknown column 'Title' in 'field list'
ERROR - 2022-12-21 12:12:18 --> Unknown column 'Title' in 'field list'
ERROR - 2022-12-21 12:25:23 --> Unknown column 'Title' in 'field list'
ERROR - 2022-12-21 12:32:00 --> Unknown column 'Title' in 'field list'
ERROR - 2022-12-21 12:50:53 --> You have an error in your SQL syntax; check the manual that corresponds to your MariaDB server version for the right syntax to use near '`Office` = 0, `permissions` = 'dev,banned_list,housing_director,admins,adminS...' at line 1
ERROR - 2022-12-21 12:51:00 --> Unknown column 'Title' in 'field list'
ERROR - 2022-12-21 12:51:30 --> You have an error in your SQL syntax; check the manual that corresponds to your MariaDB server version for the right syntax to use near '`Office` = 0, `permissions` = 'dev,banned_list,housing_director,admins,adminS...' at line 1
ERROR - 2022-12-21 12:51:36 --> Unknown column 'Title' in 'field list'
ERROR - 2022-12-21 12:52:04 --> You have an error in your SQL syntax; check the manual that corresponds to your MariaDB server version for the right syntax to use near '`Office` = 0, `permissions` = 'dev,banned_list,housing_director,admins,adminS...' at line 1
ERROR - 2022-12-21 12:52:11 --> Unknown column 'Title' in 'field list'
ERROR - 2022-12-21 13:00:10 --> Unknown column 'Title' in 'field list'
CRITICAL - 2022-12-21 13:01:27 --> Array to string conversion
in APPPATH\Controllers\Home.php on line 110.
 1 APPPATH\Controllers\Home.php(110): CodeIgniter\Debug\Exceptions->errorHandler(8, 'Array to string conversion', 'APPPATH\\Controllers\\Home.php', 110, [...])
 2 SYSTEMPATH\CodeIgniter.php(896): App\Controllers\Home->submitUpdate()
 3 SYSTEMPATH\CodeIgniter.php(466): CodeIgniter\CodeIgniter->runController(Object(App\Controllers\Home))
 4 SYSTEMPATH\CodeIgniter.php(349): CodeIgniter\CodeIgniter->handleRequest(null, Object(Config\Cache), false)
 5 FCPATH\index.php(55): CodeIgniter\CodeIgniter->run()
ERROR - 2022-12-21 13:01:46 --> You have an error in your SQL syntax; check the manual that corresponds to your MariaDB server version for the right syntax to use near '`Office` = 0, `permissions` = 'dev,banned_list,housing_director,admins,adminS...' at line 1
ERROR - 2022-12-21 13:01:58 --> Unknown column 'Title' in 'field list'
ERROR - 2022-12-21 13:02:25 --> Unknown column 'Title' in 'field list'
ERROR - 2022-12-21 13:08:24 --> Unknown column 'Title' in 'field list'
ERROR - 2022-12-21 13:08:30 --> You have an error in your SQL syntax; check the manual that corresponds to your MariaDB server version for the right syntax to use near '`Office` = 0, `permissions` = 'dev,banned_list,housing_director,admins,adminS...' at line 1
ERROR - 2022-12-21 13:08:35 --> Unknown column 'Title' in 'field list'
ERROR - 2022-12-21 13:18:58 --> Unknown column 'Title' in 'field list'
ERROR - 2022-12-21 13:19:03 --> You have an error in your SQL syntax; check the manual that corresponds to your MariaDB server version for the right syntax to use near '`Office` = 0, `permissions` = 'dev,banned_list,housing_director,admins,adminS...' at line 1
ERROR - 2022-12-21 13:19:08 --> Unknown column 'Title' in 'field list'
ERROR - 2022-12-21 13:21:07 --> Unknown column 'Title' in 'field list'
ERROR - 2022-12-21 13:22:06 --> Unknown column 'Title' in 'field list'
ERROR - 2022-12-21 13:22:09 --> Cannot add or update a child row: a foreign key constraint fails (`reslife`.`staff`, CONSTRAINT `staff_ibfk_1` FOREIGN KEY (`hall_id`) REFERENCES `Hall` (`hall_id`))
ERROR - 2022-12-21 13:22:09 --> You have an error in your SQL syntax; check the manual that corresponds to your MariaDB server version for the right syntax to use near '`Office` = 0, `permissions` = 'dev,banned_list,housing_director,admins,adminS...' at line 1
ERROR - 2022-12-21 13:22:14 --> Unknown column 'Title' in 'field list'
ERROR - 2022-12-21 13:22:22 --> Cannot add or update a child row: a foreign key constraint fails (`reslife`.`staff`, CONSTRAINT `staff_ibfk_1` FOREIGN KEY (`hall_id`) REFERENCES `Hall` (`hall_id`))
ERROR - 2022-12-21 13:22:22 --> You have an error in your SQL syntax; check the manual that corresponds to your MariaDB server version for the right syntax to use near '`Office` = 0, `permissions` = 'dev,banned_list,housing_director,admins,adminS...' at line 1
ERROR - 2022-12-21 13:25:48 --> Unknown column 'Title' in 'field list'
ERROR - 2022-12-21 13:26:30 --> Cannot add or update a child row: a foreign key constraint fails (`reslife`.`staff`, CONSTRAINT `staff_ibfk_1` FOREIGN KEY (`hall_id`) REFERENCES `Hall` (`hall_id`))
ERROR - 2022-12-21 13:26:30 --> You have an error in your SQL syntax; check the manual that corresponds to your MariaDB server version for the right syntax to use near '`Office` = 0, `permissions` = 'dev,banned_list,housing_director,admins,adminS...' at line 1
ERROR - 2022-12-21 13:29:42 --> Unknown column 'Title' in 'field list'
ERROR - 2022-12-21 13:31:04 --> Unknown column 'Title' in 'field list'
ERROR - 2022-12-21 13:31:08 --> Cannot add or update a child row: a foreign key constraint fails (`reslife`.`staff`, CONSTRAINT `staff_ibfk_1` FOREIGN KEY (`hall_id`) REFERENCES `Hall` (`hall_id`))
ERROR - 2022-12-21 13:31:08 --> You have an error in your SQL syntax; check the manual that corresponds to your MariaDB server version for the right syntax to use near '`Office` = 0, `permissions` = 'dev,banned_list,housing_director,admins,adminS...' at line 1
ERROR - 2022-12-21 13:31:18 --> Cannot add or update a child row: a foreign key constraint fails (`reslife`.`staff`, CONSTRAINT `staff_ibfk_1` FOREIGN KEY (`hall_id`) REFERENCES `Hall` (`hall_id`))
ERROR - 2022-12-21 13:31:18 --> You have an error in your SQL syntax; check the manual that corresponds to your MariaDB server version for the right syntax to use near '`Office` = 0, `permissions` = 'dev,banned_list,housing_director,admins,adminS...' at line 1
ERROR - 2022-12-21 13:31:45 --> Unknown column 'Title' in 'field list'
ERROR - 2022-12-21 13:34:06 --> Cannot add or update a child row: a foreign key constraint fails (`reslife`.`staff`, CONSTRAINT `staff_ibfk_1` FOREIGN KEY (`hall_id`) REFERENCES `Hall` (`hall_id`))
ERROR - 2022-12-21 13:34:06 --> You have an error in your SQL syntax; check the manual that corresponds to your MariaDB server version for the right syntax to use near '`Office` = 0, `permissions` = 'dev,banned_list,housing_director,admins,adminS...' at line 1
ERROR - 2022-12-21 13:35:37 --> Cannot add or update a child row: a foreign key constraint fails (`reslife`.`staff`, CONSTRAINT `staff_ibfk_1` FOREIGN KEY (`hall_id`) REFERENCES `Hall` (`hall_id`))
ERROR - 2022-12-21 13:35:37 --> You have an error in your SQL syntax; check the manual that corresponds to your MariaDB server version for the right syntax to use near '`Office` = 0, `permissions` = 'dev,banned_list,housing_director,admins,adminS...' at line 1
ERROR - 2022-12-21 13:35:41 --> Unknown column 'Title' in 'field list'
ERROR - 2022-12-21 13:36:16 --> Unknown column 'Title' in 'field list'
ERROR - 2022-12-21 13:36:25 --> Cannot add or update a child row: a foreign key constraint fails (`reslife`.`staff`, CONSTRAINT `staff_ibfk_1` FOREIGN KEY (`hall_id`) REFERENCES `Hall` (`hall_id`))
ERROR - 2022-12-21 13:36:25 --> You have an error in your SQL syntax; check the manual that corresponds to your MariaDB server version for the right syntax to use near '`Office` = 0, `permissions` = 'dev,banned_list,housing_director,admins,adminS...' at line 1
ERROR - 2022-12-21 13:37:36 --> Unknown column 'Title' in 'field list'
ERROR - 2022-12-21 13:37:48 --> You have an error in your SQL syntax; check the manual that corresponds to your MariaDB server version for the right syntax to use near '`Office` = 0, `permissions` = 'dev,banned_list,housing_director,admins,adminS...' at line 1
ERROR - 2022-12-21 13:38:04 --> Unknown column 'Title' in 'field list'
ERROR - 2022-12-21 13:38:13 --> You have an error in your SQL syntax; check the manual that corresponds to your MariaDB server version for the right syntax to use near '`Office` = 0, `permissions` = 'dev,banned_list,housing_director,admins,adminS...' at line 1
ERROR - 2022-12-21 13:38:22 --> Unknown column 'Title' in 'field list'
ERROR - 2022-12-21 13:38:28 --> Unknown column 'Title' in 'field list'
ERROR - 2022-12-21 13:38:52 --> You have an error in your SQL syntax; check the manual that corresponds to your MariaDB server version for the right syntax to use near '`Office` = 0, `permissions` = 'dev,banned_list,housing_director,admins,adminS...' at line 1
ERROR - 2022-12-21 13:38:56 --> Unknown column 'Title' in 'field list'
ERROR - 2022-12-21 13:39:03 --> Unknown column 'Title' in 'field list'
ERROR - 2022-12-21 13:39:10 --> You have an error in your SQL syntax; check the manual that corresponds to your MariaDB server version for the right syntax to use near '`Office` = 0, `permissions` = 'dev,banned_list,housing_director,admins,adminS...' at line 1
ERROR - 2022-12-21 13:39:16 --> Unknown column 'Title' in 'field list'
ERROR - 2022-12-21 13:40:58 --> Unknown column 'Title' in 'field list'
ERROR - 2022-12-21 13:41:01 --> You have an error in your SQL syntax; check the manual that corresponds to your MariaDB server version for the right syntax to use near '`Office` = 0, `permissions` = 'dev,banned_list,housing_director,admins,adminS...' at line 1
ERROR - 2022-12-21 13:41:05 --> Unknown column 'Title' in 'field list'
ERROR - 2022-12-21 13:41:08 --> Unknown column 'Title' in 'field list'
ERROR - 2022-12-21 13:41:11 --> Cannot add or update a child row: a foreign key constraint fails (`reslife`.`staff`, CONSTRAINT `staff_ibfk_1` FOREIGN KEY (`hall_id`) REFERENCES `Hall` (`hall_id`))
ERROR - 2022-12-21 13:41:11 --> You have an error in your SQL syntax; check the manual that corresponds to your MariaDB server version for the right syntax to use near '`Office` = 0, `permissions` = 'dev,banned_list,housing_director,admins,adminS...' at line 1
ERROR - 2022-12-21 13:41:16 --> Unknown column 'Title' in 'field list'
ERROR - 2022-12-21 13:45:37 --> You have an error in your SQL syntax; check the manual that corresponds to your MariaDB server version for the right syntax to use near '`Office` = 0, `permissions` = 'dev,banned_list,housing_director,admins,adminS...' at line 1
ERROR - 2022-12-21 13:45:57 --> Cannot add or update a child row: a foreign key constraint fails (`reslife`.`staff`, CONSTRAINT `staff_ibfk_1` FOREIGN KEY (`hall_id`) REFERENCES `Hall` (`hall_id`))
ERROR - 2022-12-21 13:45:57 --> You have an error in your SQL syntax; check the manual that corresponds to your MariaDB server version for the right syntax to use near '`Office` = 0, `permissions` = 'dev,banned_list,housing_director,admins,adminS...' at line 1
ERROR - 2022-12-21 13:46:01 --> Unknown column 'Title' in 'field list'
ERROR - 2022-12-21 13:46:35 --> Unknown column 'Title' in 'field list'
ERROR - 2022-12-21 13:46:41 --> You have an error in your SQL syntax; check the manual that corresponds to your MariaDB server version for the right syntax to use near '`Office` = 0, `permissions` = 'dev,banned_list,housing_director,admins,adminS...' at line 1
ERROR - 2022-12-21 13:46:48 --> Unknown column 'Title' in 'field list'
ERROR - 2022-12-21 13:47:45 --> Unknown column 'Title' in 'field list'
ERROR - 2022-12-21 13:47:47 --> Unknown column 'Title' in 'field list'
ERROR - 2022-12-21 13:47:50 --> You have an error in your SQL syntax; check the manual that corresponds to your MariaDB server version for the right syntax to use near '`Office` = 0, `permissions` = 'dev,banned_list,housing_director,admins,adminS...' at line 1
ERROR - 2022-12-21 13:47:58 --> Unknown column 'Title' in 'field list'
ERROR - 2022-12-21 13:48:23 --> You have an error in your SQL syntax; check the manual that corresponds to your MariaDB server version for the right syntax to use near '`Office` = 0, `permissions` = 'dev,banned_list,housing_director,admins,adminS...' at line 1
ERROR - 2022-12-21 13:48:30 --> Unknown column 'Title' in 'field list'
ERROR - 2022-12-21 13:48:53 --> Unknown column 'Title' in 'field list'
ERROR - 2022-12-21 13:48:57 --> You have an error in your SQL syntax; check the manual that corresponds to your MariaDB server version for the right syntax to use near '`Office` = 0, `permissions` = 'dev,banned_list,housing_director,admins,adminS...' at line 1
ERROR - 2022-12-21 13:50:47 --> Unknown column 'Title' in 'field list'
ERROR - 2022-12-21 13:52:24 --> You have an error in your SQL syntax; check the manual that corresponds to your MariaDB server version for the right syntax to use near '`Office` = 0, `permissions` = 'dev,banned_list,housing_director,admins,adminS...' at line 1
ERROR - 2022-12-21 13:52:31 --> Unknown column 'Title' in 'field list'
ERROR - 2022-12-21 13:52:38 --> You have an error in your SQL syntax; check the manual that corresponds to your MariaDB server version for the right syntax to use near '`Office` = 0, `permissions` = 'dev,banned_list,housing_director,admins,adminS...' at line 1
ERROR - 2022-12-21 13:52:45 --> Unknown column 'Title' in 'field list'
ERROR - 2022-12-21 13:52:51 --> Cannot add or update a child row: a foreign key constraint fails (`reslife`.`staff`, CONSTRAINT `staff_ibfk_1` FOREIGN KEY (`hall_id`) REFERENCES `Hall` (`hall_id`))
ERROR - 2022-12-21 13:52:51 --> You have an error in your SQL syntax; check the manual that corresponds to your MariaDB server version for the right syntax to use near '`Office` = 0, `permissions` = 'dev,banned_list,housing_director,admins,adminS...' at line 1
ERROR - 2022-12-21 13:53:52 --> Unknown column 'Title' in 'field list'
ERROR - 2022-12-21 13:53:58 --> Cannot add or update a child row: a foreign key constraint fails (`reslife`.`staff`, CONSTRAINT `staff_ibfk_1` FOREIGN KEY (`hall_id`) REFERENCES `Hall` (`hall_id`))
ERROR - 2022-12-21 13:53:58 --> You have an error in your SQL syntax; check the manual that corresponds to your MariaDB server version for the right syntax to use near '`Office` = 0, `permissions` = 'dev,banned_list,housing_director,admins,adminS...' at line 1
ERROR - 2022-12-21 13:54:03 --> Unknown column 'Title' in 'field list'
ERROR - 2022-12-21 13:54:11 --> Cannot add or update a child row: a foreign key constraint fails (`reslife`.`staff`, CONSTRAINT `staff_ibfk_1` FOREIGN KEY (`hall_id`) REFERENCES `Hall` (`hall_id`))
ERROR - 2022-12-21 13:54:11 --> You have an error in your SQL syntax; check the manual that corresponds to your MariaDB server version for the right syntax to use near '`Office` = 0, `permissions` = 'dev,banned_list,housing_director,admins,adminS...' at line 1
ERROR - 2022-12-21 13:54:15 --> Unknown column 'Title' in 'field list'
ERROR - 2022-12-21 13:54:23 --> You have an error in your SQL syntax; check the manual that corresponds to your MariaDB server version for the right syntax to use near '`Office` = 0, `permissions` = 'dev,banned_list,housing_director,admins,adminS...' at line 1
ERROR - 2022-12-21 13:54:27 --> Unknown column 'Title' in 'field list'
ERROR - 2022-12-21 13:54:36 --> Unknown column 'Title' in 'field list'
ERROR - 2022-12-21 13:54:43 --> You have an error in your SQL syntax; check the manual that corresponds to your MariaDB server version for the right syntax to use near '`Office` = 0, `permissions` = 'dev,banned_list,housing_director,admins,adminS...' at line 1
ERROR - 2022-12-21 13:54:47 --> Unknown column 'Title' in 'field list'
CRITICAL - 2022-12-21 13:55:07 --> Undefined index: permissions1
in APPPATH\Controllers\Home.php on line 129.
 1 APPPATH\Controllers\Home.php(129): CodeIgniter\Debug\Exceptions->errorHandler(8, 'Undefined index: permissions1', 'APPPATH\\Controllers\\Home.php', 129, [...])
 2 SYSTEMPATH\CodeIgniter.php(896): App\Controllers\Home->submitUpdate()
 3 SYSTEMPATH\CodeIgniter.php(466): CodeIgniter\CodeIgniter->runController(Object(App\Controllers\Home))
 4 SYSTEMPATH\CodeIgniter.php(349): CodeIgniter\CodeIgniter->handleRequest(null, Object(Config\Cache), false)
 5 FCPATH\index.php(55): CodeIgniter\CodeIgniter->run()
ERROR - 2022-12-21 13:56:15 --> You have an error in your SQL syntax; check the manual that corresponds to your MariaDB server version for the right syntax to use near '`Office` = 0, `permissions` = 'dev,banned_list,housing_director,admins,adminS...' at line 1
ERROR - 2022-12-21 13:56:22 --> Unknown column 'Title' in 'field list'
ERROR - 2022-12-21 13:59:31 --> Unknown column 'Title' in 'field list'
ERROR - 2022-12-21 13:59:34 --> Cannot add or update a child row: a foreign key constraint fails (`reslife`.`staff`, CONSTRAINT `staff_ibfk_1` FOREIGN KEY (`hall_id`) REFERENCES `Hall` (`hall_id`))
ERROR - 2022-12-21 13:59:34 --> You have an error in your SQL syntax; check the manual that corresponds to your MariaDB server version for the right syntax to use near '`Office` = 0, `permissions` = 'dev,banned_list,housing_director,admins,adminS...' at line 1
ERROR - 2022-12-21 13:59:46 --> Unknown column 'Title' in 'field list'
ERROR - 2022-12-21 13:59:59 --> Unknown column 'Title' in 'field list'
CRITICAL - 2022-12-21 14:00:15 --> Undefined index: permissions1
in APPPATH\Controllers\Home.php on line 129.
 1 APPPATH\Controllers\Home.php(129): CodeIgniter\Debug\Exceptions->errorHandler(8, 'Undefined index: permissions1', 'APPPATH\\Controllers\\Home.php', 129, [...])
 2 SYSTEMPATH\CodeIgniter.php(896): App\Controllers\Home->submitUpdate()
 3 SYSTEMPATH\CodeIgniter.php(466): CodeIgniter\CodeIgniter->runController(Object(App\Controllers\Home))
 4 SYSTEMPATH\CodeIgniter.php(349): CodeIgniter\CodeIgniter->handleRequest(null, Object(Config\Cache), false)
 5 FCPATH\index.php(55): CodeIgniter\CodeIgniter->run()
ERROR - 2022-12-21 14:00:23 --> Cannot add or update a child row: a foreign key constraint fails (`reslife`.`staff`, CONSTRAINT `staff_ibfk_1` FOREIGN KEY (`hall_id`) REFERENCES `Hall` (`hall_id`))
ERROR - 2022-12-21 14:00:23 --> You have an error in your SQL syntax; check the manual that corresponds to your MariaDB server version for the right syntax to use near '`Office` = 0, `permissions` = 'dev,banned_list,housing_director,admins,adminS...' at line 1
ERROR - 2022-12-21 14:00:26 --> Unknown column 'Title' in 'field list'
ERROR - 2022-12-21 14:00:39 --> Cannot add or update a child row: a foreign key constraint fails (`reslife`.`staff`, CONSTRAINT `staff_ibfk_1` FOREIGN KEY (`hall_id`) REFERENCES `Hall` (`hall_id`))
ERROR - 2022-12-21 14:00:39 --> You have an error in your SQL syntax; check the manual that corresponds to your MariaDB server version for the right syntax to use near '`Office` = 0, `permissions` = 'dev,banned_list,housing_director,admins,adminS...' at line 1
ERROR - 2022-12-21 14:00:42 --> Unknown column 'Title' in 'field list'
ERROR - 2022-12-21 14:00:54 --> Unknown column 'Title' in 'field list'
ERROR - 2022-12-21 14:00:59 --> You have an error in your SQL syntax; check the manual that corresponds to your MariaDB server version for the right syntax to use near '`Office` = 0, `permissions` = 'dev,banned_list,housing_director,admins,adminS...' at line 1
ERROR - 2022-12-21 14:01:09 --> You have an error in your SQL syntax; check the manual that corresponds to your MariaDB server version for the right syntax to use near '`Office` = 0, `permissions` = 'dev,banned_list,housing_director,admins,adminS...' at line 1
ERROR - 2022-12-21 14:01:15 --> Unknown column 'Title' in 'field list'
ERROR - 2022-12-21 14:01:25 --> You have an error in your SQL syntax; check the manual that corresponds to your MariaDB server version for the right syntax to use near '`Office` = 0, `permissions` = 'dev,banned_list,housing_director,admins,adminS...' at line 1
ERROR - 2022-12-21 14:01:31 --> Unknown column 'Title' in 'field list'
ERROR - 2022-12-21 14:01:36 --> You have an error in your SQL syntax; check the manual that corresponds to your MariaDB server version for the right syntax to use near '`Office` = 0, `permissions` = 'dev,banned_list,housing_director,admins,adminS...' at line 1
ERROR - 2022-12-21 14:01:43 --> Unknown column 'Title' in 'field list'
ERROR - 2022-12-21 14:01:51 --> You have an error in your SQL syntax; check the manual that corresponds to your MariaDB server version for the right syntax to use near '`Office` = 0, `permissions` = 'dev,banned_list,housing_director,admins,adminS...' at line 1
ERROR - 2022-12-21 14:01:57 --> Unknown column 'Title' in 'field list'
ERROR - 2022-12-21 14:02:47 --> Unknown column 'Title' in 'field list'
ERROR - 2022-12-21 14:02:58 --> Cannot add or update a child row: a foreign key constraint fails (`reslife`.`staff`, CONSTRAINT `staff_ibfk_1` FOREIGN KEY (`hall_id`) REFERENCES `Hall` (`hall_id`))
ERROR - 2022-12-21 14:02:58 --> You have an error in your SQL syntax; check the manual that corresponds to your MariaDB server version for the right syntax to use near '`Office` = 0, `permissions` = 'dev,banned_list,housing_director,admins,adminS...' at line 1
ERROR - 2022-12-21 14:03:03 --> Unknown column 'Title' in 'field list'
ERROR - 2022-12-21 14:05:56 --> Unknown column 'Title' in 'field list'
ERROR - 2022-12-21 14:06:00 --> Cannot add or update a child row: a foreign key constraint fails (`reslife`.`staff`, CONSTRAINT `staff_ibfk_1` FOREIGN KEY (`hall_id`) REFERENCES `Hall` (`hall_id`))
ERROR - 2022-12-21 14:06:00 --> You have an error in your SQL syntax; check the manual that corresponds to your MariaDB server version for the right syntax to use near '`Office` = 0, `permissions` = 'dev,banned_list,housing_director,admins,adminS...' at line 1
ERROR - 2022-12-21 14:08:15 --> Unknown column 'Title' in 'field list'
ERROR - 2022-12-21 14:08:19 --> Unknown column 'Title' in 'field list'
ERROR - 2022-12-21 14:08:26 --> You have an error in your SQL syntax; check the manual that corresponds to your MariaDB server version for the right syntax to use near '`Office` = 0, `permissions` = 'dev,banned_list,housing_director,admins,adminS...' at line 1
ERROR - 2022-12-21 14:08:48 --> Unknown column 'Title' in 'field list'
ERROR - 2022-12-21 14:09:04 --> Cannot add or update a child row: a foreign key constraint fails (`reslife`.`staff`, CONSTRAINT `staff_ibfk_1` FOREIGN KEY (`hall_id`) REFERENCES `Hall` (`hall_id`))
ERROR - 2022-12-21 14:09:04 --> You have an error in your SQL syntax; check the manual that corresponds to your MariaDB server version for the right syntax to use near '`Office` = 0, `permissions` = 'dev,banned_list,housing_director,admins,adminS...' at line 1
ERROR - 2022-12-21 14:10:39 --> Unknown column 'Title' in 'field list'
ERROR - 2022-12-21 14:12:01 --> Unknown column 'Title' in 'field list'
ERROR - 2022-12-21 14:12:03 --> Cannot add or update a child row: a foreign key constraint fails (`reslife`.`staff`, CONSTRAINT `staff_ibfk_1` FOREIGN KEY (`hall_id`) REFERENCES `Hall` (`hall_id`))
ERROR - 2022-12-21 14:12:03 --> You have an error in your SQL syntax; check the manual that corresponds to your MariaDB server version for the right syntax to use near '`Office` = 0, `permissions` = 'dev,banned_list,housing_director,admins,adminS...' at line 1
ERROR - 2022-12-21 14:12:52 --> Cannot add or update a child row: a foreign key constraint fails (`reslife`.`staff`, CONSTRAINT `staff_ibfk_1` FOREIGN KEY (`hall_id`) REFERENCES `Hall` (`hall_id`))
ERROR - 2022-12-21 14:12:53 --> You have an error in your SQL syntax; check the manual that corresponds to your MariaDB server version for the right syntax to use near '`Office` = 0, `permissions` = 'dev,banned_list,housing_director,admins,adminS...' at line 1
ERROR - 2022-12-21 14:14:07 --> Cannot add or update a child row: a foreign key constraint fails (`reslife`.`staff`, CONSTRAINT `staff_ibfk_1` FOREIGN KEY (`hall_id`) REFERENCES `Hall` (`hall_id`))
ERROR - 2022-12-21 14:14:07 --> You have an error in your SQL syntax; check the manual that corresponds to your MariaDB server version for the right syntax to use near '`Office` = 0, `permissions` = 'dev,banned_list,housing_director,admins,adminS...' at line 1
ERROR - 2022-12-21 14:14:09 --> Unknown column 'Title' in 'field list'
ERROR - 2022-12-21 14:29:14 --> Unknown column 'Title' in 'field list'
ERROR - 2022-12-21 14:29:19 --> Cannot add or update a child row: a foreign key constraint fails (`reslife`.`staff`, CONSTRAINT `staff_ibfk_1` FOREIGN KEY (`hall_id`) REFERENCES `Hall` (`hall_id`))
ERROR - 2022-12-21 14:29:19 --> You have an error in your SQL syntax; check the manual that corresponds to your MariaDB server version for the right syntax to use near '`Office` = 0, `permissions` = 'dev,banned_list,housing_director,admins,adminS...' at line 1
ERROR - 2022-12-21 14:30:10 --> Unknown column 'Title' in 'field list'
ERROR - 2022-12-21 14:30:18 --> Unknown column 'Title' in 'field list'
CRITICAL - 2022-12-21 14:31:04 --> Undefined index: maintenance_requests
in APPPATH\Controllers\Home.php on line 165.
 1 APPPATH\Controllers\Home.php(165): CodeIgniter\Debug\Exceptions->errorHandler(8, 'Undefined index: maintenance_requests', 'APPPATH\\Controllers\\Home.php', 165, [...])
 2 SYSTEMPATH\CodeIgniter.php(896): App\Controllers\Home->submitUpdate()
 3 SYSTEMPATH\CodeIgniter.php(466): CodeIgniter\CodeIgniter->runController(Object(App\Controllers\Home))
 4 SYSTEMPATH\CodeIgniter.php(349): CodeIgniter\CodeIgniter->handleRequest(null, Object(Config\Cache), false)
 5 FCPATH\index.php(55): CodeIgniter\CodeIgniter->run()
ERROR - 2022-12-21 14:32:54 --> Unknown column 'Title' in 'field list'
CRITICAL - 2022-12-21 14:37:21 --> Undefined index: allhalls1
in APPPATH\Controllers\Home.php on line 142.
 1 APPPATH\Controllers\Home.php(142): CodeIgniter\Debug\Exceptions->errorHandler(8, 'Undefined index: allhalls1', 'APPPATH\\Controllers\\Home.php', 142, [...])
 2 SYSTEMPATH\CodeIgniter.php(896): App\Controllers\Home->submitUpdate()
 3 SYSTEMPATH\CodeIgniter.php(466): CodeIgniter\CodeIgniter->runController(Object(App\Controllers\Home))
 4 SYSTEMPATH\CodeIgniter.php(349): CodeIgniter\CodeIgniter->handleRequest(null, Object(Config\Cache), false)
 5 FCPATH\index.php(55): CodeIgniter\CodeIgniter->run()
CRITICAL - 2022-12-21 14:38:29 --> Undefined index: maintenance_requests
in APPPATH\Controllers\Home.php on line 165.
 1 APPPATH\Controllers\Home.php(165): CodeIgniter\Debug\Exceptions->errorHandler(8, 'Undefined index: maintenance_requests', 'APPPATH\\Controllers\\Home.php', 165, [...])
 2 SYSTEMPATH\CodeIgniter.php(896): App\Controllers\Home->submitUpdate()
 3 SYSTEMPATH\CodeIgniter.php(466): CodeIgniter\CodeIgniter->runController(Object(App\Controllers\Home))
 4 SYSTEMPATH\CodeIgniter.php(349): CodeIgniter\CodeIgniter->handleRequest(null, Object(Config\Cache), false)
 5 FCPATH\index.php(55): CodeIgniter\CodeIgniter->run()
CRITICAL - 2022-12-21 14:41:18 --> Undefined index: maintenance_requests
in APPPATH\Controllers\Home.php on line 165.
 1 APPPATH\Controllers\Home.php(165): CodeIgniter\Debug\Exceptions->errorHandler(8, 'Undefined index: maintenance_requests', 'APPPATH\\Controllers\\Home.php', 165, [...])
 2 SYSTEMPATH\CodeIgniter.php(896): App\Controllers\Home->submitUpdate()
 3 SYSTEMPATH\CodeIgniter.php(466): CodeIgniter\CodeIgniter->runController(Object(App\Controllers\Home))
 4 SYSTEMPATH\CodeIgniter.php(349): CodeIgniter\CodeIgniter->handleRequest(null, Object(Config\Cache), false)
 5 FCPATH\index.php(55): CodeIgniter\CodeIgniter->run()
CRITICAL - 2022-12-21 14:41:49 --> Undefined index: allhalls1
in APPPATH\Controllers\Home.php on line 142.
 1 APPPATH\Controllers\Home.php(142): CodeIgniter\Debug\Exceptions->errorHandler(8, 'Undefined index: allhalls1', 'APPPATH\\Controllers\\Home.php', 142, [...])
 2 SYSTEMPATH\CodeIgniter.php(896): App\Controllers\Home->submitUpdate()
 3 SYSTEMPATH\CodeIgniter.php(466): CodeIgniter\CodeIgniter->runController(Object(App\Controllers\Home))
 4 SYSTEMPATH\CodeIgniter.php(349): CodeIgniter\CodeIgniter->handleRequest(null, Object(Config\Cache), false)
 5 FCPATH\index.php(55): CodeIgniter\CodeIgniter->run()
CRITICAL - 2022-12-21 14:42:06 --> Undefined index: allhalls 1
in APPPATH\Controllers\Home.php on line 142.
 1 APPPATH\Controllers\Home.php(142): CodeIgniter\Debug\Exceptions->errorHandler(8, 'Undefined index: allhalls 1', 'APPPATH\\Controllers\\Home.php', 142, [...])
 2 SYSTEMPATH\CodeIgniter.php(896): App\Controllers\Home->submitUpdate()
 3 SYSTEMPATH\CodeIgniter.php(466): CodeIgniter\CodeIgniter->runController(Object(App\Controllers\Home))
 4 SYSTEMPATH\CodeIgniter.php(349): CodeIgniter\CodeIgniter->handleRequest(null, Object(Config\Cache), false)
 5 FCPATH\index.php(55): CodeIgniter\CodeIgniter->run()
ERROR - 2022-12-21 14:42:53 --> Unknown column 'Title' in 'field list'
CRITICAL - 2022-12-21 14:42:54 --> Undefined index: allhalls1
in APPPATH\Controllers\Home.php on line 142.
 1 APPPATH\Controllers\Home.php(142): CodeIgniter\Debug\Exceptions->errorHandler(8, 'Undefined index: allhalls1', 'APPPATH\\Controllers\\Home.php', 142, [...])
 2 SYSTEMPATH\CodeIgniter.php(896): App\Controllers\Home->submitUpdate()
 3 SYSTEMPATH\CodeIgniter.php(466): CodeIgniter\CodeIgniter->runController(Object(App\Controllers\Home))
 4 SYSTEMPATH\CodeIgniter.php(349): CodeIgniter\CodeIgniter->handleRequest(null, Object(Config\Cache), false)
 5 FCPATH\index.php(55): CodeIgniter\CodeIgniter->run()
CRITICAL - 2022-12-21 14:45:54 --> Undefined index: allhalls1
in APPPATH\Controllers\Home.php on line 142.
 1 APPPATH\Controllers\Home.php(142): CodeIgniter\Debug\Exceptions->errorHandler(8, 'Undefined index: allhalls1', 'APPPATH\\Controllers\\Home.php', 142, [...])
 2 SYSTEMPATH\CodeIgniter.php(896): App\Controllers\Home->submitUpdate()
 3 SYSTEMPATH\CodeIgniter.php(466): CodeIgniter\CodeIgniter->runController(Object(App\Controllers\Home))
 4 SYSTEMPATH\CodeIgniter.php(349): CodeIgniter\CodeIgniter->handleRequest(null, Object(Config\Cache), false)
 5 FCPATH\index.php(55): CodeIgniter\CodeIgniter->run()
CRITICAL - 2022-12-21 14:46:01 --> Undefined index: allhalls1
in APPPATH\Controllers\Home.php on line 142.
 1 APPPATH\Controllers\Home.php(142): CodeIgniter\Debug\Exceptions->errorHandler(8, 'Undefined index: allhalls1', 'APPPATH\\Controllers\\Home.php', 142, [...])
 2 SYSTEMPATH\CodeIgniter.php(896): App\Controllers\Home->submitUpdate()
 3 SYSTEMPATH\CodeIgniter.php(466): CodeIgniter\CodeIgniter->runController(Object(App\Controllers\Home))
 4 SYSTEMPATH\CodeIgniter.php(349): CodeIgniter\CodeIgniter->handleRequest(null, Object(Config\Cache), false)
 5 FCPATH\index.php(55): CodeIgniter\CodeIgniter->run()
CRITICAL - 2022-12-21 14:46:25 --> Undefined index: maintenance_requests
in APPPATH\Controllers\Home.php on line 165.
 1 APPPATH\Controllers\Home.php(165): CodeIgniter\Debug\Exceptions->errorHandler(8, 'Undefined index: maintenance_requests', 'APPPATH\\Controllers\\Home.php', 165, [...])
 2 SYSTEMPATH\CodeIgniter.php(896): App\Controllers\Home->submitUpdate()
 3 SYSTEMPATH\CodeIgniter.php(466): CodeIgniter\CodeIgniter->runController(Object(App\Controllers\Home))
 4 SYSTEMPATH\CodeIgniter.php(349): CodeIgniter\CodeIgniter->handleRequest(null, Object(Config\Cache), false)
 5 FCPATH\index.php(55): CodeIgniter\CodeIgniter->run()
CRITICAL - 2022-12-21 14:46:58 --> Undefined index: maintenance_requests
in APPPATH\Controllers\Home.php on line 142.
 1 APPPATH\Controllers\Home.php(142): CodeIgniter\Debug\Exceptions->errorHandler(8, 'Undefined index: maintenance_requests', 'APPPATH\\Controllers\\Home.php', 142, [...])
 2 SYSTEMPATH\CodeIgniter.php(896): App\Controllers\Home->submitUpdate()
 3 SYSTEMPATH\CodeIgniter.php(466): CodeIgniter\CodeIgniter->runController(Object(App\Controllers\Home))
 4 SYSTEMPATH\CodeIgniter.php(349): CodeIgniter\CodeIgniter->handleRequest(null, Object(Config\Cache), false)
 5 FCPATH\index.php(55): CodeIgniter\CodeIgniter->run()
CRITICAL - 2022-12-21 14:47:06 --> Undefined index: maintenance_requests
in APPPATH\Controllers\Home.php on line 143.
 1 APPPATH\Controllers\Home.php(143): CodeIgniter\Debug\Exceptions->errorHandler(8, 'Undefined index: maintenance_requests', 'APPPATH\\Controllers\\Home.php', 143, [...])
 2 SYSTEMPATH\CodeIgniter.php(896): App\Controllers\Home->submitUpdate()
 3 SYSTEMPATH\CodeIgniter.php(466): CodeIgniter\CodeIgniter->runController(Object(App\Controllers\Home))
 4 SYSTEMPATH\CodeIgniter.php(349): CodeIgniter\CodeIgniter->handleRequest(null, Object(Config\Cache), false)
 5 FCPATH\index.php(55): CodeIgniter\CodeIgniter->run()
CRITICAL - 2022-12-21 14:47:16 --> Undefined index: comcast_requests
in APPPATH\Controllers\Home.php on line 142.
 1 APPPATH\Controllers\Home.php(142): CodeIgniter\Debug\Exceptions->errorHandler(8, 'Undefined index: comcast_requests', 'APPPATH\\Controllers\\Home.php', 142, [...])
 2 SYSTEMPATH\CodeIgniter.php(896): App\Controllers\Home->submitUpdate()
 3 SYSTEMPATH\CodeIgniter.php(466): CodeIgniter\CodeIgniter->runController(Object(App\Controllers\Home))
 4 SYSTEMPATH\CodeIgniter.php(349): CodeIgniter\CodeIgniter->handleRequest(null, Object(Config\Cache), false)
 5 FCPATH\index.php(55): CodeIgniter\CodeIgniter->run()
ERROR - 2022-12-21 14:47:23 --> Unknown column 'Title' in 'field list'
ERROR - 2022-12-21 14:48:06 --> Unknown column 'Title' in 'field list'
ERROR - 2022-12-21 14:48:45 --> Unknown column 'Title' in 'field list'
ERROR - 2022-12-21 14:50:03 --> Unknown column 'Title' in 'field list'
ERROR - 2022-12-21 14:50:17 --> Unknown column 'Title' in 'field list'
ERROR - 2022-12-21 14:51:38 --> Unknown column 'Title' in 'field list'
ERROR - 2022-12-21 14:53:19 --> Unknown column 'Title' in 'field list'
ERROR - 2022-12-21 14:53:40 --> Unknown column 'Title' in 'field list'
ERROR - 2022-12-21 14:54:46 --> Unknown column 'Title' in 'field list'
ERROR - 2022-12-21 14:54:54 --> Unknown column 'Title' in 'field list'
ERROR - 2022-12-21 14:55:23 --> Unknown column 'Title' in 'field list'
ERROR - 2022-12-21 14:55:51 --> Unknown column 'Title' in 'field list'
ERROR - 2022-12-21 14:56:00 --> Unknown column 'Title' in 'field list'
CRITICAL - 2022-12-21 14:56:12 --> Undefined index: maintenance_requests
in APPPATH\Controllers\Home.php on line 165.
 1 APPPATH\Controllers\Home.php(165): CodeIgniter\Debug\Exceptions->errorHandler(8, 'Undefined index: maintenance_requests', 'APPPATH\\Controllers\\Home.php', 165, [...])
 2 SYSTEMPATH\CodeIgniter.php(896): App\Controllers\Home->submitUpdate()
 3 SYSTEMPATH\CodeIgniter.php(466): CodeIgniter\CodeIgniter->runController(Object(App\Controllers\Home))
 4 SYSTEMPATH\CodeIgniter.php(349): CodeIgniter\CodeIgniter->handleRequest(null, Object(Config\Cache), false)
 5 FCPATH\index.php(55): CodeIgniter\CodeIgniter->run()
ERROR - 2022-12-21 14:56:29 --> Unknown column 'Title' in 'field list'
ERROR - 2022-12-21 14:57:01 --> Cannot add or update a child row: a foreign key constraint fails (`reslife`.`staff`, CONSTRAINT `staff_ibfk_1` FOREIGN KEY (`hall_id`) REFERENCES `Hall` (`hall_id`))
ERROR - 2022-12-21 14:57:01 --> You have an error in your SQL syntax; check the manual that corresponds to your MariaDB server version for the right syntax to use near '`Office` = 0, `permissions` = 'dev,banned_list,housing_director,admins,adminS...' at line 1
CRITICAL - 2022-12-21 14:57:01 --> Undefined property: App\Controllers\Home::$db
in APPPATH\Controllers\Home.php on line 186.
 1 APPPATH\Controllers\Home.php(186): CodeIgniter\Debug\Exceptions->errorHandler(8, 'Undefined property: App\\Controllers\\Home::$db', 'APPPATH\\Controllers\\Home.php', 186, [...])
 2 SYSTEMPATH\CodeIgniter.php(896): App\Controllers\Home->submitUpdate()
 3 SYSTEMPATH\CodeIgniter.php(466): CodeIgniter\CodeIgniter->runController(Object(App\Controllers\Home))
 4 SYSTEMPATH\CodeIgniter.php(349): CodeIgniter\CodeIgniter->handleRequest(null, Object(Config\Cache), false)
 5 FCPATH\index.php(55): CodeIgniter\CodeIgniter->run()
ERROR - 2022-12-21 14:58:43 --> Cannot add or update a child row: a foreign key constraint fails (`reslife`.`staff`, CONSTRAINT `staff_ibfk_1` FOREIGN KEY (`hall_id`) REFERENCES `Hall` (`hall_id`))
ERROR - 2022-12-21 14:58:43 --> You have an error in your SQL syntax; check the manual that corresponds to your MariaDB server version for the right syntax to use near '`Office` = 0, `permissions` = 'dev,banned_list,housing_director,admins,adminS...' at line 1
CRITICAL - 2022-12-21 14:58:43 --> Undefined property: App\Controllers\Home::$db
in APPPATH\Controllers\Home.php on line 186.
 1 APPPATH\Controllers\Home.php(186): CodeIgniter\Debug\Exceptions->errorHandler(8, 'Undefined property: App\\Controllers\\Home::$db', 'APPPATH\\Controllers\\Home.php', 186, [...])
 2 SYSTEMPATH\CodeIgniter.php(896): App\Controllers\Home->submitUpdate()
 3 SYSTEMPATH\CodeIgniter.php(466): CodeIgniter\CodeIgniter->runController(Object(App\Controllers\Home))
 4 SYSTEMPATH\CodeIgniter.php(349): CodeIgniter\CodeIgniter->handleRequest(null, Object(Config\Cache), false)
 5 FCPATH\index.php(55): CodeIgniter\CodeIgniter->run()
ERROR - 2022-12-21 14:59:14 --> Cannot add or update a child row: a foreign key constraint fails (`reslife`.`staff`, CONSTRAINT `staff_ibfk_1` FOREIGN KEY (`hall_id`) REFERENCES `Hall` (`hall_id`))
ERROR - 2022-12-21 14:59:14 --> You have an error in your SQL syntax; check the manual that corresponds to your MariaDB server version for the right syntax to use near '`Office` = 0, `permissions` = 'dev,banned_list,housing_director,admins,adminS...' at line 1
CRITICAL - 2022-12-21 14:59:14 --> Undefined property: App\Controllers\Home::$db
in APPPATH\Controllers\Home.php on line 187.
 1 APPPATH\Controllers\Home.php(187): CodeIgniter\Debug\Exceptions->errorHandler(8, 'Undefined property: App\\Controllers\\Home::$db', 'APPPATH\\Controllers\\Home.php', 187, [...])
 2 SYSTEMPATH\CodeIgniter.php(896): App\Controllers\Home->submitUpdate()
 3 SYSTEMPATH\CodeIgniter.php(466): CodeIgniter\CodeIgniter->runController(Object(App\Controllers\Home))
 4 SYSTEMPATH\CodeIgniter.php(349): CodeIgniter\CodeIgniter->handleRequest(null, Object(Config\Cache), false)
 5 FCPATH\index.php(55): CodeIgniter\CodeIgniter->run()
ERROR - 2022-12-21 14:59:18 --> Cannot add or update a child row: a foreign key constraint fails (`reslife`.`staff`, CONSTRAINT `staff_ibfk_1` FOREIGN KEY (`hall_id`) REFERENCES `Hall` (`hall_id`))
ERROR - 2022-12-21 14:59:18 --> You have an error in your SQL syntax; check the manual that corresponds to your MariaDB server version for the right syntax to use near '`Office` = 0, `permissions` = 'dev,banned_list,housing_director,admins,adminS...' at line 1
CRITICAL - 2022-12-21 14:59:18 --> Undefined property: App\Controllers\Home::$db
in APPPATH\Controllers\Home.php on line 187.
 1 APPPATH\Controllers\Home.php(187): CodeIgniter\Debug\Exceptions->errorHandler(8, 'Undefined property: App\\Controllers\\Home::$db', 'APPPATH\\Controllers\\Home.php', 187, [...])
 2 SYSTEMPATH\CodeIgniter.php(896): App\Controllers\Home->submitUpdate()
 3 SYSTEMPATH\CodeIgniter.php(466): CodeIgniter\CodeIgniter->runController(Object(App\Controllers\Home))
 4 SYSTEMPATH\CodeIgniter.php(349): CodeIgniter\CodeIgniter->handleRequest(null, Object(Config\Cache), false)
 5 FCPATH\index.php(55): CodeIgniter\CodeIgniter->run()
ERROR - 2022-12-21 15:00:32 --> Cannot add or update a child row: a foreign key constraint fails (`reslife`.`staff`, CONSTRAINT `staff_ibfk_1` FOREIGN KEY (`hall_id`) REFERENCES `Hall` (`hall_id`))
ERROR - 2022-12-21 15:00:32 --> You have an error in your SQL syntax; check the manual that corresponds to your MariaDB server version for the right syntax to use near '`Office` = 0, `permissions` = 'dev,banned_list,housing_director,admins,adminS...' at line 1
ERROR - 2022-12-21 15:00:45 --> Cannot add or update a child row: a foreign key constraint fails (`reslife`.`staff`, CONSTRAINT `staff_ibfk_1` FOREIGN KEY (`hall_id`) REFERENCES `Hall` (`hall_id`))
ERROR - 2022-12-21 15:00:45 --> You have an error in your SQL syntax; check the manual that corresponds to your MariaDB server version for the right syntax to use near '`Office` = 0, `permissions` = 'dev,banned_list,housing_director,admins,adminS...' at line 1
ERROR - 2022-12-21 15:01:28 --> Cannot add or update a child row: a foreign key constraint fails (`reslife`.`staff`, CONSTRAINT `staff_ibfk_1` FOREIGN KEY (`hall_id`) REFERENCES `Hall` (`hall_id`))
ERROR - 2022-12-21 15:01:28 --> You have an error in your SQL syntax; check the manual that corresponds to your MariaDB server version for the right syntax to use near '`Office` = 0, `permissions` = 'dev,banned_list,housing_director,admins,adminS...' at line 1
ERROR - 2022-12-21 15:02:28 --> Cannot add or update a child row: a foreign key constraint fails (`reslife`.`staff`, CONSTRAINT `staff_ibfk_1` FOREIGN KEY (`hall_id`) REFERENCES `Hall` (`hall_id`))
ERROR - 2022-12-21 15:02:29 --> You have an error in your SQL syntax; check the manual that corresponds to your MariaDB server version for the right syntax to use near '= 0, `permissions` = 'dev,banned_list,housing_director,admins,adminSection,gr...' at line 1
ERROR - 2022-12-21 15:03:15 --> Cannot add or update a child row: a foreign key constraint fails (`reslife`.`staff`, CONSTRAINT `staff_ibfk_1` FOREIGN KEY (`hall_id`) REFERENCES `Hall` (`hall_id`))
ERROR - 2022-12-21 15:03:15 --> You have an error in your SQL syntax; check the manual that corresponds to your MariaDB server version for the right syntax to use near '`Office` = 0, `permissions` = 'dev,banned_list,housing_director,admins,adminS...' at line 1
ERROR - 2022-12-21 15:04:16 --> Cannot add or update a child row: a foreign key constraint fails (`reslife`.`staff`, CONSTRAINT `staff_ibfk_1` FOREIGN KEY (`hall_id`) REFERENCES `Hall` (`hall_id`))
ERROR - 2022-12-21 15:04:16 --> Unknown column 'Central~nOffice' in 'field list'
ERROR - 2022-12-21 15:05:07 --> Cannot add or update a child row: a foreign key constraint fails (`reslife`.`staff`, CONSTRAINT `staff_ibfk_1` FOREIGN KEY (`hall_id`) REFERENCES `Hall` (`hall_id`))
ERROR - 2022-12-21 15:05:07 --> Unknown column 'Central~nOffice' in 'field list'
ERROR - 2022-12-21 15:06:15 --> Unknown column 'Title' in 'field list'
ERROR - 2022-12-21 15:06:18 --> Cannot add or update a child row: a foreign key constraint fails (`reslife`.`staff`, CONSTRAINT `staff_ibfk_1` FOREIGN KEY (`hall_id`) REFERENCES `Hall` (`hall_id`))
ERROR - 2022-12-21 15:06:18 --> Unknown column 'Central~nOffice' in 'field list'
ERROR - 2022-12-21 15:26:17 --> Unknown column 'Central~nOffice' in 'field list'
ERROR - 2022-12-21 15:27:01 --> Unknown column 'Central~nOffice' in 'field list'
ERROR - 2022-12-21 15:27:29 --> Unknown column 'Central~Office' in 'field list'
ERROR - 2022-12-21 15:28:35 --> Unknown column 'Title' in 'field list'
ERROR - 2022-12-21 15:29:03 --> Unknown column 'Title' in 'field list'
ERROR - 2022-12-21 15:29:06 --> Unknown column 'Central~Office' in 'field list'
ERROR - 2022-12-21 15:29:15 --> Unknown column 'Title' in 'field list'
ERROR - 2022-12-21 15:30:21 --> You have an error in your SQL syntax; check the manual that corresponds to your MariaDB server version for the right syntax to use near '`Office` = 0, `permissions` = 'dev,banned_list,housing_director,admins,adminS...' at line 1
CRITICAL - 2022-12-21 15:30:46 --> Illegal offset type
in APPPATH\Models\Update_model.php on line 339.
 1 APPPATH\Models\Update_model.php(339): CodeIgniter\Debug\Exceptions->errorHandler(2, 'Illegal offset type', 'APPPATH\\Models\\Update_model.php', 339, [...])
 2 APPPATH\Controllers\Home.php(183): App\Models\Update_Model->updateUser([...])
 3 SYSTEMPATH\CodeIgniter.php(896): App\Controllers\Home->submitUpdate()
 4 SYSTEMPATH\CodeIgniter.php(466): CodeIgniter\CodeIgniter->runController(Object(App\Controllers\Home))
 5 SYSTEMPATH\CodeIgniter.php(349): CodeIgniter\CodeIgniter->handleRequest(null, Object(Config\Cache), false)
 6 FCPATH\index.php(55): CodeIgniter\CodeIgniter->run()
ERROR - 2022-12-21 15:30:59 --> You have an error in your SQL syntax; check the manual that corresponds to your MariaDB server version for the right syntax to use near '`Office]` = 0, `permissions` = 'dev,banned_list,housing_director,admins,admin...' at line 1
