CRITICAL - 2022-07-25 14:02:03 --> local is not a valid database connection group.
in SYSTEMPATH\Database\Config.php on line 65.
 1 SYSTEMPATH\Common.php(344): CodeIgniter\Database\Config::connect('local', true)
 2 APPPATH\Models\Notifications_model.php(18): db_connect('local')
 3 APPPATH\Controllers\Home.php(21): App\Models\Notifications_model->getNotifications()
 4 SYSTEMPATH\CodeIgniter.php(896): App\Controllers\Home->index()
 5 SYSTEMPATH\CodeIgniter.php(466): CodeIgniter\CodeIgniter->runController(Object(App\Controllers\Home))
 6 SYSTEMPATH\CodeIgniter.php(349): CodeIgniter\CodeIgniter->handleRequest(null, Object(Config\Cache), false)
 7 FCPATH\index.php(55): CodeIgniter\CodeIgniter->run()
CRITICAL - 2022-07-25 14:04:25 --> local is not a valid database connection group.
in SYSTEMPATH\Database\Config.php on line 65.
 1 SYSTEMPATH\Common.php(344): CodeIgniter\Database\Config::connect('local', true)
 2 APPPATH\Models\Notifications_model.php(18): db_connect('local')
 3 APPPATH\Controllers\Home.php(21): App\Models\Notifications_model->getNotifications()
 4 SYSTEMPATH\CodeIgniter.php(896): App\Controllers\Home->index()
 5 SYSTEMPATH\CodeIgniter.php(466): CodeIgniter\CodeIgniter->runController(Object(App\Controllers\Home))
 6 SYSTEMPATH\CodeIgniter.php(349): CodeIgniter\CodeIgniter->handleRequest(null, Object(Config\Cache), false)
 7 FCPATH\index.php(55): CodeIgniter\CodeIgniter->run()
CRITICAL - 2022-07-25 14:05:05 --> Cannot use object of type CodeIgniter\Database\MySQLi\Result as array
in APPPATH\Models\Notifications_model.php on line 26.
 1 APPPATH\Controllers\Home.php(21): App\Models\Notifications_model->getNotifications()
 2 SYSTEMPATH\CodeIgniter.php(896): App\Controllers\Home->index()
 3 SYSTEMPATH\CodeIgniter.php(466): CodeIgniter\CodeIgniter->runController(Object(App\Controllers\Home))
 4 SYSTEMPATH\CodeIgniter.php(349): CodeIgniter\CodeIgniter->handleRequest(null, Object(Config\Cache), false)
 5 FCPATH\index.php(55): CodeIgniter\CodeIgniter->run()
CRITICAL - 2022-07-25 14:07:04 --> Cannot use object of type CodeIgniter\Database\MySQLi\Result as array
in APPPATH\Models\Notifications_model.php on line 26.
 1 APPPATH\Controllers\Home.php(21): App\Models\Notifications_model->getNotifications()
 2 SYSTEMPATH\CodeIgniter.php(896): App\Controllers\Home->index()
 3 SYSTEMPATH\CodeIgniter.php(466): CodeIgniter\CodeIgniter->runController(Object(App\Controllers\Home))
 4 SYSTEMPATH\CodeIgniter.php(349): CodeIgniter\CodeIgniter->handleRequest(null, Object(Config\Cache), false)
 5 FCPATH\index.php(55): CodeIgniter\CodeIgniter->run()
CRITICAL - 2022-07-25 14:09:38 --> count(): Argument #1 ($value) must be of type Countable|array, CodeIgniter\Database\MySQLi\Result given
in APPPATH\Views\test.php on line 15.
 1 SYSTEMPATH\View\View.php(213): include()
 2 SYSTEMPATH\View\View.php(216): CodeIgniter\View\View->CodeIgniter\View\{closure}()
 3 SYSTEMPATH\Common.php(1135): CodeIgniter\View\View->render('test', [], true)
 4 APPPATH\Controllers\Home.php(33): view('test', [...])
 5 SYSTEMPATH\CodeIgniter.php(896): App\Controllers\Home->index()
 6 SYSTEMPATH\CodeIgniter.php(466): CodeIgniter\CodeIgniter->runController(Object(App\Controllers\Home))
 7 SYSTEMPATH\CodeIgniter.php(349): CodeIgniter\CodeIgniter->handleRequest(null, Object(Config\Cache), false)
 8 FCPATH\index.php(55): CodeIgniter\CodeIgniter->run()
CRITICAL - 2022-07-25 14:14:31 --> Undefined property: CodeIgniter\Database\MySQLi\Result::$sizeof
in APPPATH\Views\test.php on line 14.
 1 APPPATH\Views\test.php(14): CodeIgniter\Debug\Exceptions->errorHandler(2, 'Undefined property: CodeIgniter\\Database\\MySQLi\\Result::$sizeof', 'APPPATH\\Views\\test.php', 14)
 2 SYSTEMPATH\View\View.php(213): include('APPPATH\\Views\\test.php')
 3 SYSTEMPATH\View\View.php(216): CodeIgniter\View\View->CodeIgniter\View\{closure}()
 4 SYSTEMPATH\Common.php(1135): CodeIgniter\View\View->render('test', [], true)
 5 APPPATH\Controllers\Home.php(33): view('test', [...])
 6 SYSTEMPATH\CodeIgniter.php(896): App\Controllers\Home->index()
 7 SYSTEMPATH\CodeIgniter.php(466): CodeIgniter\CodeIgniter->runController(Object(App\Controllers\Home))
 8 SYSTEMPATH\CodeIgniter.php(349): CodeIgniter\CodeIgniter->handleRequest(null, Object(Config\Cache), false)
 9 FCPATH\index.php(55): CodeIgniter\CodeIgniter->run()
CRITICAL - 2022-07-25 14:16:50 --> Undefined property: CodeIgniter\Database\MySQLi\Result::$sizeof
in APPPATH\Views\test.php on line 14.
 1 APPPATH\Views\test.php(14): CodeIgniter\Debug\Exceptions->errorHandler(2, 'Undefined property: CodeIgniter\\Database\\MySQLi\\Result::$sizeof', 'APPPATH\\Views\\test.php', 14)
 2 SYSTEMPATH\View\View.php(213): include('APPPATH\\Views\\test.php')
 3 SYSTEMPATH\View\View.php(216): CodeIgniter\View\View->CodeIgniter\View\{closure}()
 4 SYSTEMPATH\Common.php(1135): CodeIgniter\View\View->render('test', [], true)
 5 APPPATH\Controllers\Home.php(34): view('test', [...])
 6 SYSTEMPATH\CodeIgniter.php(896): App\Controllers\Home->index()
 7 SYSTEMPATH\CodeIgniter.php(466): CodeIgniter\CodeIgniter->runController(Object(App\Controllers\Home))
 8 SYSTEMPATH\CodeIgniter.php(349): CodeIgniter\CodeIgniter->handleRequest(null, Object(Config\Cache), false)
 9 FCPATH\index.php(55): CodeIgniter\CodeIgniter->run()
CRITICAL - 2022-07-25 14:18:28 --> Undefined property: CodeIgniter\Database\MySQLi\Result::$countAllResults
in APPPATH\Views\test.php on line 14.
 1 APPPATH\Views\test.php(14): CodeIgniter\Debug\Exceptions->errorHandler(2, 'Undefined property: CodeIgniter\\Database\\MySQLi\\Result::$countAllResults', 'APPPATH\\Views\\test.php', 14)
 2 SYSTEMPATH\View\View.php(213): include('APPPATH\\Views\\test.php')
 3 SYSTEMPATH\View\View.php(216): CodeIgniter\View\View->CodeIgniter\View\{closure}()
 4 SYSTEMPATH\Common.php(1135): CodeIgniter\View\View->render('test', [], true)
 5 APPPATH\Controllers\Home.php(34): view('test', [...])
 6 SYSTEMPATH\CodeIgniter.php(896): App\Controllers\Home->index()
 7 SYSTEMPATH\CodeIgniter.php(466): CodeIgniter\CodeIgniter->runController(Object(App\Controllers\Home))
 8 SYSTEMPATH\CodeIgniter.php(349): CodeIgniter\CodeIgniter->handleRequest(null, Object(Config\Cache), false)
 9 FCPATH\index.php(55): CodeIgniter\CodeIgniter->run()
CRITICAL - 2022-07-25 14:29:24 --> Access level to App\Models\Notifications_model::$db must be protected (as in class CodeIgniter\BaseModel) or weaker
in APPPATH\Models\Notifications_model.php on line 7.
 1 [internal function]: CodeIgniter\Debug\Exceptions->shutdownHandler()
CRITICAL - 2022-07-25 14:29:45 --> Access level to App\Models\Notifications_model::$db must be protected (as in class CodeIgniter\BaseModel) or weaker
in APPPATH\Models\Notifications_model.php on line 7.
 1 [internal function]: CodeIgniter\Debug\Exceptions->shutdownHandler()
CRITICAL - 2022-07-25 14:30:17 --> Access level to App\Models\Notifications_model::$db must be protected (as in class CodeIgniter\BaseModel) or weaker
in APPPATH\Models\Notifications_model.php on line 7.
 1 [internal function]: CodeIgniter\Debug\Exceptions->shutdownHandler()
CRITICAL - 2022-07-25 14:34:27 --> Access level to App\Models\Notifications_model::$db must be protected (as in class CodeIgniter\BaseModel) or weaker
in APPPATH\Models\Notifications_model.php on line 7.
 1 [internal function]: CodeIgniter\Debug\Exceptions->shutdownHandler()
CRITICAL - 2022-07-25 14:35:09 --> Access level to App\Models\Notifications_model::$db must be protected (as in class CodeIgniter\BaseModel) or weaker
in APPPATH\Models\Notifications_model.php on line 7.
 1 [internal function]: CodeIgniter\Debug\Exceptions->shutdownHandler()
CRITICAL - 2022-07-25 14:40:03 --> Undefined variable $db
in APPPATH\Models\Notifications_model.php on line 30.
 1 APPPATH\Models\Notifications_model.php(30): CodeIgniter\Debug\Exceptions->errorHandler(2, 'Undefined variable $db', 'APPPATH\\Models\\Notifications_model.php', 30)
 2 APPPATH\Controllers\Home.php(21): App\Models\Notifications_model->getNotifications()
 3 SYSTEMPATH\CodeIgniter.php(896): App\Controllers\Home->index()
 4 SYSTEMPATH\CodeIgniter.php(466): CodeIgniter\CodeIgniter->runController(Object(App\Controllers\Home))
 5 SYSTEMPATH\CodeIgniter.php(349): CodeIgniter\CodeIgniter->handleRequest(null, Object(Config\Cache), false)
 6 FCPATH\index.php(55): CodeIgniter\CodeIgniter->run()
CRITICAL - 2022-07-25 14:43:03 --> Undefined property: CodeIgniter\Database\MySQLi\Result::$num_rows
in APPPATH\Views\test.php on line 14.
 1 APPPATH\Views\test.php(14): CodeIgniter\Debug\Exceptions->errorHandler(2, 'Undefined property: CodeIgniter\\Database\\MySQLi\\Result::$num_rows', 'APPPATH\\Views\\test.php', 14)
 2 SYSTEMPATH\View\View.php(213): include('APPPATH\\Views\\test.php')
 3 SYSTEMPATH\View\View.php(216): CodeIgniter\View\View->CodeIgniter\View\{closure}()
 4 SYSTEMPATH\Common.php(1135): CodeIgniter\View\View->render('test', [], true)
 5 APPPATH\Controllers\Home.php(34): view('test', [...])
 6 SYSTEMPATH\CodeIgniter.php(896): App\Controllers\Home->index()
 7 SYSTEMPATH\CodeIgniter.php(466): CodeIgniter\CodeIgniter->runController(Object(App\Controllers\Home))
 8 SYSTEMPATH\CodeIgniter.php(349): CodeIgniter\CodeIgniter->handleRequest(null, Object(Config\Cache), false)
 9 FCPATH\index.php(55): CodeIgniter\CodeIgniter->run()
CRITICAL - 2022-07-25 14:43:12 --> Call to undefined method CodeIgniter\Database\MySQLi\Result::num_rows()
in APPPATH\Views\test.php on line 14.
 1 SYSTEMPATH\View\View.php(213): include()
 2 SYSTEMPATH\View\View.php(216): CodeIgniter\View\View->CodeIgniter\View\{closure}()
 3 SYSTEMPATH\Common.php(1135): CodeIgniter\View\View->render('test', [], true)
 4 APPPATH\Controllers\Home.php(34): view('test', [...])
 5 SYSTEMPATH\CodeIgniter.php(896): App\Controllers\Home->index()
 6 SYSTEMPATH\CodeIgniter.php(466): CodeIgniter\CodeIgniter->runController(Object(App\Controllers\Home))
 7 SYSTEMPATH\CodeIgniter.php(349): CodeIgniter\CodeIgniter->handleRequest(null, Object(Config\Cache), false)
 8 FCPATH\index.php(55): CodeIgniter\CodeIgniter->run()
CRITICAL - 2022-07-25 14:46:01 --> Undefined variable $builder
in APPPATH\Views\test.php on line 14.
 1 APPPATH\Views\test.php(14): CodeIgniter\Debug\Exceptions->errorHandler(2, 'Undefined variable $builder', 'APPPATH\\Views\\test.php', 14)
 2 SYSTEMPATH\View\View.php(213): include('APPPATH\\Views\\test.php')
 3 SYSTEMPATH\View\View.php(216): CodeIgniter\View\View->CodeIgniter\View\{closure}()
 4 SYSTEMPATH\Common.php(1135): CodeIgniter\View\View->render('test', [], true)
 5 APPPATH\Controllers\Home.php(34): view('test', [...])
 6 SYSTEMPATH\CodeIgniter.php(896): App\Controllers\Home->index()
 7 SYSTEMPATH\CodeIgniter.php(466): CodeIgniter\CodeIgniter->runController(Object(App\Controllers\Home))
 8 SYSTEMPATH\CodeIgniter.php(349): CodeIgniter\CodeIgniter->handleRequest(null, Object(Config\Cache), false)
 9 FCPATH\index.php(55): CodeIgniter\CodeIgniter->run()
CRITICAL - 2022-07-25 14:46:20 --> Undefined variable $builder
in APPPATH\Views\test.php on line 14.
 1 APPPATH\Views\test.php(14): CodeIgniter\Debug\Exceptions->errorHandler(2, 'Undefined variable $builder', 'APPPATH\\Views\\test.php', 14)
 2 SYSTEMPATH\View\View.php(213): include('APPPATH\\Views\\test.php')
 3 SYSTEMPATH\View\View.php(216): CodeIgniter\View\View->CodeIgniter\View\{closure}()
 4 SYSTEMPATH\Common.php(1135): CodeIgniter\View\View->render('test', [], true)
 5 APPPATH\Controllers\Home.php(34): view('test', [...])
 6 SYSTEMPATH\CodeIgniter.php(896): App\Controllers\Home->index()
 7 SYSTEMPATH\CodeIgniter.php(466): CodeIgniter\CodeIgniter->runController(Object(App\Controllers\Home))
 8 SYSTEMPATH\CodeIgniter.php(349): CodeIgniter\CodeIgniter->handleRequest(null, Object(Config\Cache), false)
 9 FCPATH\index.php(55): CodeIgniter\CodeIgniter->run()
CRITICAL - 2022-07-25 14:49:39 --> You must set the database table to be used with your query.
in SYSTEMPATH\Database\BaseConnection.php on line 874.
 1 SYSTEMPATH\Model.php(586): CodeIgniter\Database\BaseConnection->table(null)
 2 SYSTEMPATH\Model.php(734): CodeIgniter\Model->builder()
 3 APPPATH\Controllers\Home.php(22): CodeIgniter\Model->__get('num_rows')
 4 SYSTEMPATH\CodeIgniter.php(896): App\Controllers\Home->index()
 5 SYSTEMPATH\CodeIgniter.php(466): CodeIgniter\CodeIgniter->runController(Object(App\Controllers\Home))
 6 SYSTEMPATH\CodeIgniter.php(349): CodeIgniter\CodeIgniter->handleRequest(null, Object(Config\Cache), false)
 7 FCPATH\index.php(55): CodeIgniter\CodeIgniter->run()
CRITICAL - 2022-07-25 14:49:55 --> Undefined variable $builder
in APPPATH\Views\test.php on line 14.
 1 APPPATH\Views\test.php(14): CodeIgniter\Debug\Exceptions->errorHandler(2, 'Undefined variable $builder', 'APPPATH\\Views\\test.php', 14)
 2 SYSTEMPATH\View\View.php(213): include('APPPATH\\Views\\test.php')
 3 SYSTEMPATH\View\View.php(216): CodeIgniter\View\View->CodeIgniter\View\{closure}()
 4 SYSTEMPATH\Common.php(1135): CodeIgniter\View\View->render('test', [], true)
 5 APPPATH\Controllers\Home.php(33): view('test', [...])
 6 SYSTEMPATH\CodeIgniter.php(896): App\Controllers\Home->index()
 7 SYSTEMPATH\CodeIgniter.php(466): CodeIgniter\CodeIgniter->runController(Object(App\Controllers\Home))
 8 SYSTEMPATH\CodeIgniter.php(349): CodeIgniter\CodeIgniter->handleRequest(null, Object(Config\Cache), false)
 9 FCPATH\index.php(55): CodeIgniter\CodeIgniter->run()
CRITICAL - 2022-07-25 14:50:30 --> You must set the database table to be used with your query.
in SYSTEMPATH\Database\BaseConnection.php on line 874.
 1 SYSTEMPATH\Model.php(586): CodeIgniter\Database\BaseConnection->table(null)
 2 SYSTEMPATH\Model.php(734): CodeIgniter\Model->builder()
 3 APPPATH\Controllers\Home.php(22): CodeIgniter\Model->__get('num_rows')
 4 SYSTEMPATH\CodeIgniter.php(896): App\Controllers\Home->index()
 5 SYSTEMPATH\CodeIgniter.php(466): CodeIgniter\CodeIgniter->runController(Object(App\Controllers\Home))
 6 SYSTEMPATH\CodeIgniter.php(349): CodeIgniter\CodeIgniter->handleRequest(null, Object(Config\Cache), false)
 7 FCPATH\index.php(55): CodeIgniter\CodeIgniter->run()
CRITICAL - 2022-07-25 14:51:37 --> Undefined property: CodeIgniter\Database\MySQLi\Result::$num_rows
in APPPATH\Controllers\Home.php on line 22.
 1 APPPATH\Controllers\Home.php(22): CodeIgniter\Debug\Exceptions->errorHandler(2, 'Undefined property: CodeIgniter\\Database\\MySQLi\\Result::$num_rows', 'APPPATH\\Controllers\\Home.php', 22)
 2 SYSTEMPATH\CodeIgniter.php(896): App\Controllers\Home->index()
 3 SYSTEMPATH\CodeIgniter.php(466): CodeIgniter\CodeIgniter->runController(Object(App\Controllers\Home))
 4 SYSTEMPATH\CodeIgniter.php(349): CodeIgniter\CodeIgniter->handleRequest(null, Object(Config\Cache), false)
 5 FCPATH\index.php(55): CodeIgniter\CodeIgniter->run()
CRITICAL - 2022-07-25 14:51:51 --> Call to undefined method CodeIgniter\Database\MySQLi\Result::num_rows()
in APPPATH\Controllers\Home.php on line 22.
 1 SYSTEMPATH\CodeIgniter.php(896): App\Controllers\Home->index()
 2 SYSTEMPATH\CodeIgniter.php(466): CodeIgniter\CodeIgniter->runController(Object(App\Controllers\Home))
 3 SYSTEMPATH\CodeIgniter.php(349): CodeIgniter\CodeIgniter->handleRequest(null, Object(Config\Cache), false)
 4 FCPATH\index.php(55): CodeIgniter\CodeIgniter->run()
CRITICAL - 2022-07-25 14:51:59 --> You must set the database table to be used with your query.
in SYSTEMPATH\Database\BaseConnection.php on line 874.
 1 SYSTEMPATH\Model.php(586): CodeIgniter\Database\BaseConnection->table(null)
 2 SYSTEMPATH\Model.php(734): CodeIgniter\Model->builder()
 3 APPPATH\Controllers\Home.php(22): CodeIgniter\Model->__get('getNotifications')
 4 SYSTEMPATH\CodeIgniter.php(896): App\Controllers\Home->index()
 5 SYSTEMPATH\CodeIgniter.php(466): CodeIgniter\CodeIgniter->runController(Object(App\Controllers\Home))
 6 SYSTEMPATH\CodeIgniter.php(349): CodeIgniter\CodeIgniter->handleRequest(null, Object(Config\Cache), false)
 7 FCPATH\index.php(55): CodeIgniter\CodeIgniter->run()
CRITICAL - 2022-07-25 14:54:19 --> You must set the database table to be used with your query.
in SYSTEMPATH\Database\BaseConnection.php on line 874.
 1 SYSTEMPATH\Model.php(586): CodeIgniter\Database\BaseConnection->table(null)
 2 SYSTEMPATH\Model.php(734): CodeIgniter\Model->builder()
 3 APPPATH\Controllers\Home.php(22): CodeIgniter\Model->__get('getNotifications')
 4 SYSTEMPATH\CodeIgniter.php(896): App\Controllers\Home->index()
 5 SYSTEMPATH\CodeIgniter.php(466): CodeIgniter\CodeIgniter->runController(Object(App\Controllers\Home))
 6 SYSTEMPATH\CodeIgniter.php(349): CodeIgniter\CodeIgniter->handleRequest(null, Object(Config\Cache), false)
 7 FCPATH\index.php(55): CodeIgniter\CodeIgniter->run()
CRITICAL - 2022-07-25 14:59:06 --> Undefined property: CodeIgniter\Database\MySQLi\Result::$num
in APPPATH\Views\test.php on line 15.
 1 APPPATH\Views\test.php(15): CodeIgniter\Debug\Exceptions->errorHandler(2, 'Undefined property: CodeIgniter\\Database\\MySQLi\\Result::$num', 'APPPATH\\Views\\test.php', 15)
 2 SYSTEMPATH\View\View.php(213): include('APPPATH\\Views\\test.php')
 3 SYSTEMPATH\View\View.php(216): CodeIgniter\View\View->CodeIgniter\View\{closure}()
 4 SYSTEMPATH\Common.php(1135): CodeIgniter\View\View->render('test', [], true)
 5 APPPATH\Controllers\Home.php(33): view('test', [...])
 6 SYSTEMPATH\CodeIgniter.php(896): App\Controllers\Home->index()
 7 SYSTEMPATH\CodeIgniter.php(466): CodeIgniter\CodeIgniter->runController(Object(App\Controllers\Home))
 8 SYSTEMPATH\CodeIgniter.php(349): CodeIgniter\CodeIgniter->handleRequest(null, Object(Config\Cache), false)
 9 FCPATH\index.php(55): CodeIgniter\CodeIgniter->run()
CRITICAL - 2022-07-25 14:59:40 --> Undefined variable $num
in APPPATH\Views\test.php on line 16.
 1 APPPATH\Views\test.php(16): CodeIgniter\Debug\Exceptions->errorHandler(2, 'Undefined variable $num', 'APPPATH\\Views\\test.php', 16)
 2 SYSTEMPATH\View\View.php(213): include('APPPATH\\Views\\test.php')
 3 SYSTEMPATH\View\View.php(216): CodeIgniter\View\View->CodeIgniter\View\{closure}()
 4 SYSTEMPATH\Common.php(1135): CodeIgniter\View\View->render('test', [], true)
 5 APPPATH\Controllers\Home.php(33): view('test', [...])
 6 SYSTEMPATH\CodeIgniter.php(896): App\Controllers\Home->index()
 7 SYSTEMPATH\CodeIgniter.php(466): CodeIgniter\CodeIgniter->runController(Object(App\Controllers\Home))
 8 SYSTEMPATH\CodeIgniter.php(349): CodeIgniter\CodeIgniter->handleRequest(null, Object(Config\Cache), false)
 9 FCPATH\index.php(55): CodeIgniter\CodeIgniter->run()
CRITICAL - 2022-07-25 15:00:12 --> Object of class CodeIgniter\Database\MySQLi\Result could not be converted to string
in APPPATH\Models\Notifications_model.php on line 33.
 1 APPPATH\Controllers\Home.php(21): App\Models\Notifications_model->getNotifications()
 2 SYSTEMPATH\CodeIgniter.php(896): App\Controllers\Home->index()
 3 SYSTEMPATH\CodeIgniter.php(466): CodeIgniter\CodeIgniter->runController(Object(App\Controllers\Home))
 4 SYSTEMPATH\CodeIgniter.php(349): CodeIgniter\CodeIgniter->handleRequest(null, Object(Config\Cache), false)
 5 FCPATH\index.php(55): CodeIgniter\CodeIgniter->run()
CRITICAL - 2022-07-25 15:00:20 --> Unsupported operand types: CodeIgniter\Database\MySQLi\Result + int
in APPPATH\Models\Notifications_model.php on line 33.
 1 APPPATH\Controllers\Home.php(21): App\Models\Notifications_model->getNotifications()
 2 SYSTEMPATH\CodeIgniter.php(896): App\Controllers\Home->index()
 3 SYSTEMPATH\CodeIgniter.php(466): CodeIgniter\CodeIgniter->runController(Object(App\Controllers\Home))
 4 SYSTEMPATH\CodeIgniter.php(349): CodeIgniter\CodeIgniter->handleRequest(null, Object(Config\Cache), false)
 5 FCPATH\index.php(55): CodeIgniter\CodeIgniter->run()
CRITICAL - 2022-07-25 15:00:33 --> Undefined property: CodeIgniter\Database\MySQLi\Result::$num
in APPPATH\Views\test.php on line 15.
 1 APPPATH\Views\test.php(15): CodeIgniter\Debug\Exceptions->errorHandler(2, 'Undefined property: CodeIgniter\\Database\\MySQLi\\Result::$num', 'APPPATH\\Views\\test.php', 15)
 2 SYSTEMPATH\View\View.php(213): include('APPPATH\\Views\\test.php')
 3 SYSTEMPATH\View\View.php(216): CodeIgniter\View\View->CodeIgniter\View\{closure}()
 4 SYSTEMPATH\Common.php(1135): CodeIgniter\View\View->render('test', [], true)
 5 APPPATH\Controllers\Home.php(33): view('test', [...])
 6 SYSTEMPATH\CodeIgniter.php(896): App\Controllers\Home->index()
 7 SYSTEMPATH\CodeIgniter.php(466): CodeIgniter\CodeIgniter->runController(Object(App\Controllers\Home))
 8 SYSTEMPATH\CodeIgniter.php(349): CodeIgniter\CodeIgniter->handleRequest(null, Object(Config\Cache), false)
 9 FCPATH\index.php(55): CodeIgniter\CodeIgniter->run()
CRITICAL - 2022-07-25 15:00:51 --> Undefined variable $num
in APPPATH\Views\test.php on line 15.
 1 APPPATH\Views\test.php(15): CodeIgniter\Debug\Exceptions->errorHandler(2, 'Undefined variable $num', 'APPPATH\\Views\\test.php', 15)
 2 SYSTEMPATH\View\View.php(213): include('APPPATH\\Views\\test.php')
 3 SYSTEMPATH\View\View.php(216): CodeIgniter\View\View->CodeIgniter\View\{closure}()
 4 SYSTEMPATH\Common.php(1135): CodeIgniter\View\View->render('test', [], true)
 5 APPPATH\Controllers\Home.php(33): view('test', [...])
 6 SYSTEMPATH\CodeIgniter.php(896): App\Controllers\Home->index()
 7 SYSTEMPATH\CodeIgniter.php(466): CodeIgniter\CodeIgniter->runController(Object(App\Controllers\Home))
 8 SYSTEMPATH\CodeIgniter.php(349): CodeIgniter\CodeIgniter->handleRequest(null, Object(Config\Cache), false)
 9 FCPATH\index.php(55): CodeIgniter\CodeIgniter->run()
CRITICAL - 2022-07-25 15:08:32 --> Invalid file: home_page.php
in SYSTEMPATH\Exceptions\FrameworkException.php on line 33.
 1 SYSTEMPATH\View\View.php(201): CodeIgniter\Exceptions\FrameworkException::forInvalidFile('home_page.php')
 2 SYSTEMPATH\Common.php(1135): CodeIgniter\View\View->render('home_page', [], true)
 3 APPPATH\Controllers\Home.php(26): view('home_page', [...])
 4 SYSTEMPATH\CodeIgniter.php(896): App\Controllers\Home->index()
 5 SYSTEMPATH\CodeIgniter.php(466): CodeIgniter\CodeIgniter->runController(Object(App\Controllers\Home))
 6 SYSTEMPATH\CodeIgniter.php(349): CodeIgniter\CodeIgniter->handleRequest(null, Object(Config\Cache), false)
 7 FCPATH\index.php(55): CodeIgniter\CodeIgniter->run()
CRITICAL - 2022-07-25 15:09:08 --> Invalid file: home_page/home_page.php
in SYSTEMPATH\Exceptions\FrameworkException.php on line 33.
 1 SYSTEMPATH\View\View.php(201): CodeIgniter\Exceptions\FrameworkException::forInvalidFile('home_page/home_page.php')
 2 SYSTEMPATH\Common.php(1135): CodeIgniter\View\View->render('home_page/home_page', [], true)
 3 APPPATH\Controllers\Home.php(27): view('home_page/home_page', [...])
 4 SYSTEMPATH\CodeIgniter.php(896): App\Controllers\Home->index()
 5 SYSTEMPATH\CodeIgniter.php(466): CodeIgniter\CodeIgniter->runController(Object(App\Controllers\Home))
 6 SYSTEMPATH\CodeIgniter.php(349): CodeIgniter\CodeIgniter->handleRequest(null, Object(Config\Cache), false)
 7 FCPATH\index.php(55): CodeIgniter\CodeIgniter->run()
