CRITICAL - 2022-08-02 12:06:48 --> Attempt to read property "id" on null
in APPPATH\Views\updating\update_users.php on line 37.
 1 APPPATH\Views\updating\update_users.php(37): CodeIgniter\Debug\Exceptions->errorHandler(2, 'Attempt to read property "id" on null', 'APPPATH\\Views\\updating\\update_users.php', 37)
 2 SYSTEMPATH\View\View.php(213): include('APPPATH\\Views\\updating\\update_users.php')
 3 SYSTEMPATH\View\View.php(216): CodeIgniter\View\View->CodeIgniter\View\{closure}()
 4 SYSTEMPATH\Common.php(1135): CodeIgniter\View\View->render('updating/update_users', [], true)
 5 APPPATH\Controllers\Home.php(82): view('updating/update_users', [...])
 6 SYSTEMPATH\CodeIgniter.php(896): App\Controllers\Home->updateSearch()
 7 SYSTEMPATH\CodeIgniter.php(466): CodeIgniter\CodeIgniter->runController(Object(App\Controllers\Home))
 8 SYSTEMPATH\CodeIgniter.php(349): CodeIgniter\CodeIgniter->handleRequest(null, Object(Config\Cache), false)
 9 FCPATH\index.php(55): CodeIgniter\CodeIgniter->run()
CRITICAL - 2022-08-02 12:06:52 --> Attempt to read property "id" on null
in APPPATH\Views\updating\update_users.php on line 37.
 1 APPPATH\Views\updating\update_users.php(37): CodeIgniter\Debug\Exceptions->errorHandler(2, 'Attempt to read property "id" on null', 'APPPATH\\Views\\updating\\update_users.php', 37)
 2 SYSTEMPATH\View\View.php(213): include('APPPATH\\Views\\updating\\update_users.php')
 3 SYSTEMPATH\View\View.php(216): CodeIgniter\View\View->CodeIgniter\View\{closure}()
 4 SYSTEMPATH\Common.php(1135): CodeIgniter\View\View->render('updating/update_users', [], true)
 5 APPPATH\Controllers\Home.php(82): view('updating/update_users', [...])
 6 SYSTEMPATH\CodeIgniter.php(896): App\Controllers\Home->updateSearch()
 7 SYSTEMPATH\CodeIgniter.php(466): CodeIgniter\CodeIgniter->runController(Object(App\Controllers\Home))
 8 SYSTEMPATH\CodeIgniter.php(349): CodeIgniter\CodeIgniter->handleRequest(null, Object(Config\Cache), false)
 9 FCPATH\index.php(55): CodeIgniter\CodeIgniter->run()
CRITICAL - 2022-08-02 12:07:21 --> Attempt to read property "id" on null
in APPPATH\Views\updating\update_users.php on line 37.
 1 APPPATH\Views\updating\update_users.php(37): CodeIgniter\Debug\Exceptions->errorHandler(2, 'Attempt to read property "id" on null', 'APPPATH\\Views\\updating\\update_users.php', 37)
 2 SYSTEMPATH\View\View.php(213): include('APPPATH\\Views\\updating\\update_users.php')
 3 SYSTEMPATH\View\View.php(216): CodeIgniter\View\View->CodeIgniter\View\{closure}()
 4 SYSTEMPATH\Common.php(1135): CodeIgniter\View\View->render('updating/update_users', [], true)
 5 APPPATH\Controllers\Home.php(82): view('updating/update_users', [...])
 6 SYSTEMPATH\CodeIgniter.php(896): App\Controllers\Home->updateSearch()
 7 SYSTEMPATH\CodeIgniter.php(466): CodeIgniter\CodeIgniter->runController(Object(App\Controllers\Home))
 8 SYSTEMPATH\CodeIgniter.php(349): CodeIgniter\CodeIgniter->handleRequest(null, Object(Config\Cache), false)
 9 FCPATH\index.php(55): CodeIgniter\CodeIgniter->run()
CRITICAL - 2022-08-02 12:07:50 --> Attempt to read property "id" on null
in APPPATH\Views\updating\update_users.php on line 37.
 1 APPPATH\Views\updating\update_users.php(37): CodeIgniter\Debug\Exceptions->errorHandler(2, 'Attempt to read property "id" on null', 'APPPATH\\Views\\updating\\update_users.php', 37)
 2 SYSTEMPATH\View\View.php(213): include('APPPATH\\Views\\updating\\update_users.php')
 3 SYSTEMPATH\View\View.php(216): CodeIgniter\View\View->CodeIgniter\View\{closure}()
 4 SYSTEMPATH\Common.php(1135): CodeIgniter\View\View->render('updating/update_users', [], true)
 5 APPPATH\Controllers\Home.php(82): view('updating/update_users', [...])
 6 SYSTEMPATH\CodeIgniter.php(896): App\Controllers\Home->updateSearch()
 7 SYSTEMPATH\CodeIgniter.php(466): CodeIgniter\CodeIgniter->runController(Object(App\Controllers\Home))
 8 SYSTEMPATH\CodeIgniter.php(349): CodeIgniter\CodeIgniter->handleRequest(null, Object(Config\Cache), false)
 9 FCPATH\index.php(55): CodeIgniter\CodeIgniter->run()
CRITICAL - 2022-08-02 12:45:18 --> Attempt to read property "id" on null
in APPPATH\Views\updating\update_users.php on line 37.
 1 APPPATH\Views\updating\update_users.php(37): CodeIgniter\Debug\Exceptions->errorHandler(2, 'Attempt to read property "id" on null', 'APPPATH\\Views\\updating\\update_users.php', 37)
 2 SYSTEMPATH\View\View.php(213): include('APPPATH\\Views\\updating\\update_users.php')
 3 SYSTEMPATH\View\View.php(216): CodeIgniter\View\View->CodeIgniter\View\{closure}()
 4 SYSTEMPATH\Common.php(1135): CodeIgniter\View\View->render('updating/update_users', [], true)
 5 APPPATH\Controllers\Home.php(82): view('updating/update_users', [...])
 6 SYSTEMPATH\CodeIgniter.php(896): App\Controllers\Home->updateSearch()
 7 SYSTEMPATH\CodeIgniter.php(466): CodeIgniter\CodeIgniter->runController(Object(App\Controllers\Home))
 8 SYSTEMPATH\CodeIgniter.php(349): CodeIgniter\CodeIgniter->handleRequest(null, Object(Config\Cache), false)
 9 FCPATH\index.php(55): CodeIgniter\CodeIgniter->run()
CRITICAL - 2022-08-02 12:48:36 --> Attempt to read property "id" on null
in APPPATH\Views\updating\update_users.php on line 37.
 1 APPPATH\Views\updating\update_users.php(37): CodeIgniter\Debug\Exceptions->errorHandler(2, 'Attempt to read property "id" on null', 'APPPATH\\Views\\updating\\update_users.php', 37)
 2 SYSTEMPATH\View\View.php(213): include('APPPATH\\Views\\updating\\update_users.php')
 3 SYSTEMPATH\View\View.php(216): CodeIgniter\View\View->CodeIgniter\View\{closure}()
 4 SYSTEMPATH\Common.php(1135): CodeIgniter\View\View->render('updating/update_users', [], true)
 5 APPPATH\Controllers\Home.php(82): view('updating/update_users', [...])
 6 SYSTEMPATH\CodeIgniter.php(896): App\Controllers\Home->updateSearch()
 7 SYSTEMPATH\CodeIgniter.php(466): CodeIgniter\CodeIgniter->runController(Object(App\Controllers\Home))
 8 SYSTEMPATH\CodeIgniter.php(349): CodeIgniter\CodeIgniter->handleRequest(null, Object(Config\Cache), false)
 9 FCPATH\index.php(55): CodeIgniter\CodeIgniter->run()
