CRITICAL - 2023-02-09 15:11:44 --> Class "App\Models\Others" not found
in APPPATH/Controllers/Home.php on line 26.
 1 SYSTEMPATH/CodeIgniter.php(934): App\Controllers\Home->index()
 2 SYSTEMPATH/CodeIgniter.php(499): CodeIgniter\CodeIgniter->runController()
 3 SYSTEMPATH/CodeIgniter.php(368): CodeIgniter\CodeIgniter->handleRequest()
 4 FCPATH/index.php(67): CodeIgniter\CodeIgniter->run()
CRITICAL - 2023-02-09 10:12:16 --> Call to undefined function form_open()
in APPPATH/Views/studentFinder.php on line 4.
 1 SYSTEMPATH/View/View.php(213): include()
 2 SYSTEMPATH/View/View.php(216): CodeIgniter\View\View->CodeIgniter\View\{closure}()
 3 SYSTEMPATH/Common.php(1177): CodeIgniter\View\View->render()
 4 APPPATH/Views/nav2.php(95): view()
 5 SYSTEMPATH/View/View.php(213): include('APPPATH/Views/nav2.php')
 6 SYSTEMPATH/View/View.php(216): CodeIgniter\View\View->CodeIgniter\View\{closure}()
 7 SYSTEMPATH/Common.php(1177): CodeIgniter\View\View->render()
 8 APPPATH/Views/header.php(31): view()
 9 SYSTEMPATH/View/View.php(213): include('APPPATH/Views/header.php')
10 SYSTEMPATH/View/View.php(216): CodeIgniter\View\View->CodeIgniter\View\{closure}()
11 SYSTEMPATH/Common.php(1177): CodeIgniter\View\View->render()
12 APPPATH/Controllers/Home.php(29): view()
13 SYSTEMPATH/CodeIgniter.php(934): App\Controllers\Home->index()
14 SYSTEMPATH/CodeIgniter.php(499): CodeIgniter\CodeIgniter->runController()
15 SYSTEMPATH/CodeIgniter.php(368): CodeIgniter\CodeIgniter->handleRequest()
16 FCPATH/index.php(67): CodeIgniter\CodeIgniter->run()
CRITICAL - 2023-02-09 10:12:52 --> Call to undefined function form_open()
in APPPATH/Views/studentFinder.php on line 4.
 1 SYSTEMPATH/View/View.php(213): include()
 2 SYSTEMPATH/View/View.php(216): CodeIgniter\View\View->CodeIgniter\View\{closure}()
 3 SYSTEMPATH/Common.php(1177): CodeIgniter\View\View->render()
 4 APPPATH/Views/nav2.php(95): view()
 5 SYSTEMPATH/View/View.php(213): include('APPPATH/Views/nav2.php')
 6 SYSTEMPATH/View/View.php(216): CodeIgniter\View\View->CodeIgniter\View\{closure}()
 7 SYSTEMPATH/Common.php(1177): CodeIgniter\View\View->render()
 8 APPPATH/Views/header.php(31): view()
 9 SYSTEMPATH/View/View.php(213): include('APPPATH/Views/header.php')
10 SYSTEMPATH/View/View.php(216): CodeIgniter\View\View->CodeIgniter\View\{closure}()
11 SYSTEMPATH/Common.php(1177): CodeIgniter\View\View->render()
12 APPPATH/Controllers/Home.php(30): view()
13 SYSTEMPATH/CodeIgniter.php(934): App\Controllers\Home->index()
14 SYSTEMPATH/CodeIgniter.php(499): CodeIgniter\CodeIgniter->runController()
15 SYSTEMPATH/CodeIgniter.php(368): CodeIgniter\CodeIgniter->handleRequest()
16 FCPATH/index.php(67): CodeIgniter\CodeIgniter->run()
CRITICAL - 2023-02-09 10:12:59 --> Call to undefined function form_open()
in APPPATH/Views/studentFinder.php on line 4.
 1 SYSTEMPATH/View/View.php(213): include()
 2 SYSTEMPATH/View/View.php(216): CodeIgniter\View\View->CodeIgniter\View\{closure}()
 3 SYSTEMPATH/Common.php(1177): CodeIgniter\View\View->render()
 4 APPPATH/Views/nav2.php(95): view()
 5 SYSTEMPATH/View/View.php(213): include('APPPATH/Views/nav2.php')
 6 SYSTEMPATH/View/View.php(216): CodeIgniter\View\View->CodeIgniter\View\{closure}()
 7 SYSTEMPATH/Common.php(1177): CodeIgniter\View\View->render()
 8 APPPATH/Views/header.php(31): view()
 9 SYSTEMPATH/View/View.php(213): include('APPPATH/Views/header.php')
10 SYSTEMPATH/View/View.php(216): CodeIgniter\View\View->CodeIgniter\View\{closure}()
11 SYSTEMPATH/Common.php(1177): CodeIgniter\View\View->render()
12 APPPATH/Controllers/Home.php(30): view()
13 SYSTEMPATH/CodeIgniter.php(934): App\Controllers\Home->index()
14 SYSTEMPATH/CodeIgniter.php(499): CodeIgniter\CodeIgniter->runController()
15 SYSTEMPATH/CodeIgniter.php(368): CodeIgniter\CodeIgniter->handleRequest()
16 FCPATH/index.php(67): CodeIgniter\CodeIgniter->run()
CRITICAL - 2023-02-09 10:14:14 --> Call to undefined function form_open()
in APPPATH/Views/studentFinder.php on line 4.
 1 SYSTEMPATH/View/View.php(213): include()
 2 SYSTEMPATH/View/View.php(216): CodeIgniter\View\View->CodeIgniter\View\{closure}()
 3 SYSTEMPATH/Common.php(1177): CodeIgniter\View\View->render()
 4 APPPATH/Views/nav2.php(95): view()
 5 SYSTEMPATH/View/View.php(213): include('APPPATH/Views/nav2.php')
 6 SYSTEMPATH/View/View.php(216): CodeIgniter\View\View->CodeIgniter\View\{closure}()
 7 SYSTEMPATH/Common.php(1177): CodeIgniter\View\View->render()
 8 APPPATH/Views/header.php(31): view()
 9 SYSTEMPATH/View/View.php(213): include('APPPATH/Views/header.php')
10 SYSTEMPATH/View/View.php(216): CodeIgniter\View\View->CodeIgniter\View\{closure}()
11 SYSTEMPATH/Common.php(1177): CodeIgniter\View\View->render()
12 APPPATH/Controllers/Home.php(30): view()
13 SYSTEMPATH/CodeIgniter.php(934): App\Controllers\Home->index()
14 SYSTEMPATH/CodeIgniter.php(499): CodeIgniter\CodeIgniter->runController()
15 SYSTEMPATH/CodeIgniter.php(368): CodeIgniter\CodeIgniter->handleRequest()
16 FCPATH/index.php(67): CodeIgniter\CodeIgniter->run()
CRITICAL - 2023-02-09 10:14:35 --> Call to undefined function form_open()
in APPPATH/Views/studentFinder.php on line 4.
 1 SYSTEMPATH/View/View.php(213): include()
 2 SYSTEMPATH/View/View.php(216): CodeIgniter\View\View->CodeIgniter\View\{closure}()
 3 SYSTEMPATH/Common.php(1177): CodeIgniter\View\View->render()
 4 APPPATH/Views/nav2.php(95): view()
 5 SYSTEMPATH/View/View.php(213): include('APPPATH/Views/nav2.php')
 6 SYSTEMPATH/View/View.php(216): CodeIgniter\View\View->CodeIgniter\View\{closure}()
 7 SYSTEMPATH/Common.php(1177): CodeIgniter\View\View->render()
 8 APPPATH/Views/header.php(31): view()
 9 SYSTEMPATH/View/View.php(213): include('APPPATH/Views/header.php')
10 SYSTEMPATH/View/View.php(216): CodeIgniter\View\View->CodeIgniter\View\{closure}()
11 SYSTEMPATH/Common.php(1177): CodeIgniter\View\View->render()
12 APPPATH/Controllers/Home.php(30): view()
13 SYSTEMPATH/CodeIgniter.php(934): App\Controllers\Home->index()
14 SYSTEMPATH/CodeIgniter.php(499): CodeIgniter\CodeIgniter->runController()
15 SYSTEMPATH/CodeIgniter.php(368): CodeIgniter\CodeIgniter->handleRequest()
16 FCPATH/index.php(67): CodeIgniter\CodeIgniter->run()
CRITICAL - 2023-02-09 10:14:46 --> Call to undefined function form_open()
in APPPATH/Views/studentFinder.php on line 4.
 1 SYSTEMPATH/View/View.php(213): include()
 2 SYSTEMPATH/View/View.php(216): CodeIgniter\View\View->CodeIgniter\View\{closure}()
 3 SYSTEMPATH/Common.php(1177): CodeIgniter\View\View->render()
 4 APPPATH/Views/nav2.php(95): view()
 5 SYSTEMPATH/View/View.php(213): include('APPPATH/Views/nav2.php')
 6 SYSTEMPATH/View/View.php(216): CodeIgniter\View\View->CodeIgniter\View\{closure}()
 7 SYSTEMPATH/Common.php(1177): CodeIgniter\View\View->render()
 8 APPPATH/Views/header.php(31): view()
 9 SYSTEMPATH/View/View.php(213): include('APPPATH/Views/header.php')
10 SYSTEMPATH/View/View.php(216): CodeIgniter\View\View->CodeIgniter\View\{closure}()
11 SYSTEMPATH/Common.php(1177): CodeIgniter\View\View->render()
12 APPPATH/Controllers/Home.php(30): view()
13 SYSTEMPATH/CodeIgniter.php(934): App\Controllers\Home->index()
14 SYSTEMPATH/CodeIgniter.php(499): CodeIgniter\CodeIgniter->runController()
15 SYSTEMPATH/CodeIgniter.php(368): CodeIgniter\CodeIgniter->handleRequest()
16 FCPATH/index.php(67): CodeIgniter\CodeIgniter->run()
CRITICAL - 2023-02-09 10:15:08 --> Call to undefined function form_open()
in APPPATH/Views/studentFinder.php on line 4.
 1 SYSTEMPATH/View/View.php(213): include()
 2 SYSTEMPATH/View/View.php(216): CodeIgniter\View\View->CodeIgniter\View\{closure}()
 3 SYSTEMPATH/Common.php(1177): CodeIgniter\View\View->render()
 4 APPPATH/Views/nav2.php(95): view()
 5 SYSTEMPATH/View/View.php(213): include('APPPATH/Views/nav2.php')
 6 SYSTEMPATH/View/View.php(216): CodeIgniter\View\View->CodeIgniter\View\{closure}()
 7 SYSTEMPATH/Common.php(1177): CodeIgniter\View\View->render()
 8 APPPATH/Views/header.php(31): view()
 9 SYSTEMPATH/View/View.php(213): include('APPPATH/Views/header.php')
10 SYSTEMPATH/View/View.php(216): CodeIgniter\View\View->CodeIgniter\View\{closure}()
11 SYSTEMPATH/Common.php(1177): CodeIgniter\View\View->render()
12 APPPATH/Controllers/Home.php(30): view()
13 SYSTEMPATH/CodeIgniter.php(934): App\Controllers\Home->index()
14 SYSTEMPATH/CodeIgniter.php(499): CodeIgniter\CodeIgniter->runController()
15 SYSTEMPATH/CodeIgniter.php(368): CodeIgniter\CodeIgniter->handleRequest()
16 FCPATH/index.php(67): CodeIgniter\CodeIgniter->run()
CRITICAL - 2023-02-09 10:15:48 --> Undefined variable $session
in APPPATH/Views/studentFinder.php on line 9.
 1 APPPATH/Views/studentFinder.php(9): CodeIgniter\Debug\Exceptions->errorHandler()
 2 SYSTEMPATH/View/View.php(213): include('APPPATH/Views/studentFinder.php')
 3 SYSTEMPATH/View/View.php(216): CodeIgniter\View\View->CodeIgniter\View\{closure}()
 4 SYSTEMPATH/Common.php(1177): CodeIgniter\View\View->render()
 5 APPPATH/Views/nav2.php(95): view()
 6 SYSTEMPATH/View/View.php(213): include('APPPATH/Views/nav2.php')
 7 SYSTEMPATH/View/View.php(216): CodeIgniter\View\View->CodeIgniter\View\{closure}()
 8 SYSTEMPATH/Common.php(1177): CodeIgniter\View\View->render()
 9 APPPATH/Views/header.php(31): view()
10 SYSTEMPATH/View/View.php(213): include('APPPATH/Views/header.php')
11 SYSTEMPATH/View/View.php(216): CodeIgniter\View\View->CodeIgniter\View\{closure}()
12 SYSTEMPATH/Common.php(1177): CodeIgniter\View\View->render()
13 APPPATH/Controllers/Home.php(31): view()
14 SYSTEMPATH/CodeIgniter.php(934): App\Controllers\Home->index()
15 SYSTEMPATH/CodeIgniter.php(499): CodeIgniter\CodeIgniter->runController()
16 SYSTEMPATH/CodeIgniter.php(368): CodeIgniter\CodeIgniter->handleRequest()
17 FCPATH/index.php(67): CodeIgniter\CodeIgniter->run()
CRITICAL - 2023-02-09 10:17:15 --> Invalid file: "guestFinder.php"
in SYSTEMPATH/Exceptions/FrameworkException.php on line 33.
 1 SYSTEMPATH/View/View.php(201): CodeIgniter\Exceptions\FrameworkException::forInvalidFile()
 2 SYSTEMPATH/Common.php(1177): CodeIgniter\View\View->render()
 3 APPPATH/Views/nav2.php(96): view()
 4 SYSTEMPATH/View/View.php(213): include('APPPATH/Views/nav2.php')
 5 SYSTEMPATH/View/View.php(216): CodeIgniter\View\View->CodeIgniter\View\{closure}()
 6 SYSTEMPATH/Common.php(1177): CodeIgniter\View\View->render()
 7 APPPATH/Views/header.php(31): view()
 8 SYSTEMPATH/View/View.php(213): include('APPPATH/Views/header.php')
 9 SYSTEMPATH/View/View.php(216): CodeIgniter\View\View->CodeIgniter\View\{closure}()
10 SYSTEMPATH/Common.php(1177): CodeIgniter\View\View->render()
11 APPPATH/Controllers/Home.php(31): view()
12 SYSTEMPATH/CodeIgniter.php(934): App\Controllers\Home->index()
13 SYSTEMPATH/CodeIgniter.php(499): CodeIgniter\CodeIgniter->runController()
14 SYSTEMPATH/CodeIgniter.php(368): CodeIgniter\CodeIgniter->handleRequest()
15 FCPATH/index.php(67): CodeIgniter\CodeIgniter->run()
CRITICAL - 2023-02-09 10:46:27 --> Invalid file: "guestFinder.php"
in SYSTEMPATH/Exceptions/FrameworkException.php on line 33.
 1 SYSTEMPATH/View/View.php(201): CodeIgniter\Exceptions\FrameworkException::forInvalidFile()
 2 SYSTEMPATH/Common.php(1177): CodeIgniter\View\View->render()
 3 APPPATH/Views/nav2.php(96): view()
 4 SYSTEMPATH/View/View.php(213): include('APPPATH/Views/nav2.php')
 5 SYSTEMPATH/View/View.php(216): CodeIgniter\View\View->CodeIgniter\View\{closure}()
 6 SYSTEMPATH/Common.php(1177): CodeIgniter\View\View->render()
 7 APPPATH/Views/header.php(31): view()
 8 SYSTEMPATH/View/View.php(213): include('APPPATH/Views/header.php')
 9 SYSTEMPATH/View/View.php(216): CodeIgniter\View\View->CodeIgniter\View\{closure}()
10 SYSTEMPATH/Common.php(1177): CodeIgniter\View\View->render()
11 APPPATH/Controllers/Home.php(31): view()
12 SYSTEMPATH/CodeIgniter.php(934): App\Controllers\Home->index()
13 SYSTEMPATH/CodeIgniter.php(499): CodeIgniter\CodeIgniter->runController()
14 SYSTEMPATH/CodeIgniter.php(368): CodeIgniter\CodeIgniter->handleRequest()
15 FCPATH/index.php(67): CodeIgniter\CodeIgniter->run()
CRITICAL - 2023-02-09 11:08:43 --> Invalid file: "guestFinder.php"
in SYSTEMPATH/Exceptions/FrameworkException.php on line 33.
 1 SYSTEMPATH/View/View.php(201): CodeIgniter\Exceptions\FrameworkException::forInvalidFile()
 2 SYSTEMPATH/Common.php(1177): CodeIgniter\View\View->render()
 3 APPPATH/Views/nav2.php(97): view()
 4 SYSTEMPATH/View/View.php(213): include('APPPATH/Views/nav2.php')
 5 SYSTEMPATH/View/View.php(216): CodeIgniter\View\View->CodeIgniter\View\{closure}()
 6 SYSTEMPATH/Common.php(1177): CodeIgniter\View\View->render()
 7 APPPATH/Views/header.php(29): view()
 8 SYSTEMPATH/View/View.php(213): include('APPPATH/Views/header.php')
 9 SYSTEMPATH/View/View.php(216): CodeIgniter\View\View->CodeIgniter\View\{closure}()
10 SYSTEMPATH/Common.php(1177): CodeIgniter\View\View->render()
11 APPPATH/Controllers/Home.php(32): view()
12 SYSTEMPATH/CodeIgniter.php(934): App\Controllers\Home->index()
13 SYSTEMPATH/CodeIgniter.php(499): CodeIgniter\CodeIgniter->runController()
14 SYSTEMPATH/CodeIgniter.php(368): CodeIgniter\CodeIgniter->handleRequest()
15 FCPATH/index.php(67): CodeIgniter\CodeIgniter->run()
CRITICAL - 2023-02-09 11:23:38 --> Invalid file: "guestFinder.php"
in SYSTEMPATH/Exceptions/FrameworkException.php on line 33.
 1 SYSTEMPATH/View/View.php(201): CodeIgniter\Exceptions\FrameworkException::forInvalidFile()
 2 SYSTEMPATH/Common.php(1177): CodeIgniter\View\View->render()
 3 APPPATH/Views/nav2.php(96): view()
 4 SYSTEMPATH/View/View.php(213): include('APPPATH/Views/nav2.php')
 5 SYSTEMPATH/View/View.php(216): CodeIgniter\View\View->CodeIgniter\View\{closure}()
 6 SYSTEMPATH/Common.php(1177): CodeIgniter\View\View->render()
 7 APPPATH/Views/header.php(29): view()
 8 SYSTEMPATH/View/View.php(213): include('APPPATH/Views/header.php')
 9 SYSTEMPATH/View/View.php(216): CodeIgniter\View\View->CodeIgniter\View\{closure}()
10 SYSTEMPATH/Common.php(1177): CodeIgniter\View\View->render()
11 APPPATH/Controllers/Home.php(32): view()
12 SYSTEMPATH/CodeIgniter.php(934): App\Controllers\Home->index()
13 SYSTEMPATH/CodeIgniter.php(499): CodeIgniter\CodeIgniter->runController()
14 SYSTEMPATH/CodeIgniter.php(368): CodeIgniter\CodeIgniter->handleRequest()
15 FCPATH/index.php(67): CodeIgniter\CodeIgniter->run()
CRITICAL - 2023-02-09 11:24:58 --> Invalid file: "attentionDiv.php"
in SYSTEMPATH/Exceptions/FrameworkException.php on line 33.
 1 SYSTEMPATH/View/View.php(201): CodeIgniter\Exceptions\FrameworkException::forInvalidFile()
 2 SYSTEMPATH/Common.php(1177): CodeIgniter\View\View->render()
 3 APPPATH/Views/home.php(30): view()
 4 SYSTEMPATH/View/View.php(213): include('APPPATH/Views/home.php')
 5 SYSTEMPATH/View/View.php(216): CodeIgniter\View\View->CodeIgniter\View\{closure}()
 6 SYSTEMPATH/Common.php(1177): CodeIgniter\View\View->render()
 7 APPPATH/Controllers/Home.php(34): view()
 8 SYSTEMPATH/CodeIgniter.php(934): App\Controllers\Home->index()
 9 SYSTEMPATH/CodeIgniter.php(499): CodeIgniter\CodeIgniter->runController()
10 SYSTEMPATH/CodeIgniter.php(368): CodeIgniter\CodeIgniter->handleRequest()
11 FCPATH/index.php(67): CodeIgniter\CodeIgniter->run()
CRITICAL - 2023-02-09 11:32:30 --> Invalid file: "attentionDiv.php"
in SYSTEMPATH/Exceptions/FrameworkException.php on line 33.
 1 SYSTEMPATH/View/View.php(201): CodeIgniter\Exceptions\FrameworkException::forInvalidFile()
 2 SYSTEMPATH/Common.php(1177): CodeIgniter\View\View->render()
 3 APPPATH/Views/home.php(30): view()
 4 SYSTEMPATH/View/View.php(213): include('APPPATH/Views/home.php')
 5 SYSTEMPATH/View/View.php(216): CodeIgniter\View\View->CodeIgniter\View\{closure}()
 6 SYSTEMPATH/Common.php(1177): CodeIgniter\View\View->render()
 7 APPPATH/Controllers/Home.php(34): view()
 8 SYSTEMPATH/CodeIgniter.php(934): App\Controllers\Home->index()
 9 SYSTEMPATH/CodeIgniter.php(499): CodeIgniter\CodeIgniter->runController()
10 SYSTEMPATH/CodeIgniter.php(368): CodeIgniter\CodeIgniter->handleRequest()
11 FCPATH/index.php(67): CodeIgniter\CodeIgniter->run()
CRITICAL - 2023-02-09 11:32:53 --> Invalid file: "studentInfo.php"
in SYSTEMPATH/Exceptions/FrameworkException.php on line 33.
 1 SYSTEMPATH/View/View.php(201): CodeIgniter\Exceptions\FrameworkException::forInvalidFile()
 2 SYSTEMPATH/Common.php(1177): CodeIgniter\View\View->render()
 3 APPPATH/Views/home.php(39): view()
 4 SYSTEMPATH/View/View.php(213): include('APPPATH/Views/home.php')
 5 SYSTEMPATH/View/View.php(216): CodeIgniter\View\View->CodeIgniter\View\{closure}()
 6 SYSTEMPATH/Common.php(1177): CodeIgniter\View\View->render()
 7 APPPATH/Controllers/Home.php(34): view()
 8 SYSTEMPATH/CodeIgniter.php(934): App\Controllers\Home->index()
 9 SYSTEMPATH/CodeIgniter.php(499): CodeIgniter\CodeIgniter->runController()
10 SYSTEMPATH/CodeIgniter.php(368): CodeIgniter\CodeIgniter->handleRequest()
11 FCPATH/index.php(67): CodeIgniter\CodeIgniter->run()
CRITICAL - 2023-02-09 11:34:33 --> Invalid file: "guestInfo.php"
in SYSTEMPATH/Exceptions/FrameworkException.php on line 33.
 1 SYSTEMPATH/View/View.php(201): CodeIgniter\Exceptions\FrameworkException::forInvalidFile()
 2 SYSTEMPATH/Common.php(1177): CodeIgniter\View\View->render()
 3 APPPATH/Views/home.php(42): view()
 4 SYSTEMPATH/View/View.php(213): include('APPPATH/Views/home.php')
 5 SYSTEMPATH/View/View.php(216): CodeIgniter\View\View->CodeIgniter\View\{closure}()
 6 SYSTEMPATH/Common.php(1177): CodeIgniter\View\View->render()
 7 APPPATH/Controllers/Home.php(34): view()
 8 SYSTEMPATH/CodeIgniter.php(934): App\Controllers\Home->index()
 9 SYSTEMPATH/CodeIgniter.php(499): CodeIgniter\CodeIgniter->runController()
10 SYSTEMPATH/CodeIgniter.php(368): CodeIgniter\CodeIgniter->handleRequest()
11 FCPATH/index.php(67): CodeIgniter\CodeIgniter->run()
CRITICAL - 2023-02-09 11:34:52 --> Invalid file: "guestInfo.php"
in SYSTEMPATH/Exceptions/FrameworkException.php on line 33.
 1 SYSTEMPATH/View/View.php(201): CodeIgniter\Exceptions\FrameworkException::forInvalidFile()
 2 SYSTEMPATH/Common.php(1177): CodeIgniter\View\View->render()
 3 APPPATH/Views/home.php(42): view()
 4 SYSTEMPATH/View/View.php(213): include('APPPATH/Views/home.php')
 5 SYSTEMPATH/View/View.php(216): CodeIgniter\View\View->CodeIgniter\View\{closure}()
 6 SYSTEMPATH/Common.php(1177): CodeIgniter\View\View->render()
 7 APPPATH/Controllers/Home.php(34): view()
 8 SYSTEMPATH/CodeIgniter.php(934): App\Controllers\Home->index()
 9 SYSTEMPATH/CodeIgniter.php(499): CodeIgniter\CodeIgniter->runController()
10 SYSTEMPATH/CodeIgniter.php(368): CodeIgniter\CodeIgniter->handleRequest()
11 FCPATH/index.php(67): CodeIgniter\CodeIgniter->run()
CRITICAL - 2023-02-09 16:52:09 --> include(styles/navStyle.css): Failed to open stream: No such file or directory
in APPPATH/Views/header.php on line 7.
 1 APPPATH/Views/header.php(7): CodeIgniter\Debug\Exceptions->errorHandler()
 2 APPPATH/Views/header.php(7): include()
 3 SYSTEMPATH/View/View.php(213): include('APPPATH/Views/header.php')
 4 SYSTEMPATH/View/View.php(216): CodeIgniter\View\View->CodeIgniter\View\{closure}()
 5 SYSTEMPATH/Common.php(1177): CodeIgniter\View\View->render()
 6 APPPATH/Controllers/Home.php(32): view()
 7 SYSTEMPATH/CodeIgniter.php(934): App\Controllers\Home->index()
 8 SYSTEMPATH/CodeIgniter.php(499): CodeIgniter\CodeIgniter->runController()
 9 SYSTEMPATH/CodeIgniter.php(368): CodeIgniter\CodeIgniter->handleRequest()
10 FCPATH/index.php(67): CodeIgniter\CodeIgniter->run()
CRITICAL - 2023-02-09 16:52:12 --> include(styles/navStyle.css): Failed to open stream: No such file or directory
in APPPATH/Views/header.php on line 7.
 1 APPPATH/Views/header.php(7): CodeIgniter\Debug\Exceptions->errorHandler()
 2 APPPATH/Views/header.php(7): include()
 3 SYSTEMPATH/View/View.php(213): include('APPPATH/Views/header.php')
 4 SYSTEMPATH/View/View.php(216): CodeIgniter\View\View->CodeIgniter\View\{closure}()
 5 SYSTEMPATH/Common.php(1177): CodeIgniter\View\View->render()
 6 APPPATH/Controllers/Home.php(32): view()
 7 SYSTEMPATH/CodeIgniter.php(934): App\Controllers\Home->index()
 8 SYSTEMPATH/CodeIgniter.php(499): CodeIgniter\CodeIgniter->runController()
 9 SYSTEMPATH/CodeIgniter.php(368): CodeIgniter\CodeIgniter->handleRequest()
10 FCPATH/index.php(67): CodeIgniter\CodeIgniter->run()
CRITICAL - 2023-02-09 16:52:14 --> include(styles/navStyle.css): Failed to open stream: No such file or directory
in APPPATH/Views/header.php on line 7.
 1 APPPATH/Views/header.php(7): CodeIgniter\Debug\Exceptions->errorHandler()
 2 APPPATH/Views/header.php(7): include()
 3 SYSTEMPATH/View/View.php(213): include('APPPATH/Views/header.php')
 4 SYSTEMPATH/View/View.php(216): CodeIgniter\View\View->CodeIgniter\View\{closure}()
 5 SYSTEMPATH/Common.php(1177): CodeIgniter\View\View->render()
 6 APPPATH/Controllers/Home.php(32): view()
 7 SYSTEMPATH/CodeIgniter.php(934): App\Controllers\Home->index()
 8 SYSTEMPATH/CodeIgniter.php(499): CodeIgniter\CodeIgniter->runController()
 9 SYSTEMPATH/CodeIgniter.php(368): CodeIgniter\CodeIgniter->handleRequest()
10 FCPATH/index.php(67): CodeIgniter\CodeIgniter->run()
